2024-04-21 00:10:17,879 [INFO] UtilMem:75 - End SaveConfig() Used Memory: 449315872 Bytes (594542592)
2024-04-21 00:10:17,994 [INFO] UtilMem:75 - End SaveConfig() Used Memory: 462730848 Bytes (594542592)
2024-04-21 00:10:19,329 [INFO] UtilMem:75 - End SaveConfig() Used Memory: 208386840 Bytes (594542592)
2024-04-21 00:10:19,912 [INFO] BlockDiagram:2759 - set Specific Code input for plugin: NVIC
2024-04-21 00:10:19,912 [INFO] BlockDiagram:2759 - set Specific Code input for plugin: SYS
2024-04-21 00:10:19,913 [INFO] BlockDiagram:2759 - set Specific Code input for plugin: GPIO
2024-04-21 00:10:19,913 [INFO] BlockDiagram:2759 - set Specific Code input for plugin: ADC
2024-04-21 00:10:19,913 [INFO] BlockDiagram:2759 - set Specific Code input for plugin: RCC
2024-04-21 00:10:19,915 [INFO] CodeGenerator:807 - code generatio: config db path: C:\ST\STM32CubeIDE_1.15.0\STM32CubeIDE\plugins\com.st.stm32cube.common.mx_6.11.0.202403141607\\db\
2024-04-21 00:10:20,115 [INFO] CodeEngine:255 - oldGeneratedFile, C:\Users\omrvr\STM32CubeIDE\workspace_1.15.0\ADC_Hal_03\MXTmpFiles\license.tmp_save
2024-04-21 00:10:20,525 [INFO] CodeEngine:279 - Generated code: C:\Users\omrvr\STM32CubeIDE\workspace_1.15.0\ADC_Hal_03\MXTmpFiles\license.tmp
2024-04-21 00:10:20,694 [INFO] CodeEngine:255 - oldGeneratedFile, C:\Users\omrvr\STM32CubeIDE\workspace_1.15.0\ADC_Hal_03\MXTmpFiles\gpio.tmp_save
2024-04-21 00:10:20,853 [INFO] CodeEngine:279 - Generated code: C:\Users\omrvr\STM32CubeIDE\workspace_1.15.0\ADC_Hal_03\MXTmpFiles\gpio.tmp
2024-04-21 00:10:21,086 [INFO] CodeEngine:255 - oldGeneratedFile, C:\Users\omrvr\STM32CubeIDE\workspace_1.15.0\ADC_Hal_03\Core\Src\stm32f1xx_it.c_save
2024-04-21 00:10:21,262 [INFO] CodeEngine:279 - Generated code: C:\Users\omrvr\STM32CubeIDE\workspace_1.15.0\ADC_Hal_03\Core\Src\stm32f1xx_it.c
2024-04-21 00:10:21,298 [INFO] CodeEngine:255 - oldGeneratedFile, C:\Users\omrvr\STM32CubeIDE\workspace_1.15.0\ADC_Hal_03\Core\Inc\stm32f1xx_it.h_save
2024-04-21 00:10:21,396 [INFO] CodeEngine:279 - Generated code: C:\Users\omrvr\STM32CubeIDE\workspace_1.15.0\ADC_Hal_03\Core\Inc\stm32f1xx_it.h
2024-04-21 00:10:21,428 [INFO] CodeEngine:255 - oldGeneratedFile, C:\Users\omrvr\STM32CubeIDE\workspace_1.15.0\ADC_Hal_03\Core\Src\stm32f1xx_hal_msp.c_save
2024-04-21 00:10:21,584 [INFO] CodeEngine:279 - Generated code: C:\Users\omrvr\STM32CubeIDE\workspace_1.15.0\ADC_Hal_03\Core\Src\stm32f1xx_hal_msp.c
2024-04-21 00:10:21,594 [INFO] CodeEngine:255 - oldGeneratedFile, C:\Users\omrvr\STM32CubeIDE\workspace_1.15.0\ADC_Hal_03\MXTmpFiles\system.tmp_save
2024-04-21 00:10:21,660 [INFO] CodeEngine:279 - Generated code: C:\Users\omrvr\STM32CubeIDE\workspace_1.15.0\ADC_Hal_03\MXTmpFiles\system.tmp
2024-04-21 00:10:21,696 [INFO] CodeEngine:311 - oldGeneratedFile, C:\Users\omrvr\STM32CubeIDE\workspace_1.15.0\ADC_Hal_03\Core\Inc\stm32f1xx_hal_conf.h_save
2024-04-21 00:10:21,789 [INFO] CodeEngine:335 - Generated code: C:\Users\omrvr\STM32CubeIDE\workspace_1.15.0\ADC_Hal_03\Core\Inc\stm32f1xx_hal_conf.h
2024-04-21 00:10:21,839 [INFO] CodeEngine:255 - oldGeneratedFile, C:\Users\omrvr\STM32CubeIDE\workspace_1.15.0\ADC_Hal_03\Core\Inc\main.h_save
2024-04-21 00:10:21,935 [INFO] CodeEngine:279 - Generated code: C:\Users\omrvr\STM32CubeIDE\workspace_1.15.0\ADC_Hal_03\Core\Inc\main.h
2024-04-21 00:10:21,957 [INFO] CodeEngine:255 - oldGeneratedFile, C:\Users\omrvr\STM32CubeIDE\workspace_1.15.0\ADC_Hal_03\Core\Src\main.c_save
2024-04-21 00:10:22,106 [INFO] CodeEngine:279 - Generated code: C:\Users\omrvr\STM32CubeIDE\workspace_1.15.0\ADC_Hal_03\Core\Src\main.c
2024-04-21 00:10:22,385 [INFO] ProjectBuilder:3163 - Time for Copy HAL[1] : 131mS.
2024-04-21 00:10:22,390 [INFO] ProjectBuilder:4736 - Project Generator version: 4.3.0-B58
2024-04-21 00:10:22,460 [INFO] ConfigFileManager:1503 - The Die is : DIE410
2024-04-21 00:10:22,489 [INFO] ApiDbMcu:508 - Load IP Config File for FATFS
2024-04-21 00:10:22,503 [INFO] ApiDbMcu:508 - Load IP Config File for FREERTOS
2024-04-21 00:10:22,516 [INFO] ApiDbMcu:508 - Load IP Config File for USB_DEVICE
