2024-04-15 22:46:21,957 [INFO] Activator:176 - 


2024-04-15 22:46:21,966 [INFO] Activator:177 - !SESSION log4j initialized
2024-04-15 22:46:28,229 [INFO] LogOutputStream:77 - [STDOUT_REDIRECT] 
2024-04-15 22:46:38,361 [INFO] ApplicationProperties:184 - Using Application install path: C:\ST\STM32CubeIDE_1.15.0\STM32CubeIDE\plugins\com.st.stm32cube.common.mx_6.11.0.202403141607
2024-04-15 22:46:38,382 [INFO] DbMcusXml:78 - Set database path to: C:\ST\STM32CubeIDE_1.15.0\STM32CubeIDE\plugins\com.st.stm32cube.common.mx_6.11.0.202403141607\\db\/mcu/
2024-04-15 22:46:38,382 [INFO] ApiDb:274 - Set plugin database path to: C:\ST\STM32CubeIDE_1.15.0\STM32CubeIDE\plugins\com.st.stm32cube.common.mx_6.11.0.202403141607\\db\/plugins/boardmanager/
2024-04-15 22:46:38,383 [WARN] ApiDb:259 - Overriding images path with different value:  => C:\ST\STM32CubeIDE_1.15.0\STM32CubeIDE\plugins\com.st.stm32cube.common.mx_6.11.0.202403141607\\db\/plugins/mcufinder/images/
2024-04-15 22:46:38,391 [INFO] ApiDb:250 - Set database path to: C:\Users\omrvr\.stmcufinder\plugins\mcufinder//mcu/
2024-04-15 22:46:38,392 [INFO] DbMcusAds:125 - Set database path to: C:\Users\omrvr\.stmcufinder\plugins\mcufinder//mcu/
2024-04-15 22:46:38,395 [INFO] CrossReferenceDbSqlite:203 - Set database path to: C:\Users\omrvr\.stmcufinder\plugins\mcufinder//mcu/cs/
2024-04-15 22:46:38,534 [INFO] RulesReader:64 - Compatibility file has been processed (297 Rules)
2024-04-15 22:46:38,619 [INFO] DbMcusXml:78 - Set database path to: C:\ST\STM32CubeIDE_1.15.0\STM32CubeIDE\plugins\com.st.stm32cube.common.mx_6.11.0.202403141607\\db\/mcu/
2024-04-15 22:46:38,619 [INFO] ApiDb:274 - Set plugin database path to: C:\ST\STM32CubeIDE_1.15.0\STM32CubeIDE\plugins\com.st.stm32cube.common.mx_6.11.0.202403141607\\db\/plugins/boardmanager/
2024-04-15 22:46:38,621 [INFO] ApiDb:261 - Set plugin images path to: C:\ST\STM32CubeIDE_1.15.0\STM32CubeIDE\plugins\com.st.stm32cube.common.mx_6.11.0.202403141607\\db\/plugins/mcufinder/images/
2024-04-15 22:46:38,621 [WARN] DbFile:41 - Overriding database path with different value: C:\Users\omrvr\.stmcufinder\plugins\mcufinder/ => C:\Users\omrvr\.stmcufinder\plugins\mcufinder
2024-04-15 22:46:38,621 [INFO] ApiDb:250 - Set database path to: C:\Users\omrvr\.stmcufinder\plugins\mcufinder//mcu/
2024-04-15 22:46:38,621 [WARN] DbFile:41 - Overriding database path with different value: C:\Users\omrvr\.stmcufinder\plugins\mcufinder/ => C:\Users\omrvr\.stmcufinder\plugins\mcufinder
2024-04-15 22:46:38,621 [INFO] DbMcusAds:125 - Set database path to: C:\Users\omrvr\.stmcufinder\plugins\mcufinder//mcu/
2024-04-15 22:46:38,621 [WARN] DbFile:41 - Overriding database path with different value: C:\Users\omrvr\.stmcufinder\plugins\mcufinder/ => C:\Users\omrvr\.stmcufinder\plugins\mcufinder
2024-04-15 22:46:38,621 [WARN] DbFile:41 - Overriding database path with different value: C:\Users\omrvr\.stmcufinder\plugins\mcufinder/ => C:\Users\omrvr\.stmcufinder\plugins\mcufinder
2024-04-15 22:46:38,621 [INFO] CrossReferenceDbSqlite:203 - Set database path to: C:\Users\omrvr\.stmcufinder\plugins\mcufinder//mcu/cs/
2024-04-15 22:46:38,710 [INFO] MainPanel:264 - HeapMemory: 268435456
2024-04-15 22:46:38,816 [INFO] DbMcusXml:78 - Set database path to: C:\ST\STM32CubeIDE_1.15.0\STM32CubeIDE\plugins\com.st.stm32cube.common.mx_6.11.0.202403141607\\db\/mcu/
2024-04-15 22:46:38,816 [INFO] ApiDb:274 - Set plugin database path to: C:\ST\STM32CubeIDE_1.15.0\STM32CubeIDE\plugins\com.st.stm32cube.common.mx_6.11.0.202403141607\\db\/plugins/boardmanager/
2024-04-15 22:46:38,816 [INFO] ApiDb:261 - Set plugin images path to: C:\ST\STM32CubeIDE_1.15.0\STM32CubeIDE\plugins\com.st.stm32cube.common.mx_6.11.0.202403141607\\db\/plugins/mcufinder/images/
2024-04-15 22:46:38,817 [WARN] DbFile:41 - Overriding database path with different value: C:\Users\omrvr\.stmcufinder\plugins\mcufinder/ => C:\Users\omrvr\.stmcufinder\plugins\mcufinder
2024-04-15 22:46:38,817 [INFO] ApiDb:250 - Set database path to: C:\Users\omrvr\.stmcufinder\plugins\mcufinder//mcu/
2024-04-15 22:46:38,817 [WARN] DbFile:41 - Overriding database path with different value: C:\Users\omrvr\.stmcufinder\plugins\mcufinder/ => C:\Users\omrvr\.stmcufinder\plugins\mcufinder
2024-04-15 22:46:38,817 [INFO] DbMcusAds:125 - Set database path to: C:\Users\omrvr\.stmcufinder\plugins\mcufinder//mcu/
2024-04-15 22:46:38,817 [WARN] DbFile:41 - Overriding database path with different value: C:\Users\omrvr\.stmcufinder\plugins\mcufinder/ => C:\Users\omrvr\.stmcufinder\plugins\mcufinder
2024-04-15 22:46:38,817 [WARN] DbFile:41 - Overriding database path with different value: C:\Users\omrvr\.stmcufinder\plugins\mcufinder/ => C:\Users\omrvr\.stmcufinder\plugins\mcufinder
2024-04-15 22:46:38,817 [INFO] CrossReferenceDbSqlite:203 - Set database path to: C:\Users\omrvr\.stmcufinder\plugins\mcufinder//mcu/cs/
2024-04-15 22:46:38,838 [INFO] ApplicationProperties:184 - Using Application install path: C:\ST\STM32CubeIDE_1.15.0\STM32CubeIDE\plugins\com.st.stm32cube.common.mx_6.11.0.202403141607
2024-04-15 22:46:38,840 [INFO] PluginManage:196 - Search for loadable plugins [exclusion list=, ]
2024-04-15 22:46:38,841 [INFO] PluginManage:310 - Check plugin analytics
2024-04-15 22:46:39,082 [INFO] AnalyticsPlugin:253 - Accepted Software Licenses: 
2024-04-15 22:46:39,082 [INFO] AnalyticsPlugin:255 - Accepted CMSIS Pack Licenses: 
2024-04-15 22:46:39,083 [INFO] AnalyticsPlugin:257 - Accepted Firmware Licenses: 
2024-04-15 22:46:39,086 [INFO] PluginManage:359 - Loaded plugin analytics (category:tool,tabindex:-1)
2024-04-15 22:46:39,087 [INFO] PluginManage:310 - Check plugin cadmodel
2024-04-15 22:46:39,104 [INFO] CADModel:105 - Init CAD model plugin
2024-04-15 22:46:39,104 [INFO] PluginManage:359 - Loaded plugin cadmodel (category:power,tabindex:5)
2024-04-15 22:46:39,104 [INFO] PluginManage:310 - Check plugin clock
2024-04-15 22:46:39,127 [INFO] PluginManage:359 - Loaded plugin clock (category:base,tabindex:2)
2024-04-15 22:46:39,127 [INFO] PluginManage:310 - Check plugin ddr
2024-04-15 22:46:39,131 [INFO] PluginManage:359 - Loaded plugin ddr (category:tool,tabindex:6)
2024-04-15 22:46:39,131 [INFO] PluginManage:310 - Check plugin filemanager
2024-04-15 22:46:39,328 [INFO] PluginManage:359 - Loaded plugin filemanager (category:base,tabindex:10)
2024-04-15 22:46:39,328 [INFO] PluginManage:310 - Check plugin ipmanager
2024-04-15 22:46:39,338 [INFO] PluginManage:359 - Loaded plugin ipmanager (category:base,tabindex:5)
2024-04-15 22:46:39,338 [INFO] PluginManage:310 - Check plugin lpbam
2024-04-15 22:46:39,358 [INFO] PluginManage:359 - Loaded plugin lpbam (category:base,tabindex:0)
2024-04-15 22:46:39,358 [INFO] PluginManage:310 - Check plugin memorymap
2024-04-15 22:46:39,388 [INFO] PluginManage:359 - Loaded plugin memorymap (category:base,tabindex:4)
2024-04-15 22:46:39,388 [INFO] PluginManage:310 - Check plugin pinoutandconfiguration
2024-04-15 22:46:39,409 [INFO] PluginManage:359 - Loaded plugin pinoutandconfiguration (category:base,tabindex:1)
2024-04-15 22:46:39,409 [INFO] PluginManage:310 - Check plugin pinoutconfig
2024-04-15 22:46:39,510 [WARN] SupportedApi:132 - Cannot load RTOS API schema: s4s-elt-must-match.1: The content of 'definitions' must match (annotation?, (simpleType | complexType)?, (unique | key | keyref)*)). A problem was found starting at: attribute.
2024-04-15 22:46:39,647 [INFO] PluginManage:359 - Loaded plugin pinoutconfig (category:base,tabindex:0)
2024-04-15 22:46:39,647 [INFO] PluginManage:310 - Check plugin power
2024-04-15 22:46:39,669 [INFO] PluginManage:359 - Loaded plugin power (category:power,tabindex:4)
2024-04-15 22:46:39,669 [INFO] PluginManage:310 - Check plugin projectmanager
2024-04-15 22:46:39,689 [INFO] PluginManage:359 - Loaded plugin projectmanager (category:projectmanager,tabindex:3)
2024-04-15 22:46:39,689 [INFO] PluginManage:310 - Check plugin thirdparty
2024-04-15 22:46:39,978 [INFO] PluginManage:359 - Loaded plugin thirdparty (category:base,tabindex:-1)
2024-04-15 22:46:39,978 [WARN] IntegrityCheckThread:84 - waiting for thirdparty lock release [integrity check]
2024-04-15 22:46:39,978 [INFO] PluginManage:310 - Check plugin tools
2024-04-15 22:46:39,978 [INFO] IntegrityCheckThread:86 - entering critical section [integrity check]
2024-04-15 22:46:39,978 [INFO] ThirdPartyUpdaterWithRetryManager:70 - Updater plugin not ready yet. [1/15]
2024-04-15 22:46:40,007 [INFO] PluginManage:359 - Loaded plugin tools (category:base,tabindex:7)
2024-04-15 22:46:40,007 [INFO] PluginManage:310 - Check plugin tutovideos
2024-04-15 22:46:40,192 [INFO] PluginManage:359 - Loaded plugin tutovideos (category:base,tabindex:-1)
2024-04-15 22:46:40,192 [INFO] PluginManage:310 - Check plugin updater
2024-04-15 22:46:40,203 [INFO] PluginManage:359 - Loaded plugin updater (category:base,tabindex:12)
2024-04-15 22:46:40,203 [INFO] PluginManage:310 - Check plugin userauth
2024-04-15 22:46:40,210 [INFO] UserAuth:114 - Init User Auth plugin
2024-04-15 22:46:40,210 [INFO] PluginManage:359 - Loaded plugin userauth (category:base,tabindex:14)
2024-04-15 22:46:40,210 [INFO] PluginManage:283 - PluginManage : Loaded plugins [17]
2024-04-15 22:46:40,423 [INFO] PinOutPanel:1561 - setPackage(No Configuration,No Configuration)
2024-04-15 22:46:40,488 [INFO] CADModel:165 - CPN selected for project level
2024-04-15 22:46:40,488 [INFO] CADModel:114 - Register for checkConnection events
2024-04-15 22:46:40,514 [INFO] IPUIPlugin:80 - create IPUIPlugin
2024-04-15 22:46:40,514 [INFO] PluginManager:220 - loadIPPluginJar : add adc
2024-04-15 22:46:40,541 [INFO] IPUIPlugin:80 - create IPUIPlugin
2024-04-15 22:46:40,541 [INFO] PluginManager:220 - loadIPPluginJar : add aes
2024-04-15 22:46:40,572 [INFO] IPUIPlugin:80 - create IPUIPlugin
2024-04-15 22:46:40,572 [INFO] PluginManager:220 - loadIPPluginJar : add can
2024-04-15 22:46:40,588 [INFO] IPUIPlugin:80 - create IPUIPlugin
2024-04-15 22:46:40,588 [INFO] PluginManager:220 - loadIPPluginJar : add comp
2024-04-15 22:46:40,612 [INFO] IPUIPlugin:80 - create IPUIPlugin
2024-04-15 22:46:40,612 [INFO] PluginManager:220 - loadIPPluginJar : add cryp
2024-04-15 22:46:40,632 [INFO] IPUIPlugin:80 - create IPUIPlugin
2024-04-15 22:46:40,633 [INFO] PluginManager:220 - loadIPPluginJar : add dfsdm
2024-04-15 22:46:40,646 [INFO] IPUIPlugin:80 - create IPUIPlugin
2024-04-15 22:46:40,646 [INFO] PluginManager:220 - loadIPPluginJar : add dma
2024-04-15 22:46:40,679 [INFO] IPUIPlugin:80 - create IPUIPlugin
2024-04-15 22:46:40,679 [INFO] PluginManager:220 - loadIPPluginJar : add dma3
2024-04-15 22:46:40,712 [INFO] IPUIPlugin:80 - create IPUIPlugin
2024-04-15 22:46:40,712 [INFO] PluginManager:220 - loadIPPluginJar : add extmemmanager
2024-04-15 22:46:40,727 [INFO] IPUIPlugin:80 - create IPUIPlugin
2024-04-15 22:46:40,727 [INFO] PluginManager:220 - loadIPPluginJar : add fatfs
2024-04-15 22:46:40,761 [INFO] IPUIPlugin:80 - create IPUIPlugin
2024-04-15 22:46:40,761 [INFO] PluginManager:220 - loadIPPluginJar : add fmc
2024-04-15 22:46:40,775 [INFO] IPUIPlugin:80 - create IPUIPlugin
2024-04-15 22:46:40,775 [INFO] PluginManager:220 - loadIPPluginJar : add freertos
2024-04-15 22:46:40,791 [INFO] IPUIPlugin:80 - create IPUIPlugin
2024-04-15 22:46:40,791 [INFO] PluginManager:220 - loadIPPluginJar : add genericplugin
2024-04-15 22:46:40,869 [INFO] IPUIPlugin:80 - create IPUIPlugin
2024-04-15 22:46:40,870 [INFO] PluginManager:220 - loadIPPluginJar : add gfxmmu
2024-04-15 22:46:40,959 [INFO] IPUIPlugin:80 - create IPUIPlugin
2024-04-15 22:46:40,959 [INFO] PluginManager:220 - loadIPPluginJar : add gic
2024-04-15 22:46:40,982 [INFO] IPUIPlugin:80 - create IPUIPlugin
2024-04-15 22:46:40,982 [INFO] PluginManager:220 - loadIPPluginJar : add gpio
2024-04-15 22:46:41,047 [INFO] IPUIPlugin:80 - create IPUIPlugin
2024-04-15 22:46:41,047 [INFO] PluginManager:220 - loadIPPluginJar : add gtzc
2024-04-15 22:46:41,084 [INFO] IPUIPlugin:80 - create IPUIPlugin
2024-04-15 22:46:41,084 [INFO] PluginManager:220 - loadIPPluginJar : add hash
2024-04-15 22:46:41,122 [INFO] IPUIPlugin:80 - create IPUIPlugin
2024-04-15 22:46:41,122 [INFO] PluginManager:220 - loadIPPluginJar : add i2c
2024-04-15 22:46:41,149 [INFO] IPUIPlugin:80 - create IPUIPlugin
2024-04-15 22:46:41,149 [INFO] PluginManager:220 - loadIPPluginJar : add i2s
2024-04-15 22:46:41,177 [INFO] IPUIPlugin:80 - create IPUIPlugin
2024-04-15 22:46:41,177 [INFO] PluginManager:220 - loadIPPluginJar : add i3c
2024-04-15 22:46:41,262 [INFO] IPUIPlugin:80 - create IPUIPlugin
2024-04-15 22:46:41,263 [INFO] PluginManager:220 - loadIPPluginJar : add ipddr
2024-04-15 22:46:41,329 [INFO] IPUIPlugin:80 - create IPUIPlugin
2024-04-15 22:46:41,329 [INFO] PluginManager:220 - loadIPPluginJar : add linkedlist
2024-04-15 22:46:41,354 [INFO] IPUIPlugin:80 - create IPUIPlugin
2024-04-15 22:46:41,354 [INFO] PluginManager:220 - loadIPPluginJar : add lorawan
2024-04-15 22:46:41,380 [INFO] IPUIPlugin:80 - create IPUIPlugin
2024-04-15 22:46:41,380 [INFO] PluginManager:220 - loadIPPluginJar : add ltdc
2024-04-15 22:46:41,392 [INFO] IPUIPlugin:80 - create IPUIPlugin
2024-04-15 22:46:41,392 [INFO] PluginManager:220 - loadIPPluginJar : add mdma
2024-04-15 22:46:41,402 [INFO] IPUIPlugin:80 - create IPUIPlugin
2024-04-15 22:46:41,402 [INFO] PluginManager:220 - loadIPPluginJar : add nvic
2024-04-15 22:46:41,426 [INFO] IPUIPlugin:80 - create IPUIPlugin
2024-04-15 22:46:41,426 [INFO] PluginManager:220 - loadIPPluginJar : add opamp
2024-04-15 22:46:41,464 [INFO] IPUIPlugin:80 - create IPUIPlugin
2024-04-15 22:46:41,465 [INFO] PluginManager:220 - loadIPPluginJar : add openamp
2024-04-15 22:46:41,493 [INFO] IPUIPlugin:80 - create IPUIPlugin
2024-04-15 22:46:41,493 [INFO] PluginManager:220 - loadIPPluginJar : add pdm2pcm
2024-04-15 22:46:41,506 [INFO] IPUIPlugin:80 - create IPUIPlugin
2024-04-15 22:46:41,507 [INFO] PluginManager:220 - loadIPPluginJar : add plateformsettings
2024-04-15 22:46:41,522 [INFO] IPUIPlugin:80 - create IPUIPlugin
2024-04-15 22:46:41,522 [INFO] PluginManager:220 - loadIPPluginJar : add quadspi
2024-04-15 22:46:41,532 [INFO] IPUIPlugin:80 - create IPUIPlugin
2024-04-15 22:46:41,532 [INFO] PluginManager:220 - loadIPPluginJar : add resmgrutility
2024-04-15 22:46:41,566 [INFO] IPUIPlugin:80 - create IPUIPlugin
2024-04-15 22:46:41,566 [INFO] PluginManager:220 - loadIPPluginJar : add sai
2024-04-15 22:46:41,592 [INFO] IPUIPlugin:80 - create IPUIPlugin
2024-04-15 22:46:41,592 [INFO] PluginManager:220 - loadIPPluginJar : add spi
2024-04-15 22:46:41,646 [INFO] IPUIPlugin:80 - create IPUIPlugin
2024-04-15 22:46:41,646 [INFO] PluginManager:220 - loadIPPluginJar : add stm32_wpan
2024-04-15 22:46:41,678 [INFO] IPUIPlugin:80 - create IPUIPlugin
2024-04-15 22:46:41,678 [INFO] PluginManager:220 - loadIPPluginJar : add tim
2024-04-15 22:46:41,721 [INFO] IPUIPlugin:80 - create IPUIPlugin
2024-04-15 22:46:41,721 [INFO] PluginManager:220 - loadIPPluginJar : add touchsensing
2024-04-15 22:46:41,738 [INFO] IPUIPlugin:80 - create IPUIPlugin
2024-04-15 22:46:41,738 [INFO] PluginManager:220 - loadIPPluginJar : add tracer_emb
2024-04-15 22:46:41,754 [INFO] IPUIPlugin:80 - create IPUIPlugin
2024-04-15 22:46:41,754 [INFO] PluginManager:220 - loadIPPluginJar : add ts
2024-04-15 22:46:41,770 [INFO] IPUIPlugin:80 - create IPUIPlugin
2024-04-15 22:46:41,770 [INFO] PluginManager:220 - loadIPPluginJar : add tsc
2024-04-15 22:46:41,786 [INFO] IPUIPlugin:80 - create IPUIPlugin
2024-04-15 22:46:41,786 [INFO] PluginManager:220 - loadIPPluginJar : add ucpd
2024-04-15 22:46:41,817 [INFO] IPUIPlugin:80 - create IPUIPlugin
2024-04-15 22:46:41,817 [INFO] PluginManager:220 - loadIPPluginJar : add usart
2024-04-15 22:46:41,846 [INFO] IPUIPlugin:80 - create IPUIPlugin
2024-04-15 22:46:41,846 [INFO] PluginManager:220 - loadIPPluginJar : add usbx
2024-04-15 22:46:41,963 [INFO] CADModel:165 - CPN selected for project level
2024-04-15 22:46:41,963 [INFO] CADModel:114 - Register for checkConnection events
2024-04-15 22:46:41,964 [FATAL] Updater:308 - Updater called before beeing initialized
2024-04-15 22:46:41,964 [ERROR] CADModel:125 - Updater not yet initialized, retry later 
2024-04-15 22:46:42,142 [INFO] CADModel:165 - CPN selected for project level
2024-04-15 22:46:42,143 [INFO] CADModel:114 - Register for checkConnection events
2024-04-15 22:46:42,143 [FATAL] Updater:308 - Updater called before beeing initialized
2024-04-15 22:46:42,143 [ERROR] CADModel:125 - Updater not yet initialized, retry later 
2024-04-15 22:46:42,146 [FATAL] Updater:308 - Updater called before beeing initialized
2024-04-15 22:46:42,260 [FATAL] Updater:308 - Updater called before beeing initialized
2024-04-15 22:46:42,273 [INFO] DbMcusAds:53 - JSON generation date=Wed Nov 29 13:52:27 TRT 2023 (1701255147349)
2024-04-15 22:46:42,273 [FATAL] Updater:308 - Updater called before beeing initialized
2024-04-15 22:46:42,360 [WARN] DetailPanel:346 - Failed to get advertising image, set to default
2024-04-15 22:46:42,473 [FATAL] Updater:308 - Updater called before beeing initialized
2024-04-15 22:46:42,475 [FATAL] Updater:308 - Updater called before beeing initialized
2024-04-15 22:46:42,475 [FATAL] Updater:308 - Updater called before beeing initialized
2024-04-15 22:46:42,475 [WARN] DetailPanel:346 - Failed to get advertising image, set to default
2024-04-15 22:46:42,476 [FATAL] Updater:308 - Updater called before beeing initialized
2024-04-15 22:46:42,531 [ERROR] Updater:1120 - MainUpdater not yet initialized. External WinMGr cannot be set.
2024-04-15 22:46:42,542 [INFO] Updater:1056 - Updater Version found : 6.11.0
2024-04-15 22:46:42,563 [INFO] ApplicationProperties:184 - Using Application install path: C:\ST\STM32CubeIDE_1.15.0\STM32CubeIDE\plugins\com.st.stm32cube.common.mx_6.11.0.202403141607
2024-04-15 22:46:42,981 [INFO] ThirdPartyUpdaterWithRetryManager:70 - Updater plugin not ready yet. [2/15]
2024-04-15 22:46:44,159 [ERROR] LogOutputStream:75 - [STDERR_REDIRECT] Apr 15, 2024 10:46:44 PM java.util.prefs.WindowsPreferences <init>
2024-04-15 22:46:44,160 [ERROR] LogOutputStream:75 - [STDERR_REDIRECT] WARNING: Could not open/create prefs root node Software\JavaSoft\Prefs at root 0xffffffff80000002. Windows RegCreateKeyEx(...) returned error code 5.
2024-04-15 22:46:44,160 [ERROR] LogOutputStream:75 - [STDERR_REDIRECT] 
2024-04-15 22:46:44,677 [INFO] MainUpdater:2873 - connection check result : 10
2024-04-15 22:46:44,678 [INFO] MainUpdater:290 - Updater Check For Update Now.
2024-04-15 22:46:44,678 [INFO] MicroXplorer:498 - Change Database Version : DB.6.0.110
2024-04-15 22:46:44,711 [INFO] McuFinderGlobals:63 - Set McuFinder mode to 2 (CubeIDE integrated)
2024-04-15 22:46:44,729 [INFO] UserAuth:415 - Internet connection configuration mode: 1
2024-04-15 22:46:44,786 [INFO] JxBrowserEngine:152 - Initiate JxBrowser Engine with user profile folder
2024-04-15 22:46:44,914 [INFO] CheckServerUpdateThread:120 - End of CheckServer Thread
2024-04-15 22:46:46,140 [WARN] PackLoader:240 - Cannot read IP mode file for STMicroelectronics.X-CUBE-SMBUS.2.1.0
2024-04-15 22:46:46,153 [WARN] PackLoader:240 - Cannot read IP mode file for STMicroelectronics.X-CUBE-TOUCHGFX.4.23.1
2024-04-15 22:46:46,164 [WARN] PackLoader:240 - Cannot read IP mode file for STMicroelectronics.X-CUBE-TOUCHGFX.4.23.2
2024-04-15 22:46:46,201 [WARN] PackLoader:240 - Cannot read IP mode file for STMicroelectronics.X-CUBE-AZRTOS-F7.1.1.0
2024-04-15 22:46:46,221 [WARN] PackLoader:240 - Cannot read IP mode file for STMicroelectronics.FP-SNS-FLIGHT1.5.0.2
2024-04-15 22:46:46,243 [WARN] PackLoader:240 - Cannot read IP mode file for STMicroelectronics.X-CUBE-DISPLAY.3.0.0
2024-04-15 22:46:46,266 [WARN] PackLoader:240 - Cannot read IP mode file for STMicroelectronics.X-CUBE-BLE1.7.0.0
2024-04-15 22:46:46,282 [WARN] PackLoader:240 - Cannot read IP mode file for emotas.I-CUBE-CANOPEN.1.3.0
2024-04-15 22:46:46,300 [WARN] PackLoader:240 - Cannot read IP mode file for STMicroelectronics.X-CUBE-BLEMGR.3.1.0
2024-04-15 22:46:46,318 [WARN] PackLoader:240 - Cannot read IP mode file for STMicroelectronics.FP-SNS-SMARTAG2.1.2.0
2024-04-15 22:46:46,333 [INFO] LogOutputStream:77 - [STDOUT_REDIRECT] 1 : Invalid condition id : UX_CORESTACK_Condition cause : null
2024-04-15 22:46:46,333 [INFO] LogOutputStream:77 - [STDOUT_REDIRECT] 1 : Invalid condition id : UX_CORESTACK_Condition cause : null
2024-04-15 22:46:46,335 [INFO] LogOutputStream:77 - [STDOUT_REDIRECT] 1 : Invalid condition id : UX_CORESTACK_Condition cause : null
2024-04-15 22:46:46,336 [INFO] LogOutputStream:77 - [STDOUT_REDIRECT] 1 : Invalid condition id : UX_CORESTACK_Condition cause : null
2024-04-15 22:46:46,336 [INFO] LogOutputStream:77 - [STDOUT_REDIRECT] 1 : Invalid condition id : UX_CORESTACK_Condition cause : null
2024-04-15 22:46:46,339 [WARN] PackLoader:240 - Cannot read IP mode file for STMicroelectronics.X-CUBE-AZRTOS-WL.2.0.0
2024-04-15 22:46:46,350 [WARN] PackLoader:240 - Cannot read IP mode file for STMicroelectronics.FP-SNS-MOTENV1.5.0.0
2024-04-15 22:46:46,364 [WARN] PackLoader:240 - Cannot read IP mode file for WES.I-CUBE-Cesium.1.3.0
2024-04-15 22:46:46,373 [WARN] PackLoader:240 - Cannot read IP mode file for STMicroelectronics.X-CUBE-BLE2.3.3.0
2024-04-15 22:46:46,384 [WARN] PackLoader:240 - Cannot read IP mode file for STMicroelectronics.X-CUBE-TCPP.4.1.0
2024-04-15 22:46:46,395 [WARN] PackLoader:240 - Cannot read IP mode file for STMicroelectronics.X-CUBE-ALGOBUILD.1.3.0
2024-04-15 22:46:46,419 [WARN] PackLoader:240 - Cannot read IP mode file for STMicroelectronics.X-CUBE-AZRTOS-G0.1.1.0
2024-04-15 22:46:46,434 [WARN] PackLoader:240 - Cannot read IP mode file for STMicroelectronics.X-CUBE-SAFEA1.1.2.2
2024-04-15 22:46:46,446 [WARN] PackLoader:240 - Cannot read IP mode file for STMicroelectronics.X-CUBE-NFC4.3.0.0
2024-04-15 22:46:46,458 [WARN] PackLoader:240 - Cannot read IP mode file for wolfSSL.I-CUBE-wolfSSL.5.7.0
2024-04-15 22:46:46,468 [WARN] PackLoader:240 - Cannot read IP mode file for STMicroelectronics.FP-ATR-SIGFOX1.3.2.0
2024-04-15 22:46:46,480 [WARN] PackLoader:240 - Cannot read IP mode file for STMicroelectronics.X-CUBE-EEPRMA1.5.1.0
2024-04-15 22:46:46,493 [WARN] PackLoader:240 - Cannot read IP mode file for ITTIA_DB.I-CUBE-ITTIADB.8.9.0
2024-04-15 22:46:46,520 [WARN] PackLoader:240 - Cannot read IP mode file for SEGGER.I-CUBE-embOS.1.3.1
2024-04-15 22:46:46,564 [WARN] PackLoader:240 - Cannot read IP mode file for STMicroelectronics.X-CUBE-GNSS1.6.0.0
2024-04-15 22:46:46,591 [WARN] PackLoader:240 - Cannot read IP mode file for STMicroelectronics.X-CUBE-AZRTOS-F4.1.1.0
2024-04-15 22:46:46,619 [WARN] PackLoader:240 - Cannot read IP mode file for STMicroelectronics.X-CUBE-AZRTOS-L5.2.0.0
2024-04-15 22:46:46,635 [WARN] PackLoader:240 - Cannot read IP mode file for STMicroelectronics.X-CUBE-NFC6.3.1.0
2024-04-15 22:46:46,651 [WARN] PackLoader:240 - Cannot read IP mode file for STMicroelectronics.X-CUBE-NFC7.1.0.1
2024-04-15 22:46:46,669 [WARN] PackLoader:240 - Cannot read IP mode file for STMicroelectronics.X-CUBE-AI.8.1.0
2024-04-15 22:46:46,698 [WARN] ConditionMgr:438 - getConditionDescription Invalid condition id : LAN8742 Phy interface Condition cause : null
2024-04-15 22:46:46,699 [WARN] PackLoader:240 - Cannot read IP mode file for STMicroelectronics.X-CUBE-AZRTOS-L4.2.0.0
2024-04-15 22:46:46,701 [WARN] ConditionMgr:1039 - genDependencies : Invalid condition id : LAN8742 Phy interface Condition cause : null
2024-04-15 22:46:46,701 [WARN] ConditionMgr:1039 - genDependencies : Invalid condition id : LAN8742 Phy interface Condition cause : null
2024-04-15 22:46:46,702 [WARN] ConditionMgr:1039 - genDependencies : Invalid condition id : LAN8742 Phy interface Condition cause : null
2024-04-15 22:46:46,727 [WARN] PackLoader:240 - Cannot read IP mode file for STMicroelectronics.X-CUBE-SFXS2LP1.4.0.0
2024-04-15 22:46:46,758 [WARN] ConditionMgr:438 - getConditionDescription Invalid condition id : UX DEVICE CLASS RTOS Condition cause : null
2024-04-15 22:46:46,758 [WARN] ConditionMgr:438 - getConditionDescription Invalid condition id : UX DEVICE CLASS RTOS Condition cause : null
2024-04-15 22:46:46,759 [WARN] PackLoader:240 - Cannot read IP mode file for STMicroelectronics.X-CUBE-AZRTOS-WB.2.0.0
2024-04-15 22:46:46,760 [WARN] ConditionMgr:1039 - genDependencies : Invalid condition id : UX DEVICE CLASS RTOS Condition cause : null
2024-04-15 22:46:46,760 [WARN] ConditionMgr:1039 - genDependencies : Invalid condition id : UX DEVICE CLASS RTOS Condition cause : null
2024-04-15 22:46:46,760 [WARN] ConditionMgr:1039 - genDependencies : Invalid condition id : UX DEVICE CLASS RTOS Condition cause : null
2024-04-15 22:46:46,760 [WARN] ConditionMgr:1039 - genDependencies : Invalid condition id : UX DEVICE CLASS RTOS Condition cause : null
2024-04-15 22:46:46,760 [WARN] ConditionMgr:1039 - genDependencies : Invalid condition id : UX DEVICE CLASS RTOS Condition cause : null
2024-04-15 22:46:46,777 [WARN] PackLoader:240 - Cannot read IP mode file for STMicroelectronics.X-CUBE-SUBG2.5.0.0
2024-04-15 22:46:46,798 [WARN] PackLoader:240 - Cannot read IP mode file for STMicroelectronics.X-CUBE-AZRTOS-G4.2.0.0
2024-04-15 22:46:46,817 [WARN] PackLoader:240 - Cannot read IP mode file for Infineon.AIROC-Wi-Fi-Bluetooth-STM32.1.5.1
2024-04-15 22:46:46,832 [WARN] PackLoader:240 - Cannot read IP mode file for STMicroelectronics.FP-SNS-MOTENVWB1.1.3.1
2024-04-15 22:46:46,844 [WARN] PackLoader:240 - Cannot read IP mode file for STMicroelectronics.X-CUBE-ISPU.2.0.0
2024-04-15 22:46:46,885 [WARN] PackLoader:240 - Cannot read IP mode file for STMicroelectronics.X-CUBE-MEMS1.10.0.0
2024-04-15 22:46:46,995 [WARN] PackLoader:240 - Cannot read IP mode file for STMicroelectronics.X-CUBE-FREERTOS.1.1.0
2024-04-15 22:46:47,007 [WARN] PackLoader:240 - Cannot read IP mode file for portGmbH.I-Cube-SoM-uGOAL.1.1.0
2024-04-15 22:46:47,018 [WARN] PackLoader:240 - Cannot read IP mode file for STMicroelectronics.X-CUBE-ALS.1.0.1
2024-04-15 22:46:47,028 [WARN] PackLoader:240 - Cannot read IP mode file for STMicroelectronics.FP-ATR-ASTRA1.2.0.0
2024-04-15 22:46:47,046 [WARN] PackLoader:240 - Cannot read IP mode file for STMicroelectronics.X-CUBE-TOF1.3.4.1
2024-04-15 22:46:47,079 [WARN] PackLoader:240 - Cannot read IP mode file for STMicroelectronics.X-CUBE-AZRTOS-H7.3.2.0
2024-04-15 22:46:47,081 [INFO] ThirdParty:978 - Integrity check success = true
2024-04-15 22:46:47,081 [INFO] IntegrityCheckThread:100 - exiting critical section [integrity check]
2024-04-15 22:46:47,081 [INFO] IntegrityCheckThread:103 - End integrity checks thread
2024-04-15 22:46:49,484 [INFO] WebApp:161 - Instantiating new browser for Auth
2024-04-15 22:46:50,094 [INFO] WebApp:779 - Register for checkConnection events
2024-04-15 22:46:50,094 [INFO] WebApp:414 - Apply proxy settings
2024-04-15 22:46:50,094 [INFO] WebApp:499 - Chromium requires no authentication
2024-04-15 22:46:50,103 [INFO] WebApp:442 - Direct internet connection detected
2024-04-15 22:46:50,290 [INFO] WebApp:192 - Starting web application
2024-04-15 22:46:50,290 [INFO] WebApp:544 - Web application path used C:\ST\STM32CubeIDE_1.15.0\STM32CubeIDE\plugins\com.st.stm32cube.common.mx_6.11.0.202403141607\db\plugins\mcufinder\reactClient1\index.html
