2024-04-05 23:14:45,745 [INFO] Activator:176 - 


2024-04-05 23:14:45,749 [INFO] Activator:177 - !SESSION log4j initialized
2024-04-05 23:14:49,495 [INFO] LogOutputStream:77 - [STDOUT_REDIRECT] 
2024-04-05 23:15:00,276 [INFO] ApplicationProperties:184 - Using Application install path: C:\ST\STM32CubeIDE_1.15.0\STM32CubeIDE\plugins\com.st.stm32cube.common.mx_6.11.0.202403141607
2024-04-05 23:15:00,295 [INFO] DbMcusXml:78 - Set database path to: C:\ST\STM32CubeIDE_1.15.0\STM32CubeIDE\plugins\com.st.stm32cube.common.mx_6.11.0.202403141607\\db\/mcu/
2024-04-05 23:15:00,295 [INFO] ApiDb:274 - Set plugin database path to: C:\ST\STM32CubeIDE_1.15.0\STM32CubeIDE\plugins\com.st.stm32cube.common.mx_6.11.0.202403141607\\db\/plugins/boardmanager/
2024-04-05 23:15:00,298 [WARN] ApiDb:259 - Overriding images path with different value:  => C:\ST\STM32CubeIDE_1.15.0\STM32CubeIDE\plugins\com.st.stm32cube.common.mx_6.11.0.202403141607\\db\/plugins/mcufinder/images/
2024-04-05 23:15:00,299 [INFO] ApiDb:250 - Set database path to: C:\Users\omrvr\.stmcufinder\plugins\mcufinder//mcu/
2024-04-05 23:15:00,299 [INFO] DbMcusAds:125 - Set database path to: C:\Users\omrvr\.stmcufinder\plugins\mcufinder//mcu/
2024-04-05 23:15:00,299 [INFO] CrossReferenceDbSqlite:203 - Set database path to: C:\Users\omrvr\.stmcufinder\plugins\mcufinder//mcu/cs/
2024-04-05 23:15:00,426 [INFO] RulesReader:64 - Compatibility file has been processed (297 Rules)
2024-04-05 23:15:00,512 [INFO] DbMcusXml:78 - Set database path to: C:\ST\STM32CubeIDE_1.15.0\STM32CubeIDE\plugins\com.st.stm32cube.common.mx_6.11.0.202403141607\\db\/mcu/
2024-04-05 23:15:00,512 [INFO] ApiDb:274 - Set plugin database path to: C:\ST\STM32CubeIDE_1.15.0\STM32CubeIDE\plugins\com.st.stm32cube.common.mx_6.11.0.202403141607\\db\/plugins/boardmanager/
2024-04-05 23:15:00,512 [INFO] ApiDb:261 - Set plugin images path to: C:\ST\STM32CubeIDE_1.15.0\STM32CubeIDE\plugins\com.st.stm32cube.common.mx_6.11.0.202403141607\\db\/plugins/mcufinder/images/
2024-04-05 23:15:00,512 [WARN] DbFile:41 - Overriding database path with different value: C:\Users\omrvr\.stmcufinder\plugins\mcufinder/ => C:\Users\omrvr\.stmcufinder\plugins\mcufinder
2024-04-05 23:15:00,512 [INFO] ApiDb:250 - Set database path to: C:\Users\omrvr\.stmcufinder\plugins\mcufinder//mcu/
2024-04-05 23:15:00,512 [WARN] DbFile:41 - Overriding database path with different value: C:\Users\omrvr\.stmcufinder\plugins\mcufinder/ => C:\Users\omrvr\.stmcufinder\plugins\mcufinder
2024-04-05 23:15:00,512 [INFO] DbMcusAds:125 - Set database path to: C:\Users\omrvr\.stmcufinder\plugins\mcufinder//mcu/
2024-04-05 23:15:00,512 [WARN] DbFile:41 - Overriding database path with different value: C:\Users\omrvr\.stmcufinder\plugins\mcufinder/ => C:\Users\omrvr\.stmcufinder\plugins\mcufinder
2024-04-05 23:15:00,512 [WARN] DbFile:41 - Overriding database path with different value: C:\Users\omrvr\.stmcufinder\plugins\mcufinder/ => C:\Users\omrvr\.stmcufinder\plugins\mcufinder
2024-04-05 23:15:00,512 [INFO] CrossReferenceDbSqlite:203 - Set database path to: C:\Users\omrvr\.stmcufinder\plugins\mcufinder//mcu/cs/
2024-04-05 23:15:00,591 [INFO] MainPanel:264 - HeapMemory: 268435456
2024-04-05 23:15:00,689 [INFO] DbMcusXml:78 - Set database path to: C:\ST\STM32CubeIDE_1.15.0\STM32CubeIDE\plugins\com.st.stm32cube.common.mx_6.11.0.202403141607\\db\/mcu/
2024-04-05 23:15:00,689 [INFO] ApiDb:274 - Set plugin database path to: C:\ST\STM32CubeIDE_1.15.0\STM32CubeIDE\plugins\com.st.stm32cube.common.mx_6.11.0.202403141607\\db\/plugins/boardmanager/
2024-04-05 23:15:00,689 [INFO] ApiDb:261 - Set plugin images path to: C:\ST\STM32CubeIDE_1.15.0\STM32CubeIDE\plugins\com.st.stm32cube.common.mx_6.11.0.202403141607\\db\/plugins/mcufinder/images/
2024-04-05 23:15:00,689 [WARN] DbFile:41 - Overriding database path with different value: C:\Users\omrvr\.stmcufinder\plugins\mcufinder/ => C:\Users\omrvr\.stmcufinder\plugins\mcufinder
2024-04-05 23:15:00,689 [INFO] ApiDb:250 - Set database path to: C:\Users\omrvr\.stmcufinder\plugins\mcufinder//mcu/
2024-04-05 23:15:00,689 [WARN] DbFile:41 - Overriding database path with different value: C:\Users\omrvr\.stmcufinder\plugins\mcufinder/ => C:\Users\omrvr\.stmcufinder\plugins\mcufinder
2024-04-05 23:15:00,689 [INFO] DbMcusAds:125 - Set database path to: C:\Users\omrvr\.stmcufinder\plugins\mcufinder//mcu/
2024-04-05 23:15:00,689 [WARN] DbFile:41 - Overriding database path with different value: C:\Users\omrvr\.stmcufinder\plugins\mcufinder/ => C:\Users\omrvr\.stmcufinder\plugins\mcufinder
2024-04-05 23:15:00,689 [WARN] DbFile:41 - Overriding database path with different value: C:\Users\omrvr\.stmcufinder\plugins\mcufinder/ => C:\Users\omrvr\.stmcufinder\plugins\mcufinder
2024-04-05 23:15:00,689 [INFO] CrossReferenceDbSqlite:203 - Set database path to: C:\Users\omrvr\.stmcufinder\plugins\mcufinder//mcu/cs/
2024-04-05 23:15:00,715 [INFO] ApplicationProperties:184 - Using Application install path: C:\ST\STM32CubeIDE_1.15.0\STM32CubeIDE\plugins\com.st.stm32cube.common.mx_6.11.0.202403141607
2024-04-05 23:15:00,715 [INFO] PluginManage:196 - Search for loadable plugins [exclusion list=, ]
2024-04-05 23:15:00,715 [INFO] PluginManage:310 - Check plugin analytics
2024-04-05 23:15:00,961 [INFO] AnalyticsPlugin:253 - Accepted Software Licenses: 
2024-04-05 23:15:00,961 [INFO] AnalyticsPlugin:255 - Accepted CMSIS Pack Licenses: 
2024-04-05 23:15:00,961 [INFO] AnalyticsPlugin:257 - Accepted Firmware Licenses: 
2024-04-05 23:15:00,961 [INFO] PluginManage:359 - Loaded plugin analytics (category:tool,tabindex:-1)
2024-04-05 23:15:00,965 [INFO] PluginManage:310 - Check plugin cadmodel
2024-04-05 23:15:00,981 [INFO] CADModel:105 - Init CAD model plugin
2024-04-05 23:15:00,981 [INFO] PluginManage:359 - Loaded plugin cadmodel (category:power,tabindex:5)
2024-04-05 23:15:00,981 [INFO] PluginManage:310 - Check plugin clock
2024-04-05 23:15:01,008 [INFO] PluginManage:359 - Loaded plugin clock (category:base,tabindex:2)
2024-04-05 23:15:01,008 [INFO] PluginManage:310 - Check plugin ddr
2024-04-05 23:15:01,008 [INFO] PluginManage:359 - Loaded plugin ddr (category:tool,tabindex:6)
2024-04-05 23:15:01,008 [INFO] PluginManage:310 - Check plugin filemanager
2024-04-05 23:15:01,169 [INFO] PluginManage:359 - Loaded plugin filemanager (category:base,tabindex:10)
2024-04-05 23:15:01,169 [INFO] PluginManage:310 - Check plugin ipmanager
2024-04-05 23:15:01,182 [INFO] PluginManage:359 - Loaded plugin ipmanager (category:base,tabindex:5)
2024-04-05 23:15:01,182 [INFO] PluginManage:310 - Check plugin lpbam
2024-04-05 23:15:01,205 [INFO] PluginManage:359 - Loaded plugin lpbam (category:base,tabindex:0)
2024-04-05 23:15:01,205 [INFO] PluginManage:310 - Check plugin memorymap
2024-04-05 23:15:01,230 [INFO] PluginManage:359 - Loaded plugin memorymap (category:base,tabindex:4)
2024-04-05 23:15:01,230 [INFO] PluginManage:310 - Check plugin pinoutandconfiguration
2024-04-05 23:15:01,246 [INFO] PluginManage:359 - Loaded plugin pinoutandconfiguration (category:base,tabindex:1)
2024-04-05 23:15:01,246 [INFO] PluginManage:310 - Check plugin pinoutconfig
2024-04-05 23:15:01,378 [WARN] SupportedApi:132 - Cannot load RTOS API schema: s4s-elt-must-match.1: The content of 'definitions' must match (annotation?, (simpleType | complexType)?, (unique | key | keyref)*)). A problem was found starting at: attribute.
2024-04-05 23:15:01,506 [INFO] PluginManage:359 - Loaded plugin pinoutconfig (category:base,tabindex:0)
2024-04-05 23:15:01,506 [INFO] PluginManage:310 - Check plugin power
2024-04-05 23:15:01,520 [INFO] PluginManage:359 - Loaded plugin power (category:power,tabindex:4)
2024-04-05 23:15:01,520 [INFO] PluginManage:310 - Check plugin projectmanager
2024-04-05 23:15:01,537 [INFO] PluginManage:359 - Loaded plugin projectmanager (category:projectmanager,tabindex:3)
2024-04-05 23:15:01,537 [INFO] PluginManage:310 - Check plugin thirdparty
2024-04-05 23:15:01,754 [INFO] PluginManage:359 - Loaded plugin thirdparty (category:base,tabindex:-1)
2024-04-05 23:15:01,754 [WARN] IntegrityCheckThread:84 - waiting for thirdparty lock release [integrity check]
2024-04-05 23:15:01,757 [INFO] PluginManage:310 - Check plugin tools
2024-04-05 23:15:01,757 [INFO] IntegrityCheckThread:86 - entering critical section [integrity check]
2024-04-05 23:15:01,758 [INFO] ThirdPartyUpdaterWithRetryManager:70 - Updater plugin not ready yet. [1/15]
2024-04-05 23:15:01,773 [INFO] PluginManage:359 - Loaded plugin tools (category:base,tabindex:7)
2024-04-05 23:15:01,773 [INFO] PluginManage:310 - Check plugin tutovideos
2024-04-05 23:15:01,944 [INFO] PluginManage:359 - Loaded plugin tutovideos (category:base,tabindex:-1)
2024-04-05 23:15:01,946 [INFO] PluginManage:310 - Check plugin updater
2024-04-05 23:15:01,947 [INFO] PluginManage:359 - Loaded plugin updater (category:base,tabindex:12)
2024-04-05 23:15:01,947 [INFO] PluginManage:310 - Check plugin userauth
2024-04-05 23:15:01,947 [INFO] UserAuth:114 - Init User Auth plugin
2024-04-05 23:15:01,947 [INFO] PluginManage:359 - Loaded plugin userauth (category:base,tabindex:14)
2024-04-05 23:15:01,947 [INFO] PluginManage:283 - PluginManage : Loaded plugins [17]
2024-04-05 23:15:02,148 [INFO] PinOutPanel:1561 - setPackage(No Configuration,No Configuration)
2024-04-05 23:15:02,211 [INFO] CADModel:165 - CPN selected for project level
2024-04-05 23:15:02,211 [INFO] CADModel:114 - Register for checkConnection events
2024-04-05 23:15:02,226 [INFO] IPUIPlugin:80 - create IPUIPlugin
2024-04-05 23:15:02,226 [INFO] PluginManager:220 - loadIPPluginJar : add adc
2024-04-05 23:15:02,259 [INFO] IPUIPlugin:80 - create IPUIPlugin
2024-04-05 23:15:02,259 [INFO] PluginManager:220 - loadIPPluginJar : add aes
2024-04-05 23:15:02,289 [INFO] IPUIPlugin:80 - create IPUIPlugin
2024-04-05 23:15:02,289 [INFO] PluginManager:220 - loadIPPluginJar : add can
2024-04-05 23:15:02,305 [INFO] IPUIPlugin:80 - create IPUIPlugin
2024-04-05 23:15:02,305 [INFO] PluginManager:220 - loadIPPluginJar : add comp
2024-04-05 23:15:02,321 [INFO] IPUIPlugin:80 - create IPUIPlugin
2024-04-05 23:15:02,321 [INFO] PluginManager:220 - loadIPPluginJar : add cryp
2024-04-05 23:15:02,352 [INFO] IPUIPlugin:80 - create IPUIPlugin
2024-04-05 23:15:02,352 [INFO] PluginManager:220 - loadIPPluginJar : add dfsdm
2024-04-05 23:15:02,367 [INFO] IPUIPlugin:80 - create IPUIPlugin
2024-04-05 23:15:02,367 [INFO] PluginManager:220 - loadIPPluginJar : add dma
2024-04-05 23:15:02,399 [INFO] IPUIPlugin:80 - create IPUIPlugin
2024-04-05 23:15:02,399 [INFO] PluginManager:220 - loadIPPluginJar : add dma3
2024-04-05 23:15:02,414 [INFO] IPUIPlugin:80 - create IPUIPlugin
2024-04-05 23:15:02,414 [INFO] PluginManager:220 - loadIPPluginJar : add extmemmanager
2024-04-05 23:15:02,430 [INFO] IPUIPlugin:80 - create IPUIPlugin
2024-04-05 23:15:02,430 [INFO] PluginManager:220 - loadIPPluginJar : add fatfs
2024-04-05 23:15:02,477 [INFO] IPUIPlugin:80 - create IPUIPlugin
2024-04-05 23:15:02,477 [INFO] PluginManager:220 - loadIPPluginJar : add fmc
2024-04-05 23:15:02,477 [INFO] IPUIPlugin:80 - create IPUIPlugin
2024-04-05 23:15:02,477 [INFO] PluginManager:220 - loadIPPluginJar : add freertos
2024-04-05 23:15:02,493 [INFO] IPUIPlugin:80 - create IPUIPlugin
2024-04-05 23:15:02,493 [INFO] PluginManager:220 - loadIPPluginJar : add genericplugin
2024-04-05 23:15:02,555 [INFO] IPUIPlugin:80 - create IPUIPlugin
2024-04-05 23:15:02,555 [INFO] PluginManager:220 - loadIPPluginJar : add gfxmmu
2024-04-05 23:15:02,649 [INFO] IPUIPlugin:80 - create IPUIPlugin
2024-04-05 23:15:02,649 [INFO] PluginManager:220 - loadIPPluginJar : add gic
2024-04-05 23:15:02,664 [INFO] IPUIPlugin:80 - create IPUIPlugin
2024-04-05 23:15:02,664 [INFO] PluginManager:220 - loadIPPluginJar : add gpio
2024-04-05 23:15:02,727 [INFO] IPUIPlugin:80 - create IPUIPlugin
2024-04-05 23:15:02,727 [INFO] PluginManager:220 - loadIPPluginJar : add gtzc
2024-04-05 23:15:02,742 [INFO] IPUIPlugin:80 - create IPUIPlugin
2024-04-05 23:15:02,742 [INFO] PluginManager:220 - loadIPPluginJar : add hash
2024-04-05 23:15:02,774 [INFO] IPUIPlugin:80 - create IPUIPlugin
2024-04-05 23:15:02,774 [INFO] PluginManager:220 - loadIPPluginJar : add i2c
2024-04-05 23:15:02,805 [INFO] IPUIPlugin:80 - create IPUIPlugin
2024-04-05 23:15:02,805 [INFO] PluginManager:220 - loadIPPluginJar : add i2s
2024-04-05 23:15:02,837 [INFO] IPUIPlugin:80 - create IPUIPlugin
2024-04-05 23:15:02,837 [INFO] PluginManager:220 - loadIPPluginJar : add i3c
2024-04-05 23:15:02,915 [INFO] IPUIPlugin:80 - create IPUIPlugin
2024-04-05 23:15:02,915 [INFO] PluginManager:220 - loadIPPluginJar : add ipddr
2024-04-05 23:15:02,977 [INFO] IPUIPlugin:80 - create IPUIPlugin
2024-04-05 23:15:02,977 [INFO] PluginManager:220 - loadIPPluginJar : add linkedlist
2024-04-05 23:15:03,008 [INFO] IPUIPlugin:80 - create IPUIPlugin
2024-04-05 23:15:03,008 [INFO] PluginManager:220 - loadIPPluginJar : add lorawan
2024-04-05 23:15:03,039 [INFO] IPUIPlugin:80 - create IPUIPlugin
2024-04-05 23:15:03,039 [INFO] PluginManager:220 - loadIPPluginJar : add ltdc
2024-04-05 23:15:03,055 [INFO] IPUIPlugin:80 - create IPUIPlugin
2024-04-05 23:15:03,055 [INFO] PluginManager:220 - loadIPPluginJar : add mdma
2024-04-05 23:15:03,055 [INFO] IPUIPlugin:80 - create IPUIPlugin
2024-04-05 23:15:03,055 [INFO] PluginManager:220 - loadIPPluginJar : add nvic
2024-04-05 23:15:03,086 [INFO] IPUIPlugin:80 - create IPUIPlugin
2024-04-05 23:15:03,086 [INFO] PluginManager:220 - loadIPPluginJar : add opamp
2024-04-05 23:15:03,133 [INFO] IPUIPlugin:80 - create IPUIPlugin
2024-04-05 23:15:03,133 [INFO] PluginManager:220 - loadIPPluginJar : add openamp
2024-04-05 23:15:03,164 [INFO] IPUIPlugin:80 - create IPUIPlugin
2024-04-05 23:15:03,164 [INFO] PluginManager:220 - loadIPPluginJar : add pdm2pcm
2024-04-05 23:15:03,180 [INFO] IPUIPlugin:80 - create IPUIPlugin
2024-04-05 23:15:03,180 [INFO] PluginManager:220 - loadIPPluginJar : add plateformsettings
2024-04-05 23:15:03,196 [INFO] IPUIPlugin:80 - create IPUIPlugin
2024-04-05 23:15:03,196 [INFO] PluginManager:220 - loadIPPluginJar : add quadspi
2024-04-05 23:15:03,211 [INFO] IPUIPlugin:80 - create IPUIPlugin
2024-04-05 23:15:03,211 [INFO] PluginManager:220 - loadIPPluginJar : add resmgrutility
2024-04-05 23:15:03,242 [INFO] IPUIPlugin:80 - create IPUIPlugin
2024-04-05 23:15:03,242 [INFO] PluginManager:220 - loadIPPluginJar : add sai
2024-04-05 23:15:03,274 [INFO] IPUIPlugin:80 - create IPUIPlugin
2024-04-05 23:15:03,274 [INFO] PluginManager:220 - loadIPPluginJar : add spi
2024-04-05 23:15:03,336 [INFO] IPUIPlugin:80 - create IPUIPlugin
2024-04-05 23:15:03,336 [INFO] PluginManager:220 - loadIPPluginJar : add stm32_wpan
2024-04-05 23:15:03,352 [INFO] IPUIPlugin:80 - create IPUIPlugin
2024-04-05 23:15:03,352 [INFO] PluginManager:220 - loadIPPluginJar : add tim
2024-04-05 23:15:03,399 [INFO] IPUIPlugin:80 - create IPUIPlugin
2024-04-05 23:15:03,399 [INFO] PluginManager:220 - loadIPPluginJar : add touchsensing
2024-04-05 23:15:03,414 [INFO] IPUIPlugin:80 - create IPUIPlugin
2024-04-05 23:15:03,414 [INFO] PluginManager:220 - loadIPPluginJar : add tracer_emb
2024-04-05 23:15:03,430 [INFO] IPUIPlugin:80 - create IPUIPlugin
2024-04-05 23:15:03,430 [INFO] PluginManager:220 - loadIPPluginJar : add ts
2024-04-05 23:15:03,446 [INFO] IPUIPlugin:80 - create IPUIPlugin
2024-04-05 23:15:03,446 [INFO] PluginManager:220 - loadIPPluginJar : add tsc
2024-04-05 23:15:03,461 [INFO] IPUIPlugin:80 - create IPUIPlugin
2024-04-05 23:15:03,461 [INFO] PluginManager:220 - loadIPPluginJar : add ucpd
2024-04-05 23:15:03,492 [INFO] IPUIPlugin:80 - create IPUIPlugin
2024-04-05 23:15:03,492 [INFO] PluginManager:220 - loadIPPluginJar : add usart
2024-04-05 23:15:03,539 [INFO] IPUIPlugin:80 - create IPUIPlugin
2024-04-05 23:15:03,539 [INFO] PluginManager:220 - loadIPPluginJar : add usbx
2024-04-05 23:15:03,657 [INFO] CADModel:165 - CPN selected for project level
2024-04-05 23:15:03,657 [INFO] CADModel:114 - Register for checkConnection events
2024-04-05 23:15:03,657 [FATAL] Updater:308 - Updater called before beeing initialized
2024-04-05 23:15:03,657 [ERROR] CADModel:125 - Updater not yet initialized, retry later 
2024-04-05 23:15:03,813 [INFO] CADModel:165 - CPN selected for project level
2024-04-05 23:15:03,813 [INFO] CADModel:114 - Register for checkConnection events
2024-04-05 23:15:03,813 [FATAL] Updater:308 - Updater called before beeing initialized
2024-04-05 23:15:03,813 [ERROR] CADModel:125 - Updater not yet initialized, retry later 
2024-04-05 23:15:03,815 [FATAL] Updater:308 - Updater called before beeing initialized
2024-04-05 23:15:03,903 [FATAL] Updater:308 - Updater called before beeing initialized
2024-04-05 23:15:03,907 [INFO] DbMcusAds:53 - JSON generation date=Thu Sep 30 09:55:09 TRT 2021 (1632984909247)
2024-04-05 23:15:03,907 [FATAL] Updater:308 - Updater called before beeing initialized
2024-04-05 23:15:03,978 [WARN] DetailPanel:346 - Failed to get advertising image, set to default
2024-04-05 23:15:04,066 [FATAL] Updater:308 - Updater called before beeing initialized
2024-04-05 23:15:04,066 [FATAL] Updater:308 - Updater called before beeing initialized
2024-04-05 23:15:04,066 [FATAL] Updater:308 - Updater called before beeing initialized
2024-04-05 23:15:04,066 [WARN] DetailPanel:346 - Failed to get advertising image, set to default
2024-04-05 23:15:04,066 [FATAL] Updater:308 - Updater called before beeing initialized
2024-04-05 23:15:04,115 [ERROR] Updater:1120 - MainUpdater not yet initialized. External WinMGr cannot be set.
2024-04-05 23:15:04,134 [INFO] Updater:1056 - Updater Version found : 6.11.0
2024-04-05 23:15:04,151 [INFO] ApplicationProperties:184 - Using Application install path: C:\ST\STM32CubeIDE_1.15.0\STM32CubeIDE\plugins\com.st.stm32cube.common.mx_6.11.0.202403141607
2024-04-05 23:15:04,769 [INFO] ThirdPartyUpdaterWithRetryManager:70 - Updater plugin not ready yet. [2/15]
2024-04-05 23:15:05,773 [ERROR] LogOutputStream:75 - [STDERR_REDIRECT] Apr 05, 2024 11:15:05 PM java.util.prefs.WindowsPreferences <init>
2024-04-05 23:15:05,782 [ERROR] LogOutputStream:75 - [STDERR_REDIRECT] WARNING: Could not open/create prefs root node Software\JavaSoft\Prefs at root 0xffffffff80000002. Windows RegCreateKeyEx(...) returned error code 5.
2024-04-05 23:15:05,782 [ERROR] LogOutputStream:75 - [STDERR_REDIRECT] 
2024-04-05 23:15:06,579 [INFO] MainUpdater:2873 - connection check result : 10
2024-04-05 23:15:06,579 [INFO] MainUpdater:3567 - Updater definition file requires update
2024-04-05 23:15:06,579 [INFO] MainUpdater:290 - Updater Check For Update Now.
2024-04-05 23:15:06,579 [INFO] MicroXplorer:498 - Change Database Version : DB.6.0.110
2024-04-05 23:15:06,605 [INFO] McuFinderGlobals:63 - Set McuFinder mode to 2 (CubeIDE integrated)
2024-04-05 23:15:06,605 [INFO] UserAuth:179 - activating auth plugin
2024-04-05 23:15:06,620 [INFO] UserAuth:415 - Internet connection configuration mode: 1
2024-04-05 23:15:06,632 [INFO] ServerAccessManage:473 - Download File updaters.zip
2024-04-05 23:15:06,651 [INFO] JxBrowserEngine:152 - Initiate JxBrowser Engine with user profile folder
2024-04-05 23:15:06,845 [INFO] FileExtend:240 - Unzip File : updaters.zip
2024-04-05 23:15:06,845 [INFO] FileExtend:255 - Standard Zip Deflate
2024-04-05 23:15:07,379 [INFO] ServerAccessManage:473 - Download File PacksControlFlags.xml
2024-04-05 23:15:07,679 [INFO] ServerAccessManage:473 - Download File cubemx.pidx
2024-04-05 23:15:07,774 [WARN] MainUpdater:1194 - Updater busy. Cannot search thirdparties
2024-04-05 23:15:07,774 [INFO] ThirdPartyUpdaterWithRetryManager:96 - Updater plugin is busy. [1/15]
2024-04-05 23:15:08,661 [INFO] ServerAccessManage:473 - Download File STMicroelectronics.X-CUBE-TOUCHGFX.pdsc
2024-04-05 23:15:10,783 [WARN] MainUpdater:1194 - Updater busy. Cannot search thirdparties
2024-04-05 23:15:10,783 [INFO] ThirdPartyUpdaterWithRetryManager:96 - Updater plugin is busy. [2/15]
2024-04-05 23:15:10,956 [WARN] PackLoader:240 - Cannot read IP mode file for STMicroelectronics.X-CUBE-TOUCHGFX.4.23.2
2024-04-05 23:15:10,971 [INFO] PopulateThirdPartyThread:66 - Ending populate Thread
2024-04-05 23:15:10,971 [INFO] ThirdParty:1030 - CMSIS Pack Vendor :STMicroelectronics X-CUBE-TOUCHGFX 4.23.2
2024-04-05 23:15:10,971 [INFO] LoadServerUpdatesThread:375 - End of LoadServerUpdate Thread
2024-04-05 23:15:11,097 [INFO] CheckServerUpdateThread:120 - End of CheckServer Thread
2024-04-05 23:15:11,808 [INFO] WebApp:161 - Instantiating new browser for Auth
2024-04-05 23:15:12,464 [INFO] WebApp:779 - Register for checkConnection events
2024-04-05 23:15:12,464 [INFO] WebApp:414 - Apply proxy settings
2024-04-05 23:15:12,464 [INFO] WebApp:499 - Chromium requires no authentication
2024-04-05 23:15:12,464 [INFO] WebApp:442 - Direct internet connection detected
2024-04-05 23:15:12,656 [INFO] WebApp:192 - Starting web application
2024-04-05 23:15:12,656 [INFO] WebApp:544 - Web application path used C:\ST\STM32CubeIDE_1.15.0\STM32CubeIDE\plugins\com.st.stm32cube.common.mx_6.11.0.202403141607\db\plugins\mcufinder\reactClient1\index.html
2024-04-05 23:15:13,933 [WARN] PackLoader:240 - Cannot read IP mode file for STMicroelectronics.X-CUBE-SMBUS.2.1.0
2024-04-05 23:15:13,944 [WARN] PackLoader:240 - Cannot read IP mode file for STMicroelectronics.X-CUBE-TOUCHGFX.4.23.1
2024-04-05 23:15:13,946 [WARN] PackLoader:240 - Cannot read IP mode file for STMicroelectronics.X-CUBE-TOUCHGFX.4.23.2
2024-04-05 23:15:13,998 [WARN] PackLoader:240 - Cannot read IP mode file for STMicroelectronics.X-CUBE-AZRTOS-F7.1.1.0
2024-04-05 23:15:14,012 [WARN] PackLoader:240 - Cannot read IP mode file for STMicroelectronics.FP-SNS-FLIGHT1.5.0.2
2024-04-05 23:15:14,030 [WARN] PackLoader:240 - Cannot read IP mode file for STMicroelectronics.X-CUBE-DISPLAY.3.0.0
2024-04-05 23:15:14,061 [WARN] PackLoader:240 - Cannot read IP mode file for STMicroelectronics.X-CUBE-BLE1.7.0.0
2024-04-05 23:15:14,085 [WARN] PackLoader:240 - Cannot read IP mode file for emotas.I-CUBE-CANOPEN.1.3.0
2024-04-05 23:15:14,134 [WARN] PackLoader:240 - Cannot read IP mode file for STMicroelectronics.X-CUBE-BLEMGR.3.1.0
2024-04-05 23:15:14,157 [WARN] PackLoader:240 - Cannot read IP mode file for STMicroelectronics.FP-SNS-SMARTAG2.1.2.0
2024-04-05 23:15:14,179 [INFO] LogOutputStream:77 - [STDOUT_REDIRECT] 1 : Invalid condition id : UX_CORESTACK_Condition cause : null
2024-04-05 23:15:14,181 [INFO] LogOutputStream:77 - [STDOUT_REDIRECT] 1 : Invalid condition id : UX_CORESTACK_Condition cause : null
2024-04-05 23:15:14,182 [INFO] LogOutputStream:77 - [STDOUT_REDIRECT] 1 : Invalid condition id : UX_CORESTACK_Condition cause : null
2024-04-05 23:15:14,183 [INFO] LogOutputStream:77 - [STDOUT_REDIRECT] 1 : Invalid condition id : UX_CORESTACK_Condition cause : null
2024-04-05 23:15:14,184 [INFO] LogOutputStream:77 - [STDOUT_REDIRECT] 1 : Invalid condition id : UX_CORESTACK_Condition cause : null
2024-04-05 23:15:14,190 [WARN] PackLoader:240 - Cannot read IP mode file for STMicroelectronics.X-CUBE-AZRTOS-WL.2.0.0
2024-04-05 23:15:14,204 [WARN] PackLoader:240 - Cannot read IP mode file for STMicroelectronics.FP-SNS-MOTENV1.5.0.0
2024-04-05 23:15:14,223 [WARN] PackLoader:240 - Cannot read IP mode file for WES.I-CUBE-Cesium.1.3.0
2024-04-05 23:15:14,234 [WARN] PackLoader:240 - Cannot read IP mode file for STMicroelectronics.X-CUBE-BLE2.3.3.0
2024-04-05 23:15:14,245 [WARN] PackLoader:240 - Cannot read IP mode file for STMicroelectronics.X-CUBE-ALGOBUILD.1.3.0
2024-04-05 23:15:14,285 [WARN] PackLoader:240 - Cannot read IP mode file for STMicroelectronics.X-CUBE-AZRTOS-G0.1.1.0
2024-04-05 23:15:14,306 [WARN] PackLoader:240 - Cannot read IP mode file for STMicroelectronics.X-CUBE-SAFEA1.1.2.2
2024-04-05 23:15:14,320 [WARN] PackLoader:240 - Cannot read IP mode file for STMicroelectronics.X-CUBE-NFC4.3.0.0
2024-04-05 23:15:14,334 [WARN] PackLoader:240 - Cannot read IP mode file for wolfSSL.I-CUBE-wolfSSL.5.7.0
2024-04-05 23:15:14,339 [WARN] PackLoader:240 - Cannot read IP mode file for STMicroelectronics.FP-ATR-SIGFOX1.3.2.0
2024-04-05 23:15:14,353 [WARN] PackLoader:240 - Cannot read IP mode file for STMicroelectronics.X-CUBE-EEPRMA1.5.1.0
2024-04-05 23:15:14,368 [WARN] PackLoader:240 - Cannot read IP mode file for ITTIA_DB.I-CUBE-ITTIADB.8.9.0
2024-04-05 23:15:14,444 [WARN] PackLoader:240 - Cannot read IP mode file for SEGGER.I-CUBE-embOS.1.3.1
2024-04-05 23:15:14,526 [WARN] PackLoader:240 - Cannot read IP mode file for STMicroelectronics.X-CUBE-GNSS1.6.0.0
2024-04-05 23:15:14,565 [WARN] PackLoader:240 - Cannot read IP mode file for STMicroelectronics.X-CUBE-AZRTOS-F4.1.1.0
2024-04-05 23:15:14,589 [WARN] PackLoader:240 - Cannot read IP mode file for STMicroelectronics.X-CUBE-AZRTOS-L5.2.0.0
2024-04-05 23:15:14,606 [WARN] PackLoader:240 - Cannot read IP mode file for STMicroelectronics.X-CUBE-NFC6.3.1.0
2024-04-05 23:15:14,620 [WARN] PackLoader:240 - Cannot read IP mode file for STMicroelectronics.X-CUBE-NFC7.1.0.1
2024-04-05 23:15:14,632 [WARN] PackLoader:240 - Cannot read IP mode file for STMicroelectronics.X-CUBE-AI.8.1.0
2024-04-05 23:15:14,657 [WARN] ConditionMgr:438 - getConditionDescription Invalid condition id : LAN8742 Phy interface Condition cause : null
2024-04-05 23:15:14,657 [WARN] PackLoader:240 - Cannot read IP mode file for STMicroelectronics.X-CUBE-AZRTOS-L4.2.0.0
2024-04-05 23:15:14,658 [WARN] ConditionMgr:1039 - genDependencies : Invalid condition id : LAN8742 Phy interface Condition cause : null
2024-04-05 23:15:14,658 [WARN] ConditionMgr:1039 - genDependencies : Invalid condition id : LAN8742 Phy interface Condition cause : null
2024-04-05 23:15:14,659 [WARN] ConditionMgr:1039 - genDependencies : Invalid condition id : LAN8742 Phy interface Condition cause : null
2024-04-05 23:15:14,672 [WARN] PackLoader:240 - Cannot read IP mode file for STMicroelectronics.X-CUBE-SFXS2LP1.4.0.0
2024-04-05 23:15:14,694 [WARN] ConditionMgr:438 - getConditionDescription Invalid condition id : UX DEVICE CLASS RTOS Condition cause : null
2024-04-05 23:15:14,694 [WARN] ConditionMgr:438 - getConditionDescription Invalid condition id : UX DEVICE CLASS RTOS Condition cause : null
2024-04-05 23:15:14,701 [WARN] PackLoader:240 - Cannot read IP mode file for STMicroelectronics.X-CUBE-AZRTOS-WB.2.0.0
2024-04-05 23:15:14,702 [WARN] ConditionMgr:1039 - genDependencies : Invalid condition id : UX DEVICE CLASS RTOS Condition cause : null
2024-04-05 23:15:14,702 [WARN] ConditionMgr:1039 - genDependencies : Invalid condition id : UX DEVICE CLASS RTOS Condition cause : null
2024-04-05 23:15:14,703 [WARN] ConditionMgr:1039 - genDependencies : Invalid condition id : UX DEVICE CLASS RTOS Condition cause : null
2024-04-05 23:15:14,704 [WARN] ConditionMgr:1039 - genDependencies : Invalid condition id : UX DEVICE CLASS RTOS Condition cause : null
2024-04-05 23:15:14,704 [WARN] ConditionMgr:1039 - genDependencies : Invalid condition id : UX DEVICE CLASS RTOS Condition cause : null
2024-04-05 23:15:14,724 [WARN] PackLoader:240 - Cannot read IP mode file for STMicroelectronics.X-CUBE-SUBG2.5.0.0
2024-04-05 23:15:14,750 [WARN] PackLoader:240 - Cannot read IP mode file for STMicroelectronics.X-CUBE-AZRTOS-G4.2.0.0
2024-04-05 23:15:14,769 [WARN] PackLoader:240 - Cannot read IP mode file for Infineon.AIROC-Wi-Fi-Bluetooth-STM32.1.5.1
2024-04-05 23:15:14,778 [WARN] PackLoader:240 - Cannot read IP mode file for STMicroelectronics.FP-SNS-MOTENVWB1.1.3.1
2024-04-05 23:15:14,791 [WARN] PackLoader:240 - Cannot read IP mode file for STMicroelectronics.X-CUBE-ISPU.2.0.0
2024-04-05 23:15:14,833 [WARN] PackLoader:240 - Cannot read IP mode file for STMicroelectronics.X-CUBE-MEMS1.10.0.0
2024-04-05 23:15:14,937 [WARN] PackLoader:240 - Cannot read IP mode file for STMicroelectronics.X-CUBE-FREERTOS.1.1.0
2024-04-05 23:15:14,951 [WARN] PackLoader:240 - Cannot read IP mode file for portGmbH.I-Cube-SoM-uGOAL.1.1.0
2024-04-05 23:15:14,964 [WARN] PackLoader:240 - Cannot read IP mode file for STMicroelectronics.X-CUBE-ALS.1.0.1
2024-04-05 23:15:14,969 [WARN] PackLoader:240 - Cannot read IP mode file for STMicroelectronics.FP-ATR-ASTRA1.2.0.0
2024-04-05 23:15:14,990 [WARN] PackLoader:240 - Cannot read IP mode file for STMicroelectronics.X-CUBE-TOF1.3.4.1
2024-04-05 23:15:15,022 [WARN] PackLoader:240 - Cannot read IP mode file for STMicroelectronics.X-CUBE-AZRTOS-H7.3.2.0
2024-04-05 23:15:15,023 [INFO] ThirdParty:978 - Integrity check success = true
2024-04-05 23:15:15,025 [INFO] IntegrityCheckThread:100 - exiting critical section [integrity check]
2024-04-05 23:15:15,025 [INFO] IntegrityCheckThread:103 - End integrity checks thread
2024-04-05 23:29:19,420 [INFO] McuFinderGlobals:63 - Set McuFinder mode to 2 (CubeIDE integrated)
2024-04-05 23:29:19,450 [INFO] MainUpdater:2873 - connection check result : 10
2024-04-05 23:29:19,476 [INFO] McuFinderGlobals:76 - Set McuFinderConnectedMode to true
2024-04-05 23:29:21,769 [INFO] ServerAccessManage:473 - Download File mcusAds.json._tmp_
2024-04-05 23:29:21,891 [INFO] LoadUrlFilesThread:156 - End of LoadUrlFiles Thread
2024-04-05 23:29:22,692 [INFO] ServerAccessManage:473 - Download File cube-finder-db.zip
2024-04-05 23:29:28,915 [INFO] FileExtend:240 - Unzip File : cube-finder-db.zip
2024-04-05 23:29:28,919 [INFO] FileExtend:255 - Standard Zip Deflate
2024-04-05 23:29:29,796 [INFO] LoadUrlFilesThread:156 - End of LoadUrlFiles Thread
2024-04-05 23:29:38,574 [INFO] ServerAccessManage:473 - Download File crdb.zip
2024-04-05 23:29:39,095 [INFO] FileExtend:240 - Unzip File : crdb.zip
2024-04-05 23:29:39,095 [INFO] FileExtend:255 - Standard Zip Deflate
2024-04-05 23:29:39,237 [INFO] LoadUrlFilesThread:156 - End of LoadUrlFiles Thread
2024-04-05 23:29:39,690 [INFO] ServerAccessManage:473 - Download File tutoVideoDB.zip
2024-04-05 23:29:39,768 [INFO] FileExtend:240 - Unzip File : tutoVideoDB.zip
2024-04-05 23:29:39,768 [INFO] FileExtend:255 - Standard Zip Deflate
2024-04-05 23:29:39,897 [INFO] LoadUrlFilesThread:156 - End of LoadUrlFiles Thread
2024-04-05 23:29:39,900 [WARN] DbFile:41 - Overriding database path with different value: C:\Users\omrvr\.stmcufinder\plugins\mcufinder/ => C:\Users\omrvr\.stmcufinder\plugins\mcufinder
2024-04-05 23:29:40,071 [INFO] ServerAccessManage:473 - Download File api_config.json
2024-04-05 23:29:40,182 [INFO] LoadUrlFilesThread:156 - End of LoadUrlFiles Thread
2024-04-05 23:29:40,188 [INFO] DbMcusAds:53 - JSON generation date=Wed Nov 29 13:52:27 TRT 2023 (1701255147349)
2024-04-05 23:29:40,479 [INFO] ServerAccessManage:473 - Download File 
2024-04-05 23:29:40,573 [INFO] LoadUrlFilesThread:185 - End of LoadServerUrlFiles without Thread
2024-04-05 23:29:40,575 [INFO] TargetSelectorAdapter:259 - Refresh data is successful
2024-04-05 23:29:40,724 [INFO] ApiDb:581 - Connected to CubeFinder SQLite database (C:\Users\omrvr\.stmcufinder\plugins\mcufinder\mcu\cube-finder-db.db)
2024-04-05 23:29:40,788 [INFO] ApiDb:668 - CubeFinder database Data Model version=2.1
2024-04-05 23:29:40,789 [INFO] ApiDb:669 - CubeFinder database Configuration version=3.0.39
2024-04-05 23:29:40,790 [INFO] ApiDb:670 - CubeFinder database generation date=2024-03-25 (1711369621)
2024-04-05 23:29:40,790 [INFO] ApiDb:671 - CubeFinder database FW Pack versions=[FP-ATR-ASTRA1_V2.0.0, FP-SNS-FLIGHT1_V5.0.1, FP-SNS-FLIGHT1_V5.0.2, FP-SNS-MOTENV1_V4.3.1, FP-SNS-MOTENV1_V4.3.2, FP-SNS-MOTENVWB1_V1.3.1, FP-SNS-SMARTAG2_V1.2.0, STM32Cube_FW_C0_V1.1.0, STM32Cube_FW_F4_V1.28.0, STM32Cube_FW_F7_V1.17.0, STM32Cube_FW_G0_V1.6.2, STM32Cube_FW_G4_V1.5.2, STM32Cube_FW_H5_V0.5.1, STM32Cube_FW_H5_V1.1.1, STM32Cube_FW_H5_V1.2.0, STM32Cube_FW_H5_V1.2.0RC4, STM32Cube_FW_H7RS_V1.0.0, STM32Cube_FW_H7RS_V1.0.0RC4, STM32Cube_FW_H7_V1.11.0, STM32Cube_FW_L0_V1.12.2, STM32Cube_FW_L5_V1.5.1, STM32Cube_FW_U0_V1.0.0, STM32Cube_FW_U0_V1.0.0RC1, STM32Cube_FW_U5_V1.3.0RC4, STM32Cube_FW_U5_V1.5.0, STM32Cube_FW_U5_V1.5.0RC1, STM32Cube_FW_WBA_V1.0.0RC1, STM32Cube_FW_WBA_V1.2.0, STM32Cube_FW_WBA_V1.2.0RC2, STM32Cube_FW_WBA_V1.3.0, STM32Cube_FW_WBA_V1.3.0RC1, STM32Cube_FW_WB_V1.15.0RC1, STM32Cube_FW_WB_V1.16.0, STM32Cube_FW_WB_V1.16.0RC2, STM32Cube_FW_WB_V1.18.0, STM32Cube_FW_WB_V1.19.0, STM32Cube_FW_WL_V1.3.0, X-CUBE-ALGOBUILD_V1.3.0, X-CUBE-ALS_V1.0.1, X-CUBE-AZRTOS-F4_V1.1.0, X-CUBE-AZRTOS-F7_V1.1.0, X-CUBE-AZRTOS-G0_V1.1.0, X-CUBE-AZRTOS-G4_V2.0.0, X-CUBE-AZRTOS-H7_V3.2.0, X-CUBE-AZRTOS-L4_V1.0.0, X-CUBE-AZRTOS-L4_V2.0.0, X-CUBE-AZRTOS-L5_V1.1.0, X-CUBE-AZRTOS-WB_V2.0.0, X-CUBE-AZRTOS-WL_V2.0.0, X-CUBE-BLE1_V7.0.0, X-CUBE-BLE2_V3.3.0, X-CUBE-BLEMGR_V3.1.0, X-CUBE-EEPRMA1_V4.1.0, X-CUBE-EEPRMA1_V5.1.0, X-CUBE-FREERTOS_V1.1.0, X-CUBE-GNSS1_V6.0.0, X-CUBE-MEMS1_V10.0.0, X-CUBE-MEMS1_V9.1.0, X-CUBE-MEMS1_V9.4.0, X-CUBE-MEMS1_V9.6.0, X-CUBE-NFC4_V3.0.0, X-CUBE-NFC7_V1.0.1, X-CUBE-SFXS2LP1_V4.0.0, X-CUBE-SUBG2_V5.0.0, X-CUBE-TOF1_V3.4.0]
2024-04-05 23:29:42,767 [INFO] ApiDb:240 - Found 483 in-development CPN: [B-G473E-ZEST1S, B-WB1M-WPAN1, B-WL5M-SUBG1, NUCLEO-C031C6, NUCLEO-H503RB, NUCLEO-H533RE, NUCLEO-H563ZI, NUCLEO-H7S3L8, NUCLEO-U031R8, NUCLEO-U083RC, NUCLEO-U545RE-Q, NUCLEO-U5A5ZJ-Q, NUCLEO-WBA52CG, NUCLEO-WBA55CG, STEVAL-PROTEUS1, STEVAL-SMARTAG2, STEVAL-STWINBX1, STM320518-EVAL, STM32C0116-DK, STM32C011D6Y3TR, STM32C011D6Y6TR, STM32C011F4P3, STM32C011F4P6, STM32C011F4U3, STM32C011F4U6TR, STM32C011F6P3, STM32C011F6P6, STM32C011F6U3, STM32C011F6U6TR, STM32C011J4M3, STM32C011J4M6, STM32C011J6M3, STM32C011J6M6, STM32C0316-DK, STM32C031C4T3, STM32C031C4T6, STM32C031C4U3, STM32C031C4U6, STM32C031C6T3, STM32C031C6T6, STM32C031C6U3, STM32C031C6U6, STM32C031F4P3, STM32C031F4P6, STM32C031F6P3, STM32C031F6P6, STM32C031G4U3, STM32C031G4U6, STM32C031G6U3, STM32C031G6U6, STM32C031K4T3, STM32C031K4T6, STM32C031K4U3, STM32C031K4U6, STM32C031K6T3, STM32C031K6T6, STM32C031K6U3, STM32C031K6U6, STM32G071K8TXN, STM32G071K8UXN, STM32G081GBU6N, STM32G081KBT6N, STM32G081KBUXN, STM32G0B1CCT6N, STM32G0B1KCT6, STM32G0B1NEY6TR, STM32G0B1RCT6N, STM32G0C1CCT6, STM32G0C1CCT6N, STM32G0C1CCU6N, STM32G0C1CET6N, STM32G0C1CEU6N, STM32G0C1KCT6, STM32G0C1NEY6TR, STM32G0C1RCI6N, STM32G0C1RCT6N, STM32G0C1REI6N, STM32G0C1RET6N, STM32G0C1VCI6, STM32G0C1VEI6, STM32G471CCT6, STM32G471CCU6, STM32G471CET3, STM32G471CET6, STM32G471CEU3, STM32G471CEU6, STM32G471MCT6, STM32G471MET3, STM32G471MET6, STM32G471MEY6TR, STM32G471QCT6, STM32G471QET3, STM32G471RCT6, STM32G471RET3, STM32G471RET6, STM32G471VCH6, STM32G471VCI6, STM32G471VCT6, STM32G471VEH3, STM32G471VEH6, STM32G471VEI3, STM32G471VEI6, STM32G471VET3, STM32G471VET6, STM32G474CCT6, STM32H503CBT6, STM32H503CBU6, STM32H503EBY6TR, STM32H503KBU6, STM32H503RBT6, STM32H523CCT6, STM32H523CCU6, STM32H523CET6, STM32H523CEU6, STM32H523HEY6TR, STM32H523RCT6, STM32H523RET6, STM32H523VCI6, STM32H523VCT6, STM32H523VEI6, STM32H523VET6, STM32H523ZCJ6, STM32H523ZCT6, STM32H523ZEJ6, STM32H523ZET6, STM32H533CET6, STM32H533CEU6, STM32H533HEY6TR, STM32H533RET6, STM32H533VEI6, STM32H533VET6, STM32H533ZEJ6, STM32H533ZET6, STM32H562AGI6, STM32H562AII6, STM32H562IGK6, STM32H562IGT6, STM32H562IIK6, STM32H562IIT6, STM32H562RGT6, STM32H562RGV6, STM32H562RIT6, STM32H562RIV6, STM32H562VGT6, STM32H562VIT6, STM32H562ZGT6, STM32H562ZIT6, STM32H563AGI6, STM32H563AII3Q, STM32H563AII6, STM32H563IGK6, STM32H563IGT6, STM32H563IIK3Q, STM32H563IIK6, STM32H563IIT3Q, STM32H563IIT6, STM32H563MIY3QTR, STM32H563RGT6, STM32H563RGV6, STM32H563RIT6, STM32H563RIV6, STM32H563VGT6, STM32H563VIT3Q, STM32H563VIT6, STM32H563ZGT6, STM32H563ZIT3Q, STM32H563ZIT6, STM32H573AII3Q, STM32H573AII6, STM32H573I-DK, STM32H573IIK3Q, STM32H573IIK6, STM32H573IIT3Q, STM32H573IIT6, STM32H573MIY3QTR, STM32H573RIT6, STM32H573RIV6, STM32H573VIT3Q, STM32H573VIT6, STM32H573ZIT3Q, STM32H573ZIT6, STM32H7R3A8I6, STM32H7R3I8K6, STM32H7R3I8T6, STM32H7R3L8H6, STM32H7R3L8H6H, STM32H7R3R8V6, STM32H7R3V8H6, STM32H7R3V8T6, STM32H7R3V8Y6, STM32H7R3Z8J6, STM32H7R3Z8T6, STM32H7R7A8I6, STM32H7R7I8K6, STM32H7R7I8T6, STM32H7R7L8H6, STM32H7R7L8H6H, STM32H7R7Z8J6, STM32H7S3A8I6, STM32H7S3I8K6, STM32H7S3I8T6, STM32H7S3L8H6, STM32H7S3L8H6H, STM32H7S3R8V6, STM32H7S3V8H6, STM32H7S3V8T6, STM32H7S3V8Y6, STM32H7S3Z8J6, STM32H7S3Z8T6, STM32H7S78-DK, STM32H7S7A8I6, STM32H7S7I8K6, STM32H7S7I8T6, STM32H7S7L8H6, STM32H7S7L8H6H, STM32H7S7Z8J6, STM32L4R5QGI6STR, STM32MP131AAE3, STM32MP131AAF3, STM32MP131AAG3, STM32MP131CAE3, STM32MP131CAF3, STM32MP131CAG3, STM32MP131DAE7, STM32MP131DAF7, STM32MP131DAG7, STM32MP131FAE7, STM32MP131FAF7, STM32MP131FAG7, STM32MP133AAE3, STM32MP133AAF3, STM32MP133AAG3, STM32MP133CAE3, STM32MP133CAF3, STM32MP133CAG3, STM32MP133DAE7, STM32MP133DAF7, STM32MP133DAG7, STM32MP133FAE7, STM32MP133FAF7, STM32MP133FAG7, STM32MP135AAE3, STM32MP135AAF3, STM32MP135AAG3, STM32MP135CAE3, STM32MP135CAF3, STM32MP135CAG3, STM32MP135DAE7, STM32MP135DAF7, STM32MP135DAG7, STM32MP135F-DK, STM32MP135FAE7, STM32MP135FAF7, STM32MP135FAF7T, STM32MP135FAF7U, STM32MP135FAG7, STM32U031C6T6, STM32U031C6U6, STM32U031C8T6, STM32U031C8U6, STM32U031F4P6, STM32U031F6P6, STM32U031F8P6, STM32U031G6Y6TR, STM32U031G8Y6TR, STM32U031K4U6, STM32U031K6U6, STM32U031K8U6, STM32U031R6I6, STM32U031R6T6, STM32U031R8I6, STM32U031R8T6, STM32U073C8T6, STM32U073C8U6, STM32U073CBT6, STM32U073CBU6, STM32U073CCT6, STM32U073CCU6, STM32U073H8Y6TR, STM32U073HBY6TR, STM32U073HCY6TR, STM32U073K8U6, STM32U073KBU6, STM32U073KCU6, STM32U073M8I6, STM32U073M8T6, STM32U073MBI6, STM32U073MBT6, STM32U073MCI6, STM32U073MCT6, STM32U073R8I6, STM32U073R8T6, STM32U073RBI6, STM32U073RBT6, STM32U073RCI6, STM32U073RCT6, STM32U083C-DK, STM32U083CCT6, STM32U083CCU6, STM32U083HCY6TR, STM32U083KCU6, STM32U083MCI6, STM32U083MCT6, STM32U083RCI6, STM32U083RCT6, STM32U535CBT6, STM32U535CBT6Q, STM32U535CBU6, STM32U535CBU6Q, STM32U535CCT6, STM32U535CCT6Q, STM32U535CCU6, STM32U535CCU6Q, STM32U535CET6, STM32U535CET6Q, STM32U535CEU6, STM32U535CEU6Q, STM32U535JEY6QTR, STM32U535NCY6QTR, STM32U535NEY6QTR, STM32U535RBI6, STM32U535RBI6Q, STM32U535RBT6, STM32U535RBT6Q, STM32U535RCI6, STM32U535RCI6Q, STM32U535RCT6, STM32U535RCT6Q, STM32U535REI6, STM32U535REI6Q, STM32U535RET6, STM32U535RET6Q, STM32U535VCI6, STM32U535VCI6Q, STM32U535VCT6, STM32U535VCT6Q, STM32U535VEI6, STM32U535VEI6Q, STM32U535VET6, STM32U535VET6Q, STM32U545CET6, STM32U545CET6Q, STM32U545CEU6, STM32U545CEU6Q, STM32U545JEY6QTR, STM32U545NEY6QTR, STM32U545REI6, STM32U545REI6Q, STM32U545RET6, STM32U545RET6Q, STM32U545VEI6, STM32U545VEI6Q, STM32U545VET6, STM32U545VET6Q, STM32U595AIH6, STM32U595AIH6Q, STM32U595AJH6, STM32U595AJH6Q, STM32U595QII6, STM32U595QII6Q, STM32U595QJI6, STM32U595QJI6Q, STM32U595RIT6, STM32U595RIT6Q, STM32U595RJT6, STM32U595RJT6Q, STM32U595VIT6, STM32U595VIT6Q, STM32U595VJT6, STM32U595VJT6Q, STM32U595ZIT6, STM32U595ZIT6Q, STM32U595ZIY6QTR, STM32U595ZJT6, STM32U595ZJT6Q, STM32U595ZJY6QTR, STM32U599BJY6QTR, STM32U599NIH6Q, STM32U599NJH6Q, STM32U599VIT6Q, STM32U599VJT6, STM32U599VJT6Q, STM32U599ZIT6Q, STM32U599ZIY6QTR, STM32U599ZJT6Q, STM32U599ZJY6QTR, STM32U5A5AJH6, STM32U5A5AJH6Q, STM32U5A5QII3Q , STM32U5A5QJI6, STM32U5A5QJI6Q, STM32U5A5RJT6, STM32U5A5RJT6Q, STM32U5A5VJT6, STM32U5A5VJT6Q, STM32U5A5ZJT6, STM32U5A5ZJT6Q, STM32U5A5ZJY6QTR, STM32U5A9BJY6QTR, STM32U5A9J-DK, STM32U5A9NJH6Q, STM32U5A9VJT6Q, STM32U5A9ZJT6Q, STM32U5A9ZJY6QTR, STM32U5F7VIT6, STM32U5F7VIT6Q, STM32U5F7VJT6, STM32U5F7VJT6Q, STM32U5F9BJY6QTR, STM32U5F9NJH6Q, STM32U5F9VIT6Q, STM32U5F9VJT6Q, STM32U5F9ZIJ6QTR, STM32U5F9ZIT6Q, STM32U5F9ZJJ6QTR, STM32U5F9ZJT6Q, STM32U5G7VJT6, STM32U5G7VJT6Q, STM32U5G9BJY6QTR, STM32U5G9J-DK1, STM32U5G9J-DK2, STM32U5G9NJH6Q, STM32U5G9VJT6Q, STM32U5G9ZJJ6QTR, STM32U5G9ZJT6Q, STM32WB1MMCH6, STM32WBA50KEU6, STM32WBA50KEU6TR, STM32WBA50KGU6, STM32WBA50KGU6TR, STM32WBA52CEU6, STM32WBA52CEU6TR, STM32WBA52CEU7, STM32WBA52CEU7TR, STM32WBA52CGU6, STM32WBA52CGU6TR, STM32WBA52CGU6U, STM32WBA52CGU7, STM32WBA52CGU7TR, STM32WBA52KEU6, STM32WBA52KEU6TR, STM32WBA52KGU6, STM32WBA52KGU6TR, STM32WBA54CEU6, STM32WBA54CEU6TR, STM32WBA54CEU7, STM32WBA54CEU7TR, STM32WBA54CGU6, STM32WBA54CGU6TR, STM32WBA54CGU7, STM32WBA54CGU7TR, STM32WBA54KEU6, STM32WBA54KEU6TR, STM32WBA54KEU7, STM32WBA54KEU7TR, STM32WBA54KGU6, STM32WBA54KGU6TR, STM32WBA54KGU7, STM32WBA54KGU7TR, STM32WBA55CEU6, STM32WBA55CEU6TR, STM32WBA55CEU7, STM32WBA55CEU7TR, STM32WBA55CGU6, STM32WBA55CGU6TR, STM32WBA55CGU6U, STM32WBA55CGU7, STM32WBA55CGU7TR, STM32WBA55G-DK1, STM32WBA55HEF6, STM32WBA55HEF7, STM32WBA55HGF6, STM32WBA55HGF7, STM32WBA55UEI6, STM32WBA55UEI6TR, STM32WBA55UEI7, STM32WBA55UEI7TR, STM32WBA55UGI6, STM32WBA55UGI6TR, STM32WBA55UGI7, STM32WBA55UGI7TR, STM32WL5MOCH6, STM32WL5MOCH6TR]
2024-04-05 23:29:42,776 [INFO] DbMcus:218 - Found 4094 MCUs, 4094 are supported
2024-04-05 23:29:42,776 [INFO] ApiDb:414 - User favorites file not found: C:\Users\omrvr/.stm32cubeide/favorites.mcus.txt
2024-04-05 23:29:42,777 [INFO] DbMcus:224 - Set 0 / 0 favorites MCUs
2024-04-05 23:29:43,071 [INFO] ApiDb:668 - CubeFinder database Data Model version=2.1
2024-04-05 23:29:43,072 [INFO] ApiDb:669 - CubeFinder database Configuration version=3.0.39
2024-04-05 23:29:43,072 [INFO] ApiDb:670 - CubeFinder database generation date=2024-03-25 (1711369621)
2024-04-05 23:29:43,072 [INFO] ApiDb:671 - CubeFinder database FW Pack versions=[FP-ATR-ASTRA1_V2.0.0, FP-SNS-FLIGHT1_V5.0.1, FP-SNS-FLIGHT1_V5.0.2, FP-SNS-MOTENV1_V4.3.1, FP-SNS-MOTENV1_V4.3.2, FP-SNS-MOTENVWB1_V1.3.1, FP-SNS-SMARTAG2_V1.2.0, STM32Cube_FW_C0_V1.1.0, STM32Cube_FW_F4_V1.28.0, STM32Cube_FW_F7_V1.17.0, STM32Cube_FW_G0_V1.6.2, STM32Cube_FW_G4_V1.5.2, STM32Cube_FW_H5_V0.5.1, STM32Cube_FW_H5_V1.1.1, STM32Cube_FW_H5_V1.2.0, STM32Cube_FW_H5_V1.2.0RC4, STM32Cube_FW_H7RS_V1.0.0, STM32Cube_FW_H7RS_V1.0.0RC4, STM32Cube_FW_H7_V1.11.0, STM32Cube_FW_L0_V1.12.2, STM32Cube_FW_L5_V1.5.1, STM32Cube_FW_U0_V1.0.0, STM32Cube_FW_U0_V1.0.0RC1, STM32Cube_FW_U5_V1.3.0RC4, STM32Cube_FW_U5_V1.5.0, STM32Cube_FW_U5_V1.5.0RC1, STM32Cube_FW_WBA_V1.0.0RC1, STM32Cube_FW_WBA_V1.2.0, STM32Cube_FW_WBA_V1.2.0RC2, STM32Cube_FW_WBA_V1.3.0, STM32Cube_FW_WBA_V1.3.0RC1, STM32Cube_FW_WB_V1.15.0RC1, STM32Cube_FW_WB_V1.16.0, STM32Cube_FW_WB_V1.16.0RC2, STM32Cube_FW_WB_V1.18.0, STM32Cube_FW_WB_V1.19.0, STM32Cube_FW_WL_V1.3.0, X-CUBE-ALGOBUILD_V1.3.0, X-CUBE-ALS_V1.0.1, X-CUBE-AZRTOS-F4_V1.1.0, X-CUBE-AZRTOS-F7_V1.1.0, X-CUBE-AZRTOS-G0_V1.1.0, X-CUBE-AZRTOS-G4_V2.0.0, X-CUBE-AZRTOS-H7_V3.2.0, X-CUBE-AZRTOS-L4_V1.0.0, X-CUBE-AZRTOS-L4_V2.0.0, X-CUBE-AZRTOS-L5_V1.1.0, X-CUBE-AZRTOS-WB_V2.0.0, X-CUBE-AZRTOS-WL_V2.0.0, X-CUBE-BLE1_V7.0.0, X-CUBE-BLE2_V3.3.0, X-CUBE-BLEMGR_V3.1.0, X-CUBE-EEPRMA1_V4.1.0, X-CUBE-EEPRMA1_V5.1.0, X-CUBE-FREERTOS_V1.1.0, X-CUBE-GNSS1_V6.0.0, X-CUBE-MEMS1_V10.0.0, X-CUBE-MEMS1_V9.1.0, X-CUBE-MEMS1_V9.4.0, X-CUBE-MEMS1_V9.6.0, X-CUBE-NFC4_V3.0.0, X-CUBE-NFC7_V1.0.1, X-CUBE-SFXS2LP1_V4.0.0, X-CUBE-SUBG2_V5.0.0, X-CUBE-TOF1_V3.4.0]
2024-04-05 23:29:43,121 [INFO] DbBoardsSqlite:226 - include board P-NUCLEO-WB55-NUCLEO as a kit item of type 'Nucleo-64'
2024-04-05 23:29:43,121 [INFO] DbBoardsSqlite:226 - include board P-NUCLEO-WB55-USBDONGLE as a kit item of type 'Nucleo USB Dongle'
2024-04-05 23:29:43,121 [INFO] DbBoardsSqlite:226 - include board STEVAL-IDP005V1 as a kit item of type 'Evaluation Board'
2024-04-05 23:29:43,122 [INFO] DbBoardsSqlite:226 - include board STEVAL-IDP005V2 as a kit item of type 'Evaluation Board'
2024-04-05 23:29:43,166 [INFO] ApiDb:240 - Found 483 in-development CPN: [B-G473E-ZEST1S, B-WB1M-WPAN1, B-WL5M-SUBG1, NUCLEO-C031C6, NUCLEO-H503RB, NUCLEO-H533RE, NUCLEO-H563ZI, NUCLEO-H7S3L8, NUCLEO-U031R8, NUCLEO-U083RC, NUCLEO-U545RE-Q, NUCLEO-U5A5ZJ-Q, NUCLEO-WBA52CG, NUCLEO-WBA55CG, STEVAL-PROTEUS1, STEVAL-SMARTAG2, STEVAL-STWINBX1, STM320518-EVAL, STM32C0116-DK, STM32C011D6Y3TR, STM32C011D6Y6TR, STM32C011F4P3, STM32C011F4P6, STM32C011F4U3, STM32C011F4U6TR, STM32C011F6P3, STM32C011F6P6, STM32C011F6U3, STM32C011F6U6TR, STM32C011J4M3, STM32C011J4M6, STM32C011J6M3, STM32C011J6M6, STM32C0316-DK, STM32C031C4T3, STM32C031C4T6, STM32C031C4U3, STM32C031C4U6, STM32C031C6T3, STM32C031C6T6, STM32C031C6U3, STM32C031C6U6, STM32C031F4P3, STM32C031F4P6, STM32C031F6P3, STM32C031F6P6, STM32C031G4U3, STM32C031G4U6, STM32C031G6U3, STM32C031G6U6, STM32C031K4T3, STM32C031K4T6, STM32C031K4U3, STM32C031K4U6, STM32C031K6T3, STM32C031K6T6, STM32C031K6U3, STM32C031K6U6, STM32G071K8TXN, STM32G071K8UXN, STM32G081GBU6N, STM32G081KBT6N, STM32G081KBUXN, STM32G0B1CCT6N, STM32G0B1KCT6, STM32G0B1NEY6TR, STM32G0B1RCT6N, STM32G0C1CCT6, STM32G0C1CCT6N, STM32G0C1CCU6N, STM32G0C1CET6N, STM32G0C1CEU6N, STM32G0C1KCT6, STM32G0C1NEY6TR, STM32G0C1RCI6N, STM32G0C1RCT6N, STM32G0C1REI6N, STM32G0C1RET6N, STM32G0C1VCI6, STM32G0C1VEI6, STM32G471CCT6, STM32G471CCU6, STM32G471CET3, STM32G471CET6, STM32G471CEU3, STM32G471CEU6, STM32G471MCT6, STM32G471MET3, STM32G471MET6, STM32G471MEY6TR, STM32G471QCT6, STM32G471QET3, STM32G471RCT6, STM32G471RET3, STM32G471RET6, STM32G471VCH6, STM32G471VCI6, STM32G471VCT6, STM32G471VEH3, STM32G471VEH6, STM32G471VEI3, STM32G471VEI6, STM32G471VET3, STM32G471VET6, STM32G474CCT6, STM32H503CBT6, STM32H503CBU6, STM32H503EBY6TR, STM32H503KBU6, STM32H503RBT6, STM32H523CCT6, STM32H523CCU6, STM32H523CET6, STM32H523CEU6, STM32H523HEY6TR, STM32H523RCT6, STM32H523RET6, STM32H523VCI6, STM32H523VCT6, STM32H523VEI6, STM32H523VET6, STM32H523ZCJ6, STM32H523ZCT6, STM32H523ZEJ6, STM32H523ZET6, STM32H533CET6, STM32H533CEU6, STM32H533HEY6TR, STM32H533RET6, STM32H533VEI6, STM32H533VET6, STM32H533ZEJ6, STM32H533ZET6, STM32H562AGI6, STM32H562AII6, STM32H562IGK6, STM32H562IGT6, STM32H562IIK6, STM32H562IIT6, STM32H562RGT6, STM32H562RGV6, STM32H562RIT6, STM32H562RIV6, STM32H562VGT6, STM32H562VIT6, STM32H562ZGT6, STM32H562ZIT6, STM32H563AGI6, STM32H563AII3Q, STM32H563AII6, STM32H563IGK6, STM32H563IGT6, STM32H563IIK3Q, STM32H563IIK6, STM32H563IIT3Q, STM32H563IIT6, STM32H563MIY3QTR, STM32H563RGT6, STM32H563RGV6, STM32H563RIT6, STM32H563RIV6, STM32H563VGT6, STM32H563VIT3Q, STM32H563VIT6, STM32H563ZGT6, STM32H563ZIT3Q, STM32H563ZIT6, STM32H573AII3Q, STM32H573AII6, STM32H573I-DK, STM32H573IIK3Q, STM32H573IIK6, STM32H573IIT3Q, STM32H573IIT6, STM32H573MIY3QTR, STM32H573RIT6, STM32H573RIV6, STM32H573VIT3Q, STM32H573VIT6, STM32H573ZIT3Q, STM32H573ZIT6, STM32H7R3A8I6, STM32H7R3I8K6, STM32H7R3I8T6, STM32H7R3L8H6, STM32H7R3L8H6H, STM32H7R3R8V6, STM32H7R3V8H6, STM32H7R3V8T6, STM32H7R3V8Y6, STM32H7R3Z8J6, STM32H7R3Z8T6, STM32H7R7A8I6, STM32H7R7I8K6, STM32H7R7I8T6, STM32H7R7L8H6, STM32H7R7L8H6H, STM32H7R7Z8J6, STM32H7S3A8I6, STM32H7S3I8K6, STM32H7S3I8T6, STM32H7S3L8H6, STM32H7S3L8H6H, STM32H7S3R8V6, STM32H7S3V8H6, STM32H7S3V8T6, STM32H7S3V8Y6, STM32H7S3Z8J6, STM32H7S3Z8T6, STM32H7S78-DK, STM32H7S7A8I6, STM32H7S7I8K6, STM32H7S7I8T6, STM32H7S7L8H6, STM32H7S7L8H6H, STM32H7S7Z8J6, STM32L4R5QGI6STR, STM32MP131AAE3, STM32MP131AAF3, STM32MP131AAG3, STM32MP131CAE3, STM32MP131CAF3, STM32MP131CAG3, STM32MP131DAE7, STM32MP131DAF7, STM32MP131DAG7, STM32MP131FAE7, STM32MP131FAF7, STM32MP131FAG7, STM32MP133AAE3, STM32MP133AAF3, STM32MP133AAG3, STM32MP133CAE3, STM32MP133CAF3, STM32MP133CAG3, STM32MP133DAE7, STM32MP133DAF7, STM32MP133DAG7, STM32MP133FAE7, STM32MP133FAF7, STM32MP133FAG7, STM32MP135AAE3, STM32MP135AAF3, STM32MP135AAG3, STM32MP135CAE3, STM32MP135CAF3, STM32MP135CAG3, STM32MP135DAE7, STM32MP135DAF7, STM32MP135DAG7, STM32MP135F-DK, STM32MP135FAE7, STM32MP135FAF7, STM32MP135FAF7T, STM32MP135FAF7U, STM32MP135FAG7, STM32U031C6T6, STM32U031C6U6, STM32U031C8T6, STM32U031C8U6, STM32U031F4P6, STM32U031F6P6, STM32U031F8P6, STM32U031G6Y6TR, STM32U031G8Y6TR, STM32U031K4U6, STM32U031K6U6, STM32U031K8U6, STM32U031R6I6, STM32U031R6T6, STM32U031R8I6, STM32U031R8T6, STM32U073C8T6, STM32U073C8U6, STM32U073CBT6, STM32U073CBU6, STM32U073CCT6, STM32U073CCU6, STM32U073H8Y6TR, STM32U073HBY6TR, STM32U073HCY6TR, STM32U073K8U6, STM32U073KBU6, STM32U073KCU6, STM32U073M8I6, STM32U073M8T6, STM32U073MBI6, STM32U073MBT6, STM32U073MCI6, STM32U073MCT6, STM32U073R8I6, STM32U073R8T6, STM32U073RBI6, STM32U073RBT6, STM32U073RCI6, STM32U073RCT6, STM32U083C-DK, STM32U083CCT6, STM32U083CCU6, STM32U083HCY6TR, STM32U083KCU6, STM32U083MCI6, STM32U083MCT6, STM32U083RCI6, STM32U083RCT6, STM32U535CBT6, STM32U535CBT6Q, STM32U535CBU6, STM32U535CBU6Q, STM32U535CCT6, STM32U535CCT6Q, STM32U535CCU6, STM32U535CCU6Q, STM32U535CET6, STM32U535CET6Q, STM32U535CEU6, STM32U535CEU6Q, STM32U535JEY6QTR, STM32U535NCY6QTR, STM32U535NEY6QTR, STM32U535RBI6, STM32U535RBI6Q, STM32U535RBT6, STM32U535RBT6Q, STM32U535RCI6, STM32U535RCI6Q, STM32U535RCT6, STM32U535RCT6Q, STM32U535REI6, STM32U535REI6Q, STM32U535RET6, STM32U535RET6Q, STM32U535VCI6, STM32U535VCI6Q, STM32U535VCT6, STM32U535VCT6Q, STM32U535VEI6, STM32U535VEI6Q, STM32U535VET6, STM32U535VET6Q, STM32U545CET6, STM32U545CET6Q, STM32U545CEU6, STM32U545CEU6Q, STM32U545JEY6QTR, STM32U545NEY6QTR, STM32U545REI6, STM32U545REI6Q, STM32U545RET6, STM32U545RET6Q, STM32U545VEI6, STM32U545VEI6Q, STM32U545VET6, STM32U545VET6Q, STM32U595AIH6, STM32U595AIH6Q, STM32U595AJH6, STM32U595AJH6Q, STM32U595QII6, STM32U595QII6Q, STM32U595QJI6, STM32U595QJI6Q, STM32U595RIT6, STM32U595RIT6Q, STM32U595RJT6, STM32U595RJT6Q, STM32U595VIT6, STM32U595VIT6Q, STM32U595VJT6, STM32U595VJT6Q, STM32U595ZIT6, STM32U595ZIT6Q, STM32U595ZIY6QTR, STM32U595ZJT6, STM32U595ZJT6Q, STM32U595ZJY6QTR, STM32U599BJY6QTR, STM32U599NIH6Q, STM32U599NJH6Q, STM32U599VIT6Q, STM32U599VJT6, STM32U599VJT6Q, STM32U599ZIT6Q, STM32U599ZIY6QTR, STM32U599ZJT6Q, STM32U599ZJY6QTR, STM32U5A5AJH6, STM32U5A5AJH6Q, STM32U5A5QII3Q , STM32U5A5QJI6, STM32U5A5QJI6Q, STM32U5A5RJT6, STM32U5A5RJT6Q, STM32U5A5VJT6, STM32U5A5VJT6Q, STM32U5A5ZJT6, STM32U5A5ZJT6Q, STM32U5A5ZJY6QTR, STM32U5A9BJY6QTR, STM32U5A9J-DK, STM32U5A9NJH6Q, STM32U5A9VJT6Q, STM32U5A9ZJT6Q, STM32U5A9ZJY6QTR, STM32U5F7VIT6, STM32U5F7VIT6Q, STM32U5F7VJT6, STM32U5F7VJT6Q, STM32U5F9BJY6QTR, STM32U5F9NJH6Q, STM32U5F9VIT6Q, STM32U5F9VJT6Q, STM32U5F9ZIJ6QTR, STM32U5F9ZIT6Q, STM32U5F9ZJJ6QTR, STM32U5F9ZJT6Q, STM32U5G7VJT6, STM32U5G7VJT6Q, STM32U5G9BJY6QTR, STM32U5G9J-DK1, STM32U5G9J-DK2, STM32U5G9NJH6Q, STM32U5G9VJT6Q, STM32U5G9ZJJ6QTR, STM32U5G9ZJT6Q, STM32WB1MMCH6, STM32WBA50KEU6, STM32WBA50KEU6TR, STM32WBA50KGU6, STM32WBA50KGU6TR, STM32WBA52CEU6, STM32WBA52CEU6TR, STM32WBA52CEU7, STM32WBA52CEU7TR, STM32WBA52CGU6, STM32WBA52CGU6TR, STM32WBA52CGU6U, STM32WBA52CGU7, STM32WBA52CGU7TR, STM32WBA52KEU6, STM32WBA52KEU6TR, STM32WBA52KGU6, STM32WBA52KGU6TR, STM32WBA54CEU6, STM32WBA54CEU6TR, STM32WBA54CEU7, STM32WBA54CEU7TR, STM32WBA54CGU6, STM32WBA54CGU6TR, STM32WBA54CGU7, STM32WBA54CGU7TR, STM32WBA54KEU6, STM32WBA54KEU6TR, STM32WBA54KEU7, STM32WBA54KEU7TR, STM32WBA54KGU6, STM32WBA54KGU6TR, STM32WBA54KGU7, STM32WBA54KGU7TR, STM32WBA55CEU6, STM32WBA55CEU6TR, STM32WBA55CEU7, STM32WBA55CEU7TR, STM32WBA55CGU6, STM32WBA55CGU6TR, STM32WBA55CGU6U, STM32WBA55CGU7, STM32WBA55CGU7TR, STM32WBA55G-DK1, STM32WBA55HEF6, STM32WBA55HEF7, STM32WBA55HGF6, STM32WBA55HGF7, STM32WBA55UEI6, STM32WBA55UEI6TR, STM32WBA55UEI7, STM32WBA55UEI7TR, STM32WBA55UGI6, STM32WBA55UGI6TR, STM32WBA55UGI7, STM32WBA55UGI7TR, STM32WL5MOCH6, STM32WL5MOCH6TR]
2024-04-05 23:29:43,270 [INFO] BoardInfo:889 - No configuration file found for board P-NUCLEO-WB55
2024-04-05 23:29:43,270 [INFO] DbBoards:161 - Kit is not supported: P-NUCLEO-WB55
2024-04-05 23:29:43,274 [INFO] BoardInfo:889 - No configuration file found for board STEVAL-BFA001V1B
2024-04-05 23:29:43,274 [INFO] DbBoards:161 - Kit is not supported: STEVAL-BFA001V1B
2024-04-05 23:29:43,275 [INFO] BoardInfo:889 - No configuration file found for board STEVAL-BFA001V2B
2024-04-05 23:29:43,275 [INFO] DbBoards:161 - Kit is not supported: STEVAL-BFA001V2B
2024-04-05 23:29:43,375 [INFO] DbBoards:168 - Found 199 boards, 196 are supported
2024-04-05 23:29:43,375 [INFO] DbBoards:169 - Found 199 boards, 8 of them is supported for  Bsp
2024-04-05 23:29:43,378 [INFO] ApiDb:414 - User favorites file not found: C:\Users\omrvr/.stm32cubeide/favorites.boards.txt
2024-04-05 23:29:43,378 [INFO] DbBoards:198 - Set 0 / 0 favorites Boards
2024-04-05 23:29:43,381 [INFO] ApiDb:668 - CubeFinder database Data Model version=2.1
2024-04-05 23:29:43,381 [INFO] ApiDb:669 - CubeFinder database Configuration version=3.0.39
2024-04-05 23:29:43,381 [INFO] ApiDb:670 - CubeFinder database generation date=2024-03-25 (1711369621)
2024-04-05 23:29:43,381 [INFO] ApiDb:671 - CubeFinder database FW Pack versions=[FP-ATR-ASTRA1_V2.0.0, FP-SNS-FLIGHT1_V5.0.1, FP-SNS-FLIGHT1_V5.0.2, FP-SNS-MOTENV1_V4.3.1, FP-SNS-MOTENV1_V4.3.2, FP-SNS-MOTENVWB1_V1.3.1, FP-SNS-SMARTAG2_V1.2.0, STM32Cube_FW_C0_V1.1.0, STM32Cube_FW_F4_V1.28.0, STM32Cube_FW_F7_V1.17.0, STM32Cube_FW_G0_V1.6.2, STM32Cube_FW_G4_V1.5.2, STM32Cube_FW_H5_V0.5.1, STM32Cube_FW_H5_V1.1.1, STM32Cube_FW_H5_V1.2.0, STM32Cube_FW_H5_V1.2.0RC4, STM32Cube_FW_H7RS_V1.0.0, STM32Cube_FW_H7RS_V1.0.0RC4, STM32Cube_FW_H7_V1.11.0, STM32Cube_FW_L0_V1.12.2, STM32Cube_FW_L5_V1.5.1, STM32Cube_FW_U0_V1.0.0, STM32Cube_FW_U0_V1.0.0RC1, STM32Cube_FW_U5_V1.3.0RC4, STM32Cube_FW_U5_V1.5.0, STM32Cube_FW_U5_V1.5.0RC1, STM32Cube_FW_WBA_V1.0.0RC1, STM32Cube_FW_WBA_V1.2.0, STM32Cube_FW_WBA_V1.2.0RC2, STM32Cube_FW_WBA_V1.3.0, STM32Cube_FW_WBA_V1.3.0RC1, STM32Cube_FW_WB_V1.15.0RC1, STM32Cube_FW_WB_V1.16.0, STM32Cube_FW_WB_V1.16.0RC2, STM32Cube_FW_WB_V1.18.0, STM32Cube_FW_WB_V1.19.0, STM32Cube_FW_WL_V1.3.0, X-CUBE-ALGOBUILD_V1.3.0, X-CUBE-ALS_V1.0.1, X-CUBE-AZRTOS-F4_V1.1.0, X-CUBE-AZRTOS-F7_V1.1.0, X-CUBE-AZRTOS-G0_V1.1.0, X-CUBE-AZRTOS-G4_V2.0.0, X-CUBE-AZRTOS-H7_V3.2.0, X-CUBE-AZRTOS-L4_V1.0.0, X-CUBE-AZRTOS-L4_V2.0.0, X-CUBE-AZRTOS-L5_V1.1.0, X-CUBE-AZRTOS-WB_V2.0.0, X-CUBE-AZRTOS-WL_V2.0.0, X-CUBE-BLE1_V7.0.0, X-CUBE-BLE2_V3.3.0, X-CUBE-BLEMGR_V3.1.0, X-CUBE-EEPRMA1_V4.1.0, X-CUBE-EEPRMA1_V5.1.0, X-CUBE-FREERTOS_V1.1.0, X-CUBE-GNSS1_V6.0.0, X-CUBE-MEMS1_V10.0.0, X-CUBE-MEMS1_V9.1.0, X-CUBE-MEMS1_V9.4.0, X-CUBE-MEMS1_V9.6.0, X-CUBE-NFC4_V3.0.0, X-CUBE-NFC7_V1.0.1, X-CUBE-SFXS2LP1_V4.0.0, X-CUBE-SUBG2_V5.0.0, X-CUBE-TOF1_V3.4.0]
2024-04-05 23:29:44,011 [ERROR] DbExamplesSqlite:437 - Missing JSON key: board_cpn
2024-04-05 23:29:44,014 [ERROR] DbExamplesSqlite:437 - Missing JSON key: board_cpn
2024-04-05 23:29:44,014 [ERROR] DbExamplesSqlite:437 - Missing JSON key: board_cpn
2024-04-05 23:29:44,014 [ERROR] DbExamplesSqlite:437 - Missing JSON key: board_cpn
2024-04-05 23:29:44,127 [INFO] DbExamplesSqlite:395 - Ignored 60 examples not supported by CubeIDE
2024-04-05 23:29:44,127 [INFO] DbExamplesSqlite:396 - Found 8152 examples active
2024-04-05 23:29:44,127 [INFO] DbExamplesSqlite:397 - Found 871 examples obsolete
2024-04-05 23:29:44,127 [INFO] DbExamplesSqlite:398 - Found 0 examples under development
2024-04-05 23:29:44,127 [INFO] DbExamplesSqlite:399 - Found 10 examples not building
2024-04-05 23:29:44,127 [INFO] DbExamples:125 - Found 8102 examples
2024-04-05 23:29:44,163 [ERROR] DbExamples:208 - Found 48 examples with invalid data (board or MCU)
2024-04-05 23:29:44,166 [INFO] DbExamples:222 - Found 101 boards with related examples
2024-04-05 23:29:44,166 [INFO] DbExamples:235 - Found 85 MCUs with related examples
2024-04-05 23:29:44,174 [INFO] ApiDb:414 - User favorites file not found: C:\Users\omrvr/.stm32cubeide/favorites.examples.txt
2024-04-05 23:29:44,174 [INFO] DbExamples:250 - Set 0 / 0 favorites Examples
2024-04-05 23:29:44,509 [INFO] McuFinderGlobals:76 - Set McuFinderConnectedMode to true
2024-04-05 23:29:44,513 [INFO] MultiScanPanel:200 - Auto-refresh data requested => check proxy status ongoing
2024-04-05 23:29:44,513 [INFO] FinderPluginLoader:95 - Searching for filters in installed packs
2024-04-05 23:29:45,592 [INFO] LoadUrlFilesThread:185 - End of LoadServerUrlFiles without Thread
2024-04-05 23:29:45,602 [INFO] DetailPanel:341 - Set advertising image to C:/Users/omrvr/STM32Cube/Repository/\en.prom-stm32wl3-mcu-finder.jpg
2024-04-05 23:30:25,539 [INFO] McuResultTable:1403 - Mark MCU STM32F103C8T6 as favorite
2024-04-05 23:30:36,799 [INFO] McuResultTable:1403 - Mark MCU STM32F100RBT6B as favorite
2024-04-05 23:42:41,732 [INFO] McuFinderGlobals:76 - Set McuFinderConnectedMode to true
2024-04-05 23:42:42,195 [INFO] ApiDb:448 - Save user favorites file C:\Users\omrvr/.stm32cubeide/favorites.mcus.txt: 2 item(s)
2024-04-05 23:42:42,196 [INFO] ApiDb:452 - User favorites MCUs=[STM32F100RBT6B, STM32F103C8T6]
2024-04-05 23:48:12,809 [ERROR] LogOutputStream:75 - [STDERR_REDIRECT] 
2024-04-05 23:48:12,810 [ERROR] LogOutputStream:75 - [STDERR_REDIRECT] 
