2024-08-13 08:18:02,647 [INFO] Activator:176 - 


2024-08-13 08:18:02,655 [INFO] Activator:177 - !SESSION log4j initialized
2024-08-13 08:18:09,317 [INFO] LogOutputStream:77 - [STDOUT_REDIRECT] 
2024-08-13 08:18:10,473 [INFO] ApplicationProperties:184 - Using Application install path: C:\ST\STM32CubeIDE_1.15.0\STM32CubeIDE\plugins\com.st.stm32cube.common.mx_6.12.0.202406281431
2024-08-13 08:18:10,495 [INFO] DbMcusXml:78 - Set database path to: C:\ST\STM32CubeIDE_1.15.0\STM32CubeIDE\plugins\com.st.stm32cube.common.mx_6.12.0.202406281431\\db\/mcu/
2024-08-13 08:18:10,496 [INFO] ApiDb:274 - Set plugin database path to: C:\ST\STM32CubeIDE_1.15.0\STM32CubeIDE\plugins\com.st.stm32cube.common.mx_6.12.0.202406281431\\db\/plugins/boardmanager/
2024-08-13 08:18:10,496 [WARN] ApiDb:259 - Overriding images path with different value:  => C:\ST\STM32CubeIDE_1.15.0\STM32CubeIDE\plugins\com.st.stm32cube.common.mx_6.12.0.202406281431\\db\/plugins/mcufinder/images/
2024-08-13 08:18:10,505 [INFO] ApiDb:250 - Set database path to: C:\Users\omrvr\.stmcufinder\plugins\mcufinder//mcu/
2024-08-13 08:18:10,506 [INFO] DbMcusAds:125 - Set database path to: C:\Users\omrvr\.stmcufinder\plugins\mcufinder//mcu/
2024-08-13 08:18:10,509 [INFO] CrossReferenceDbSqlite:203 - Set database path to: C:\Users\omrvr\.stmcufinder\plugins\mcufinder//mcu/cs/
2024-08-13 08:18:10,631 [INFO] RulesReader:64 - Compatibility file has been processed (297 Rules)
2024-08-13 08:18:10,739 [INFO] DbMcusXml:78 - Set database path to: C:\ST\STM32CubeIDE_1.15.0\STM32CubeIDE\plugins\com.st.stm32cube.common.mx_6.12.0.202406281431\\db\/mcu/
2024-08-13 08:18:10,739 [INFO] ApiDb:274 - Set plugin database path to: C:\ST\STM32CubeIDE_1.15.0\STM32CubeIDE\plugins\com.st.stm32cube.common.mx_6.12.0.202406281431\\db\/plugins/boardmanager/
2024-08-13 08:18:10,739 [INFO] ApiDb:261 - Set plugin images path to: C:\ST\STM32CubeIDE_1.15.0\STM32CubeIDE\plugins\com.st.stm32cube.common.mx_6.12.0.202406281431\\db\/plugins/mcufinder/images/
2024-08-13 08:18:10,739 [WARN] DbFile:41 - Overriding database path with different value: C:\Users\omrvr\.stmcufinder\plugins\mcufinder/ => C:\Users\omrvr\.stmcufinder\plugins\mcufinder
2024-08-13 08:18:10,739 [INFO] ApiDb:250 - Set database path to: C:\Users\omrvr\.stmcufinder\plugins\mcufinder//mcu/
2024-08-13 08:18:10,741 [WARN] DbFile:41 - Overriding database path with different value: C:\Users\omrvr\.stmcufinder\plugins\mcufinder/ => C:\Users\omrvr\.stmcufinder\plugins\mcufinder
2024-08-13 08:18:10,741 [INFO] DbMcusAds:125 - Set database path to: C:\Users\omrvr\.stmcufinder\plugins\mcufinder//mcu/
2024-08-13 08:18:10,741 [WARN] DbFile:41 - Overriding database path with different value: C:\Users\omrvr\.stmcufinder\plugins\mcufinder/ => C:\Users\omrvr\.stmcufinder\plugins\mcufinder
2024-08-13 08:18:10,741 [WARN] DbFile:41 - Overriding database path with different value: C:\Users\omrvr\.stmcufinder\plugins\mcufinder/ => C:\Users\omrvr\.stmcufinder\plugins\mcufinder
2024-08-13 08:18:10,741 [INFO] CrossReferenceDbSqlite:203 - Set database path to: C:\Users\omrvr\.stmcufinder\plugins\mcufinder//mcu/cs/
2024-08-13 08:18:10,845 [INFO] MainPanel:268 - HeapMemory: 268435456
2024-08-13 08:18:10,973 [INFO] DbMcusXml:78 - Set database path to: C:\ST\STM32CubeIDE_1.15.0\STM32CubeIDE\plugins\com.st.stm32cube.common.mx_6.12.0.202406281431\\db\/mcu/
2024-08-13 08:18:10,973 [INFO] ApiDb:274 - Set plugin database path to: C:\ST\STM32CubeIDE_1.15.0\STM32CubeIDE\plugins\com.st.stm32cube.common.mx_6.12.0.202406281431\\db\/plugins/boardmanager/
2024-08-13 08:18:10,973 [INFO] ApiDb:261 - Set plugin images path to: C:\ST\STM32CubeIDE_1.15.0\STM32CubeIDE\plugins\com.st.stm32cube.common.mx_6.12.0.202406281431\\db\/plugins/mcufinder/images/
2024-08-13 08:18:10,974 [WARN] DbFile:41 - Overriding database path with different value: C:\Users\omrvr\.stmcufinder\plugins\mcufinder/ => C:\Users\omrvr\.stmcufinder\plugins\mcufinder
2024-08-13 08:18:10,974 [INFO] ApiDb:250 - Set database path to: C:\Users\omrvr\.stmcufinder\plugins\mcufinder//mcu/
2024-08-13 08:18:10,974 [WARN] DbFile:41 - Overriding database path with different value: C:\Users\omrvr\.stmcufinder\plugins\mcufinder/ => C:\Users\omrvr\.stmcufinder\plugins\mcufinder
2024-08-13 08:18:10,974 [INFO] DbMcusAds:125 - Set database path to: C:\Users\omrvr\.stmcufinder\plugins\mcufinder//mcu/
2024-08-13 08:18:10,974 [WARN] DbFile:41 - Overriding database path with different value: C:\Users\omrvr\.stmcufinder\plugins\mcufinder/ => C:\Users\omrvr\.stmcufinder\plugins\mcufinder
2024-08-13 08:18:10,974 [WARN] DbFile:41 - Overriding database path with different value: C:\Users\omrvr\.stmcufinder\plugins\mcufinder/ => C:\Users\omrvr\.stmcufinder\plugins\mcufinder
2024-08-13 08:18:10,974 [INFO] CrossReferenceDbSqlite:203 - Set database path to: C:\Users\omrvr\.stmcufinder\plugins\mcufinder//mcu/cs/
2024-08-13 08:18:10,995 [INFO] ApplicationProperties:184 - Using Application install path: C:\ST\STM32CubeIDE_1.15.0\STM32CubeIDE\plugins\com.st.stm32cube.common.mx_6.12.0.202406281431
2024-08-13 08:18:10,996 [INFO] PluginManage:196 - Search for loadable plugins [exclusion list=, ]
2024-08-13 08:18:10,998 [INFO] PluginManage:310 - Check plugin analytics
2024-08-13 08:18:11,251 [INFO] AnalyticsPlugin:253 - Accepted Software Licenses: 
2024-08-13 08:18:11,251 [INFO] AnalyticsPlugin:255 - Accepted CMSIS Pack Licenses: 
2024-08-13 08:18:11,252 [INFO] AnalyticsPlugin:257 - Accepted Firmware Licenses: 
2024-08-13 08:18:11,256 [INFO] PluginManage:359 - Loaded plugin analytics (category:tool,tabindex:-1)
2024-08-13 08:18:11,257 [INFO] PluginManage:310 - Check plugin cadmodel
2024-08-13 08:18:11,275 [INFO] CADModel:105 - Init CAD model plugin
2024-08-13 08:18:11,275 [INFO] PluginManage:359 - Loaded plugin cadmodel (category:power,tabindex:5)
2024-08-13 08:18:11,276 [INFO] PluginManage:310 - Check plugin clock
2024-08-13 08:18:11,297 [INFO] PluginManage:359 - Loaded plugin clock (category:base,tabindex:2)
2024-08-13 08:18:11,298 [INFO] PluginManage:310 - Check plugin ddr
2024-08-13 08:18:11,301 [INFO] PluginManage:359 - Loaded plugin ddr (category:tool,tabindex:6)
2024-08-13 08:18:11,302 [INFO] PluginManage:310 - Check plugin filemanager
2024-08-13 08:18:11,474 [INFO] PluginManage:359 - Loaded plugin filemanager (category:base,tabindex:10)
2024-08-13 08:18:11,474 [INFO] PluginManage:310 - Check plugin ipmanager
2024-08-13 08:18:11,482 [INFO] PluginManage:359 - Loaded plugin ipmanager (category:base,tabindex:5)
2024-08-13 08:18:11,482 [INFO] PluginManage:310 - Check plugin lpbam
2024-08-13 08:18:11,505 [INFO] PluginManage:359 - Loaded plugin lpbam (category:base,tabindex:0)
2024-08-13 08:18:11,505 [INFO] PluginManage:310 - Check plugin memorymap
2024-08-13 08:18:11,533 [INFO] PluginManage:359 - Loaded plugin memorymap (category:base,tabindex:4)
2024-08-13 08:18:11,533 [INFO] PluginManage:310 - Check plugin pinoutandconfiguration
2024-08-13 08:18:11,553 [INFO] PluginManage:359 - Loaded plugin pinoutandconfiguration (category:base,tabindex:1)
2024-08-13 08:18:11,554 [INFO] PluginManage:310 - Check plugin pinoutconfig
2024-08-13 08:18:11,647 [WARN] SupportedApi:132 - Cannot load RTOS API schema: s4s-elt-must-match.1: The content of 'definitions' must match (annotation?, (simpleType | complexType)?, (unique | key | keyref)*)). A problem was found starting at: attribute.
2024-08-13 08:18:11,785 [INFO] PluginManage:359 - Loaded plugin pinoutconfig (category:base,tabindex:0)
2024-08-13 08:18:11,785 [INFO] PluginManage:310 - Check plugin power
2024-08-13 08:18:11,806 [INFO] PluginManage:359 - Loaded plugin power (category:power,tabindex:4)
2024-08-13 08:18:11,806 [INFO] PluginManage:310 - Check plugin projectmanager
2024-08-13 08:18:11,825 [INFO] PluginManage:359 - Loaded plugin projectmanager (category:projectmanager,tabindex:4)
2024-08-13 08:18:11,825 [INFO] PluginManage:310 - Check plugin rif
2024-08-13 08:18:11,847 [INFO] PluginManage:359 - Loaded plugin rif (category:base,tabindex:3)
2024-08-13 08:18:11,848 [INFO] PluginManage:310 - Check plugin thirdparty
2024-08-13 08:18:12,145 [INFO] PluginManage:359 - Loaded plugin thirdparty (category:base,tabindex:-1)
2024-08-13 08:18:12,145 [WARN] IntegrityCheckThread:84 - waiting for thirdparty lock release [integrity check]
2024-08-13 08:18:12,146 [INFO] PluginManage:310 - Check plugin tools
2024-08-13 08:18:12,146 [INFO] IntegrityCheckThread:86 - entering critical section [integrity check]
2024-08-13 08:18:12,146 [INFO] ThirdPartyUpdaterWithRetryManager:70 - Updater plugin not ready yet. [1/15]
2024-08-13 08:18:12,178 [INFO] PluginManage:359 - Loaded plugin tools (category:base,tabindex:7)
2024-08-13 08:18:12,178 [INFO] PluginManage:310 - Check plugin tutovideos
2024-08-13 08:18:12,384 [INFO] PluginManage:359 - Loaded plugin tutovideos (category:base,tabindex:-1)
2024-08-13 08:18:12,384 [INFO] PluginManage:310 - Check plugin updater
2024-08-13 08:18:12,404 [INFO] PluginManage:359 - Loaded plugin updater (category:base,tabindex:12)
2024-08-13 08:18:12,404 [INFO] PluginManage:310 - Check plugin userauth
2024-08-13 08:18:12,410 [INFO] UserAuth:113 - Init User Auth plugin
2024-08-13 08:18:12,410 [INFO] PluginManage:359 - Loaded plugin userauth (category:base,tabindex:14)
2024-08-13 08:18:12,411 [INFO] PluginManage:283 - PluginManage : Loaded plugins [18]
2024-08-13 08:18:12,639 [INFO] PinOutPanel:1561 - setPackage(No Configuration,No Configuration)
2024-08-13 08:18:12,731 [INFO] CADModel:165 - CPN selected for project level
2024-08-13 08:18:12,731 [INFO] CADModel:114 - Register for checkConnection events
2024-08-13 08:18:12,764 [INFO] IPUIPlugin:80 - create IPUIPlugin
2024-08-13 08:18:12,764 [INFO] PluginManager:220 - loadIPPluginJar : add adc
2024-08-13 08:18:12,796 [INFO] IPUIPlugin:80 - create IPUIPlugin
2024-08-13 08:18:12,796 [INFO] PluginManager:220 - loadIPPluginJar : add aes
2024-08-13 08:18:12,827 [INFO] IPUIPlugin:80 - create IPUIPlugin
2024-08-13 08:18:12,827 [INFO] PluginManager:220 - loadIPPluginJar : add can
2024-08-13 08:18:12,846 [INFO] IPUIPlugin:80 - create IPUIPlugin
2024-08-13 08:18:12,846 [INFO] PluginManager:220 - loadIPPluginJar : add comp
2024-08-13 08:18:12,873 [INFO] IPUIPlugin:80 - create IPUIPlugin
2024-08-13 08:18:12,873 [INFO] PluginManager:220 - loadIPPluginJar : add cryp
2024-08-13 08:18:12,884 [INFO] IPUIPlugin:80 - create IPUIPlugin
2024-08-13 08:18:12,884 [INFO] PluginManager:220 - loadIPPluginJar : add ddr_ctrl_phy
2024-08-13 08:18:12,907 [INFO] IPUIPlugin:80 - create IPUIPlugin
2024-08-13 08:18:12,907 [INFO] PluginManager:220 - loadIPPluginJar : add dfsdm
2024-08-13 08:18:12,922 [INFO] IPUIPlugin:80 - create IPUIPlugin
2024-08-13 08:18:12,922 [INFO] PluginManager:220 - loadIPPluginJar : add dma
2024-08-13 08:18:12,960 [INFO] IPUIPlugin:80 - create IPUIPlugin
2024-08-13 08:18:12,960 [INFO] PluginManager:220 - loadIPPluginJar : add dma3
2024-08-13 08:18:13,005 [INFO] IPUIPlugin:80 - create IPUIPlugin
2024-08-13 08:18:13,005 [INFO] PluginManager:220 - loadIPPluginJar : add extmemmanager
2024-08-13 08:18:13,035 [INFO] IPUIPlugin:80 - create IPUIPlugin
2024-08-13 08:18:13,035 [INFO] PluginManager:220 - loadIPPluginJar : add fatfs
2024-08-13 08:18:13,077 [INFO] IPUIPlugin:80 - create IPUIPlugin
2024-08-13 08:18:13,078 [INFO] PluginManager:220 - loadIPPluginJar : add fmc
2024-08-13 08:18:13,092 [INFO] IPUIPlugin:80 - create IPUIPlugin
2024-08-13 08:18:13,093 [INFO] PluginManager:220 - loadIPPluginJar : add freertos
2024-08-13 08:18:13,112 [INFO] IPUIPlugin:80 - create IPUIPlugin
2024-08-13 08:18:13,112 [INFO] PluginManager:220 - loadIPPluginJar : add genericplugin
2024-08-13 08:18:13,183 [INFO] IPUIPlugin:80 - create IPUIPlugin
2024-08-13 08:18:13,185 [INFO] PluginManager:220 - loadIPPluginJar : add gfxmmu
2024-08-13 08:18:13,304 [INFO] IPUIPlugin:80 - create IPUIPlugin
2024-08-13 08:18:13,305 [INFO] PluginManager:220 - loadIPPluginJar : add gic
2024-08-13 08:18:13,336 [INFO] IPUIPlugin:80 - create IPUIPlugin
2024-08-13 08:18:13,337 [INFO] PluginManager:220 - loadIPPluginJar : add gpio
2024-08-13 08:18:13,412 [INFO] IPUIPlugin:80 - create IPUIPlugin
2024-08-13 08:18:13,412 [INFO] PluginManager:220 - loadIPPluginJar : add gtzc
2024-08-13 08:18:13,456 [INFO] IPUIPlugin:80 - create IPUIPlugin
2024-08-13 08:18:13,456 [INFO] PluginManager:220 - loadIPPluginJar : add hash
2024-08-13 08:18:13,497 [INFO] IPUIPlugin:80 - create IPUIPlugin
2024-08-13 08:18:13,497 [INFO] PluginManager:220 - loadIPPluginJar : add i2c
2024-08-13 08:18:13,543 [INFO] IPUIPlugin:80 - create IPUIPlugin
2024-08-13 08:18:13,543 [INFO] PluginManager:220 - loadIPPluginJar : add i2s
2024-08-13 08:18:13,587 [INFO] IPUIPlugin:80 - create IPUIPlugin
2024-08-13 08:18:13,588 [INFO] PluginManager:220 - loadIPPluginJar : add i3c
2024-08-13 08:18:13,664 [INFO] IPUIPlugin:80 - create IPUIPlugin
2024-08-13 08:18:13,665 [INFO] PluginManager:220 - loadIPPluginJar : add ipddr
2024-08-13 08:18:13,764 [INFO] IPUIPlugin:80 - create IPUIPlugin
2024-08-13 08:18:13,765 [INFO] PluginManager:220 - loadIPPluginJar : add linkedlist
2024-08-13 08:18:13,797 [INFO] IPUIPlugin:80 - create IPUIPlugin
2024-08-13 08:18:13,798 [INFO] PluginManager:220 - loadIPPluginJar : add lorawan
2024-08-13 08:18:13,831 [INFO] IPUIPlugin:80 - create IPUIPlugin
2024-08-13 08:18:13,831 [INFO] PluginManager:220 - loadIPPluginJar : add ltdc
2024-08-13 08:18:13,844 [INFO] IPUIPlugin:80 - create IPUIPlugin
2024-08-13 08:18:13,845 [INFO] PluginManager:220 - loadIPPluginJar : add mdma
2024-08-13 08:18:13,858 [INFO] IPUIPlugin:80 - create IPUIPlugin
2024-08-13 08:18:13,858 [INFO] PluginManager:220 - loadIPPluginJar : add nvic
2024-08-13 08:18:13,893 [INFO] IPUIPlugin:80 - create IPUIPlugin
2024-08-13 08:18:13,893 [INFO] PluginManager:220 - loadIPPluginJar : add opamp
2024-08-13 08:18:13,941 [INFO] IPUIPlugin:80 - create IPUIPlugin
2024-08-13 08:18:13,941 [INFO] PluginManager:220 - loadIPPluginJar : add openamp
2024-08-13 08:18:13,996 [INFO] IPUIPlugin:80 - create IPUIPlugin
2024-08-13 08:18:13,997 [INFO] PluginManager:220 - loadIPPluginJar : add pdm2pcm
2024-08-13 08:18:14,010 [INFO] IPUIPlugin:80 - create IPUIPlugin
2024-08-13 08:18:14,013 [INFO] PluginManager:220 - loadIPPluginJar : add plateformsettings
2024-08-13 08:18:14,033 [INFO] IPUIPlugin:80 - create IPUIPlugin
2024-08-13 08:18:14,035 [INFO] PluginManager:220 - loadIPPluginJar : add quadspi
2024-08-13 08:18:14,059 [INFO] IPUIPlugin:80 - create IPUIPlugin
2024-08-13 08:18:14,060 [INFO] PluginManager:220 - loadIPPluginJar : add radio
2024-08-13 08:18:14,074 [INFO] IPUIPlugin:80 - create IPUIPlugin
2024-08-13 08:18:14,074 [INFO] PluginManager:220 - loadIPPluginJar : add resmgrutility
2024-08-13 08:18:14,113 [INFO] IPUIPlugin:80 - create IPUIPlugin
2024-08-13 08:18:14,113 [INFO] PluginManager:220 - loadIPPluginJar : add sai
2024-08-13 08:18:14,163 [INFO] IPUIPlugin:80 - create IPUIPlugin
2024-08-13 08:18:14,163 [INFO] PluginManager:220 - loadIPPluginJar : add spi
2024-08-13 08:18:14,223 [INFO] IPUIPlugin:80 - create IPUIPlugin
2024-08-13 08:18:14,224 [INFO] PluginManager:220 - loadIPPluginJar : add stm32_wpan
2024-08-13 08:18:14,264 [INFO] IPUIPlugin:80 - create IPUIPlugin
2024-08-13 08:18:14,264 [INFO] PluginManager:220 - loadIPPluginJar : add tim
2024-08-13 08:18:14,327 [INFO] IPUIPlugin:80 - create IPUIPlugin
2024-08-13 08:18:14,327 [INFO] PluginManager:220 - loadIPPluginJar : add touchsensing
2024-08-13 08:18:14,364 [INFO] IPUIPlugin:80 - create IPUIPlugin
2024-08-13 08:18:14,365 [INFO] PluginManager:220 - loadIPPluginJar : add tracer_emb
2024-08-13 08:18:14,391 [INFO] IPUIPlugin:80 - create IPUIPlugin
2024-08-13 08:18:14,393 [INFO] PluginManager:220 - loadIPPluginJar : add ts
2024-08-13 08:18:14,420 [INFO] IPUIPlugin:80 - create IPUIPlugin
2024-08-13 08:18:14,420 [INFO] PluginManager:220 - loadIPPluginJar : add tsc
2024-08-13 08:18:14,445 [INFO] IPUIPlugin:80 - create IPUIPlugin
2024-08-13 08:18:14,445 [INFO] PluginManager:220 - loadIPPluginJar : add ucpd
2024-08-13 08:18:14,486 [INFO] IPUIPlugin:80 - create IPUIPlugin
2024-08-13 08:18:14,486 [INFO] PluginManager:220 - loadIPPluginJar : add usart
2024-08-13 08:18:14,532 [INFO] IPUIPlugin:80 - create IPUIPlugin
2024-08-13 08:18:14,532 [INFO] PluginManager:220 - loadIPPluginJar : add usbx
2024-08-13 08:18:14,670 [INFO] CADModel:165 - CPN selected for project level
2024-08-13 08:18:14,670 [INFO] CADModel:114 - Register for checkConnection events
2024-08-13 08:18:14,670 [FATAL] Updater:334 - Updater called before beeing initialized
2024-08-13 08:18:14,670 [ERROR] CADModel:125 - Updater not yet initialized, retry later 
2024-08-13 08:18:14,855 [INFO] CADModel:165 - CPN selected for project level
2024-08-13 08:18:14,855 [INFO] CADModel:114 - Register for checkConnection events
2024-08-13 08:18:14,855 [FATAL] Updater:334 - Updater called before beeing initialized
2024-08-13 08:18:14,855 [ERROR] CADModel:125 - Updater not yet initialized, retry later 
2024-08-13 08:18:14,858 [FATAL] Updater:334 - Updater called before beeing initialized
2024-08-13 08:18:14,958 [FATAL] Updater:334 - Updater called before beeing initialized
2024-08-13 08:18:14,972 [INFO] DbMcusAds:53 - JSON generation date=Thu May 16 12:22:00 TRT 2024 (1715851320667)
2024-08-13 08:18:14,972 [FATAL] Updater:334 - Updater called before beeing initialized
2024-08-13 08:18:15,010 [WARN] DetailPanel:346 - Failed to get advertising image, set to default
2024-08-13 08:18:15,086 [FATAL] Updater:334 - Updater called before beeing initialized
2024-08-13 08:18:15,088 [FATAL] Updater:334 - Updater called before beeing initialized
2024-08-13 08:18:15,088 [FATAL] Updater:334 - Updater called before beeing initialized
2024-08-13 08:18:15,088 [WARN] DetailPanel:346 - Failed to get advertising image, set to default
2024-08-13 08:18:15,089 [FATAL] Updater:334 - Updater called before beeing initialized
2024-08-13 08:18:15,150 [INFO] ThirdPartyUpdaterWithRetryManager:70 - Updater plugin not ready yet. [2/15]
2024-08-13 08:18:15,156 [ERROR] Updater:1164 - MainUpdater not yet initialized. External WinMGr cannot be set.
2024-08-13 08:18:15,167 [INFO] Updater:1100 - Updater Version found : 6.12.0
2024-08-13 08:18:15,190 [INFO] ApplicationProperties:184 - Using Application install path: C:\ST\STM32CubeIDE_1.15.0\STM32CubeIDE\plugins\com.st.stm32cube.common.mx_6.12.0.202406281431
2024-08-13 08:18:16,784 [ERROR] LogOutputStream:75 - [STDERR_REDIRECT] Aug 13, 2024 8:18:16 AM java.util.prefs.WindowsPreferences <init>
2024-08-13 08:18:16,786 [ERROR] LogOutputStream:75 - [STDERR_REDIRECT] WARNING: Could not open/create prefs root node Software\JavaSoft\Prefs at root 0xffffffff80000002. Windows RegCreateKeyEx(...) returned error code 5.
2024-08-13 08:18:16,786 [ERROR] LogOutputStream:75 - [STDERR_REDIRECT] 
2024-08-13 08:18:17,409 [INFO] MainUpdater:2873 - connection check result : 10
2024-08-13 08:18:17,411 [INFO] MainUpdater:3567 - Updater definition file requires update
2024-08-13 08:18:17,412 [INFO] MainUpdater:290 - Updater Check For Update Now.
2024-08-13 08:18:17,412 [INFO] MicroXplorer:498 - Change Database Version : DB.6.0.120
2024-08-13 08:18:17,448 [INFO] McuFinderGlobals:63 - Set McuFinder mode to 2 (CubeIDE integrated)
2024-08-13 08:18:17,448 [INFO] UserAuth:179 - activating auth plugin
2024-08-13 08:18:17,452 [INFO] UserAuth:417 - Internet connection configuration mode: 1
2024-08-13 08:18:17,481 [INFO] JxBrowserEngine:152 - Initiate JxBrowser Engine with user profile folder
2024-08-13 08:18:17,739 [INFO] ServerAccessManage:473 - Download File updaters.zip
2024-08-13 08:18:17,935 [INFO] FileExtend:240 - Unzip File : updaters.zip
2024-08-13 08:18:17,936 [INFO] FileExtend:255 - Standard Zip Deflate
2024-08-13 08:18:18,151 [WARN] MainUpdater:1194 - Updater busy. Cannot search thirdparties
2024-08-13 08:18:18,151 [INFO] ThirdPartyUpdaterWithRetryManager:96 - Updater plugin is busy. [1/15]
2024-08-13 08:18:18,432 [INFO] ServerAccessManage:473 - Download File PacksControlFlags.xml
2024-08-13 08:18:18,575 [INFO] ServerAccessManage:473 - Download File cubemx.pidx
2024-08-13 08:18:19,815 [INFO] ServerAccessManage:473 - Download File STMicroelectronics.X-CUBE-AZRTOS-H7.pdsc
2024-08-13 08:18:20,441 [INFO] WebApp:167 - Instantiating new browser for Auth
2024-08-13 08:18:21,153 [WARN] MainUpdater:1194 - Updater busy. Cannot search thirdparties
2024-08-13 08:18:21,153 [INFO] ThirdPartyUpdaterWithRetryManager:96 - Updater plugin is busy. [2/15]
2024-08-13 08:18:21,200 [INFO] WebApp:448 - Apply proxy settings
2024-08-13 08:18:21,200 [INFO] WebApp:533 - Chromium requires no authentication
2024-08-13 08:18:21,214 [INFO] WebApp:476 - Direct internet connection detected
2024-08-13 08:18:21,282 [INFO] WebApp:869 - Register for checkConnection events
2024-08-13 08:18:21,282 [INFO] WebApp:448 - Apply proxy settings
2024-08-13 08:18:21,282 [INFO] WebApp:533 - Chromium requires no authentication
2024-08-13 08:18:21,283 [INFO] WebApp:476 - Direct internet connection detected
2024-08-13 08:18:21,502 [INFO] WebApp:186 - Connection restablished
2024-08-13 08:18:21,824 [INFO] CheckServerUpdateThread:120 - End of CheckServer Thread
2024-08-13 08:18:21,838 [WARN] PackLoader:240 - Cannot read IP mode file for STMicroelectronics.X-CUBE-AZRTOS-H7.3.3.0
2024-08-13 08:18:21,847 [INFO] PopulateThirdPartyThread:66 - Ending populate Thread
2024-08-13 08:18:21,850 [INFO] ThirdParty:1030 - CMSIS Pack Vendor :STMicroelectronics X-CUBE-AZRTOS-H7 3.3.0
2024-08-13 08:18:21,850 [INFO] LoadServerUpdatesThread:375 - End of LoadServerUpdate Thread
2024-08-13 08:18:21,953 [INFO] WebApp:220 - Starting web application
2024-08-13 08:18:21,954 [INFO] WebApp:578 - Web application path used C:\ST\STM32CubeIDE_1.15.0\STM32CubeIDE\plugins\com.st.stm32cube.common.mx_6.12.0.202406281431\db\plugins\mcufinder\reactClient1\index.html
2024-08-13 08:18:24,427 [WARN] PackLoader:240 - Cannot read IP mode file for STMicroelectronics.FP-SNS-MOTENVWB1.1.4.0
2024-08-13 08:18:24,444 [WARN] PackLoader:240 - Cannot read IP mode file for STMicroelectronics.X-CUBE-SMBUS.2.1.0
2024-08-13 08:18:24,457 [WARN] PackLoader:240 - Cannot read IP mode file for STMicroelectronics.X-CUBE-TOUCHGFX.4.23.1
2024-08-13 08:18:24,468 [WARN] PackLoader:240 - Cannot read IP mode file for STMicroelectronics.X-CUBE-TOUCHGFX.4.23.2
2024-08-13 08:18:24,505 [WARN] PackLoader:240 - Cannot read IP mode file for STMicroelectronics.X-CUBE-AZRTOS-F7.1.1.0
2024-08-13 08:18:24,517 [WARN] PackLoader:240 - Cannot read IP mode file for STMicroelectronics.FP-SNS-FLIGHT1.5.0.2
2024-08-13 08:18:24,539 [WARN] PackLoader:240 - Cannot read IP mode file for STMicroelectronics.X-CUBE-DISPLAY.3.0.0
2024-08-13 08:18:24,565 [WARN] PackLoader:240 - Cannot read IP mode file for STMicroelectronics.X-CUBE-BLE1.7.0.0
2024-08-13 08:18:24,585 [WARN] PackLoader:240 - Cannot read IP mode file for emotas.I-CUBE-CANOPEN.1.3.0
2024-08-13 08:18:24,604 [WARN] PackLoader:240 - Cannot read IP mode file for STMicroelectronics.X-CUBE-BLEMGR.3.1.0
2024-08-13 08:18:24,639 [WARN] PackLoader:240 - Cannot read IP mode file for STMicroelectronics.FP-SNS-SMARTAG2.1.2.0
2024-08-13 08:18:24,664 [INFO] LogOutputStream:77 - [STDOUT_REDIRECT] 1 : Invalid condition id : UX_CORESTACK_Condition cause : null
2024-08-13 08:18:24,665 [INFO] LogOutputStream:77 - [STDOUT_REDIRECT] 1 : Invalid condition id : UX_CORESTACK_Condition cause : null
2024-08-13 08:18:24,666 [INFO] LogOutputStream:77 - [STDOUT_REDIRECT] 1 : Invalid condition id : UX_CORESTACK_Condition cause : null
2024-08-13 08:18:24,667 [INFO] LogOutputStream:77 - [STDOUT_REDIRECT] 1 : Invalid condition id : UX_CORESTACK_Condition cause : null
2024-08-13 08:18:24,668 [INFO] LogOutputStream:77 - [STDOUT_REDIRECT] 1 : Invalid condition id : UX_CORESTACK_Condition cause : null
2024-08-13 08:18:24,671 [WARN] PackLoader:240 - Cannot read IP mode file for STMicroelectronics.X-CUBE-AZRTOS-WL.2.0.0
2024-08-13 08:18:24,691 [WARN] PackLoader:240 - Cannot read IP mode file for STMicroelectronics.FP-SNS-MOTENV1.5.0.0
2024-08-13 08:18:24,700 [WARN] PackLoader:240 - Cannot read IP mode file for wolfSSL.I-CUBE-wolfMQTT.1.19.0
2024-08-13 08:18:24,718 [WARN] PackLoader:240 - Cannot read IP mode file for WES.I-CUBE-Cesium.1.3.0
2024-08-13 08:18:24,735 [WARN] PackLoader:240 - Cannot read IP mode file for STMicroelectronics.X-CUBE-BLE2.3.3.0
2024-08-13 08:18:24,749 [WARN] PackLoader:240 - Cannot read IP mode file for STMicroelectronics.X-CUBE-TCPP.4.1.0
2024-08-13 08:18:24,764 [WARN] PackLoader:240 - Cannot read IP mode file for STMicroelectronics.X-CUBE-ALGOBUILD.1.3.0
2024-08-13 08:18:24,793 [WARN] PackLoader:240 - Cannot read IP mode file for STMicroelectronics.X-CUBE-AZRTOS-G0.1.1.0
2024-08-13 08:18:24,808 [WARN] PackLoader:240 - Cannot read IP mode file for STMicroelectronics.X-CUBE-SAFEA1.1.2.2
2024-08-13 08:18:24,826 [WARN] PackLoader:240 - Cannot read IP mode file for STMicroelectronics.X-CUBE-NFC4.3.0.0
2024-08-13 08:18:24,839 [WARN] PackLoader:240 - Cannot read IP mode file for wolfSSL.I-CUBE-wolfMQTT.1.18.0
2024-08-13 08:18:24,857 [WARN] PackLoader:240 - Cannot read IP mode file for EmbeddedOffice.I-CUBE-FS-RTOS.1.0.1
2024-08-13 08:18:24,857 [ERROR] ConditionMgr:805 - Attr not supported : Dmpu
2024-08-13 08:18:24,857 [ERROR] ConditionMgr:805 - Attr not supported : Dmpu
2024-08-13 08:18:24,857 [ERROR] ConditionMgr:805 - Attr not supported : Dmpu
2024-08-13 08:18:24,857 [ERROR] ConditionMgr:805 - Attr not supported : Dmpu
2024-08-13 08:18:24,857 [ERROR] ConditionMgr:805 - Attr not supported : Dmpu
2024-08-13 08:18:24,857 [ERROR] ConditionMgr:805 - Attr not supported : Dmpu
2024-08-13 08:18:24,857 [ERROR] ConditionMgr:805 - Attr not supported : Dmpu
2024-08-13 08:18:24,857 [ERROR] ConditionMgr:805 - Attr not supported : Dmpu
2024-08-13 08:18:24,857 [ERROR] ConditionMgr:805 - Attr not supported : Dmpu
2024-08-13 08:18:24,858 [ERROR] ConditionMgr:805 - Attr not supported : Dmpu
2024-08-13 08:18:24,858 [ERROR] ConditionMgr:805 - Attr not supported : Dmpu
2024-08-13 08:18:24,858 [ERROR] ConditionMgr:805 - Attr not supported : Dmpu
2024-08-13 08:18:24,858 [ERROR] ConditionMgr:805 - Attr not supported : Dmpu
2024-08-13 08:18:24,858 [ERROR] ConditionMgr:805 - Attr not supported : Dmpu
2024-08-13 08:18:24,858 [ERROR] ConditionMgr:805 - Attr not supported : Dmpu
2024-08-13 08:18:24,858 [ERROR] ConditionMgr:805 - Attr not supported : Dmpu
2024-08-13 08:18:24,858 [ERROR] ConditionMgr:805 - Attr not supported : Dmpu
2024-08-13 08:18:24,858 [ERROR] ConditionMgr:805 - Attr not supported : Dmpu
2024-08-13 08:18:24,858 [ERROR] ConditionMgr:805 - Attr not supported : Dmpu
2024-08-13 08:18:24,858 [ERROR] ConditionMgr:805 - Attr not supported : Dmpu
2024-08-13 08:18:24,858 [ERROR] ConditionMgr:805 - Attr not supported : Dmpu
2024-08-13 08:18:24,858 [ERROR] ConditionMgr:805 - Attr not supported : Dmpu
2024-08-13 08:18:24,858 [ERROR] ConditionMgr:805 - Attr not supported : Dmpu
2024-08-13 08:18:24,858 [ERROR] ConditionMgr:805 - Attr not supported : Dmpu
2024-08-13 08:18:24,858 [ERROR] ConditionMgr:805 - Attr not supported : Dmpu
2024-08-13 08:18:24,858 [ERROR] ConditionMgr:805 - Attr not supported : Dmpu
2024-08-13 08:18:24,858 [ERROR] ConditionMgr:805 - Attr not supported : Dmpu
2024-08-13 08:18:24,858 [ERROR] ConditionMgr:805 - Attr not supported : Dmpu
2024-08-13 08:18:24,858 [ERROR] ConditionMgr:805 - Attr not supported : Dmpu
2024-08-13 08:18:24,858 [ERROR] ConditionMgr:805 - Attr not supported : Dmpu
2024-08-13 08:18:24,858 [ERROR] ConditionMgr:805 - Attr not supported : Dmpu
2024-08-13 08:18:24,858 [ERROR] ConditionMgr:805 - Attr not supported : Dmpu
2024-08-13 08:18:24,858 [ERROR] ConditionMgr:805 - Attr not supported : Dmpu
2024-08-13 08:18:24,858 [ERROR] ConditionMgr:805 - Attr not supported : Dmpu
2024-08-13 08:18:24,858 [ERROR] ConditionMgr:805 - Attr not supported : Dmpu
2024-08-13 08:18:24,858 [ERROR] ConditionMgr:805 - Attr not supported : Dmpu
2024-08-13 08:18:24,858 [ERROR] ConditionMgr:805 - Attr not supported : Dmpu
2024-08-13 08:18:24,858 [ERROR] ConditionMgr:805 - Attr not supported : Dmpu
2024-08-13 08:18:24,858 [ERROR] ConditionMgr:805 - Attr not supported : Dmpu
2024-08-13 08:18:24,858 [ERROR] ConditionMgr:805 - Attr not supported : Dmpu
2024-08-13 08:18:24,859 [ERROR] ConditionMgr:805 - Attr not supported : Dmpu
2024-08-13 08:18:24,859 [ERROR] ConditionMgr:805 - Attr not supported : Dmpu
2024-08-13 08:18:24,859 [ERROR] ConditionMgr:805 - Attr not supported : Dmpu
2024-08-13 08:18:24,859 [ERROR] ConditionMgr:805 - Attr not supported : Dmpu
2024-08-13 08:18:24,859 [ERROR] ConditionMgr:805 - Attr not supported : Dmpu
2024-08-13 08:18:24,859 [ERROR] ConditionMgr:805 - Attr not supported : Dmpu
2024-08-13 08:18:24,859 [ERROR] ConditionMgr:805 - Attr not supported : Dmpu
2024-08-13 08:18:24,859 [ERROR] ConditionMgr:805 - Attr not supported : Dmpu
2024-08-13 08:18:24,859 [ERROR] ConditionMgr:805 - Attr not supported : Dmpu
2024-08-13 08:18:24,859 [ERROR] ConditionMgr:805 - Attr not supported : Dmpu
2024-08-13 08:18:24,859 [ERROR] ConditionMgr:805 - Attr not supported : Dmpu
2024-08-13 08:18:24,859 [ERROR] ConditionMgr:805 - Attr not supported : Dmpu
2024-08-13 08:18:24,859 [ERROR] ConditionMgr:805 - Attr not supported : Dmpu
2024-08-13 08:18:24,859 [ERROR] ConditionMgr:805 - Attr not supported : Dmpu
2024-08-13 08:18:24,859 [ERROR] ConditionMgr:805 - Attr not supported : Dmpu
2024-08-13 08:18:24,859 [ERROR] ConditionMgr:805 - Attr not supported : Dmpu
2024-08-13 08:18:24,859 [ERROR] ConditionMgr:805 - Attr not supported : Dmpu
2024-08-13 08:18:24,859 [ERROR] ConditionMgr:805 - Attr not supported : Dmpu
2024-08-13 08:18:24,859 [ERROR] ConditionMgr:805 - Attr not supported : Dmpu
2024-08-13 08:18:24,859 [ERROR] ConditionMgr:805 - Attr not supported : Dmpu
2024-08-13 08:18:24,859 [ERROR] ConditionMgr:805 - Attr not supported : Dmpu
2024-08-13 08:18:24,859 [ERROR] ConditionMgr:805 - Attr not supported : Dmpu
2024-08-13 08:18:24,859 [ERROR] ConditionMgr:805 - Attr not supported : Dmpu
2024-08-13 08:18:24,859 [ERROR] ConditionMgr:805 - Attr not supported : Dmpu
2024-08-13 08:18:24,872 [WARN] PackLoader:240 - Cannot read IP mode file for RealThread.X-CUBE-RT-Thread_Nano.4.1.1
2024-08-13 08:18:24,884 [WARN] PackLoader:240 - Cannot read IP mode file for wolfSSL.I-CUBE-wolfSSL.5.7.0
2024-08-13 08:18:24,889 [WARN] PackLoader:240 - Cannot read IP mode file for STMicroelectronics.FP-ATR-SIGFOX1.3.2.0
2024-08-13 08:18:24,902 [WARN] PackLoader:240 - Cannot read IP mode file for STMicroelectronics.X-CUBE-EEPRMA1.5.1.0
2024-08-13 08:18:24,916 [WARN] PackLoader:240 - Cannot read IP mode file for ITTIA_DB.I-CUBE-ITTIADB.8.9.0
2024-08-13 08:18:24,954 [WARN] PackLoader:240 - Cannot read IP mode file for SEGGER.I-CUBE-embOS.1.3.1
2024-08-13 08:18:25,005 [WARN] PackLoader:240 - Cannot read IP mode file for STMicroelectronics.X-CUBE-ALGOBUILD.1.4.0
2024-08-13 08:18:25,019 [WARN] PackLoader:240 - Cannot read IP mode file for STMicroelectronics.X-CUBE-GNSS1.6.0.0
2024-08-13 08:18:25,043 [WARN] PackLoader:240 - Cannot read IP mode file for STMicroelectronics.X-CUBE-AZRTOS-F4.1.1.0
2024-08-13 08:18:25,057 [WARN] PackLoader:240 - Cannot read IP mode file for STMicroelectronics.X-CUBE-FREERTOS.1.2.0
2024-08-13 08:18:25,079 [WARN] PackLoader:240 - Cannot read IP mode file for STMicroelectronics.X-CUBE-AZRTOS-L5.2.0.0
2024-08-13 08:18:25,095 [WARN] PackLoader:240 - Cannot read IP mode file for STMicroelectronics.X-CUBE-NFC6.3.1.0
2024-08-13 08:18:25,108 [WARN] PackLoader:240 - Cannot read IP mode file for STMicroelectronics.X-CUBE-DPower.1.2.0
2024-08-13 08:18:25,119 [WARN] PackLoader:240 - Cannot read IP mode file for STMicroelectronics.X-CUBE-AI.9.0.0
2024-08-13 08:18:25,132 [WARN] PackLoader:240 - Cannot read IP mode file for STMicroelectronics.X-CUBE-NFC7.1.0.1
2024-08-13 08:18:25,136 [WARN] PackLoader:240 - Cannot read IP mode file for wolfSSL.I-CUBE-wolfTPM.3.2.0
2024-08-13 08:18:25,147 [WARN] PackLoader:240 - Cannot read IP mode file for STMicroelectronics.X-CUBE-AI.8.1.0
2024-08-13 08:18:25,171 [WARN] ConditionMgr:438 - getConditionDescription Invalid condition id : LAN8742 Phy interface Condition cause : null
2024-08-13 08:18:25,171 [WARN] PackLoader:240 - Cannot read IP mode file for STMicroelectronics.X-CUBE-AZRTOS-L4.2.0.0
2024-08-13 08:18:25,172 [WARN] ConditionMgr:1039 - genDependencies : Invalid condition id : LAN8742 Phy interface Condition cause : null
2024-08-13 08:18:25,172 [WARN] ConditionMgr:1039 - genDependencies : Invalid condition id : LAN8742 Phy interface Condition cause : null
2024-08-13 08:18:25,173 [WARN] ConditionMgr:1039 - genDependencies : Invalid condition id : LAN8742 Phy interface Condition cause : null
2024-08-13 08:18:25,186 [WARN] PackLoader:240 - Cannot read IP mode file for STMicroelectronics.X-CUBE-SFXS2LP1.4.0.0
2024-08-13 08:18:25,200 [WARN] PackLoader:240 - Cannot read IP mode file for STMicroelectronics.X-CUBE-AZRTOS-H7.3.3.0
2024-08-13 08:18:25,223 [WARN] ConditionMgr:438 - getConditionDescription Invalid condition id : UX DEVICE CLASS RTOS Condition cause : null
2024-08-13 08:18:25,223 [WARN] ConditionMgr:438 - getConditionDescription Invalid condition id : UX DEVICE CLASS RTOS Condition cause : null
2024-08-13 08:18:25,226 [WARN] PackLoader:240 - Cannot read IP mode file for STMicroelectronics.X-CUBE-AZRTOS-WB.2.0.0
2024-08-13 08:18:25,226 [WARN] ConditionMgr:1039 - genDependencies : Invalid condition id : UX DEVICE CLASS RTOS Condition cause : null
2024-08-13 08:18:25,226 [WARN] ConditionMgr:1039 - genDependencies : Invalid condition id : UX DEVICE CLASS RTOS Condition cause : null
2024-08-13 08:18:25,227 [WARN] ConditionMgr:1039 - genDependencies : Invalid condition id : UX DEVICE CLASS RTOS Condition cause : null
2024-08-13 08:18:25,227 [WARN] ConditionMgr:1039 - genDependencies : Invalid condition id : UX DEVICE CLASS RTOS Condition cause : null
2024-08-13 08:18:25,227 [WARN] ConditionMgr:1039 - genDependencies : Invalid condition id : UX DEVICE CLASS RTOS Condition cause : null
2024-08-13 08:18:25,239 [WARN] PackLoader:240 - Cannot read IP mode file for STMicroelectronics.FP-SNS-STBOX1.2.0.0
2024-08-13 08:18:25,258 [WARN] PackLoader:240 - Cannot read IP mode file for STMicroelectronics.X-CUBE-SUBG2.5.0.0
2024-08-13 08:18:25,266 [WARN] PackLoader:240 - Cannot read IP mode file for Cesanta.I-CUBE-Mongoose.7.13.0
2024-08-13 08:18:25,291 [WARN] PackLoader:240 - Cannot read IP mode file for STMicroelectronics.X-CUBE-AZRTOS-G4.2.0.0
2024-08-13 08:18:25,310 [WARN] PackLoader:240 - Cannot read IP mode file for Infineon.AIROC-Wi-Fi-Bluetooth-STM32.1.5.1
2024-08-13 08:18:25,322 [WARN] PackLoader:240 - Cannot read IP mode file for STMicroelectronics.FP-SNS-MOTENVWB1.1.3.1
2024-08-13 08:18:25,333 [WARN] PackLoader:240 - Cannot read IP mode file for STMicroelectronics.X-CUBE-ISPU.2.0.0
2024-08-13 08:18:25,347 [WARN] PackLoader:240 - Cannot read IP mode file for STMicroelectronics.X-CUBE-ALS.1.0.2
2024-08-13 08:18:25,378 [WARN] PackLoader:240 - Cannot read IP mode file for STMicroelectronics.X-CUBE-MEMS1.10.0.0
2024-08-13 08:18:25,457 [WARN] PackLoader:240 - Cannot read IP mode file for STMicroelectronics.X-CUBE-FREERTOS.1.1.0
2024-08-13 08:18:25,468 [WARN] PackLoader:240 - Cannot read IP mode file for STMicroelectronics.X-CUBE-TOUCHGFX.4.24.0
2024-08-13 08:18:25,480 [WARN] PackLoader:240 - Cannot read IP mode file for portGmbH.I-Cube-SoM-uGOAL.1.1.0
2024-08-13 08:18:25,491 [WARN] PackLoader:240 - Cannot read IP mode file for STMicroelectronics.X-CUBE-ALS.1.0.1
2024-08-13 08:18:25,514 [WARN] PackLoader:240 - Cannot read IP mode file for STMicroelectronics.X-CUBE-AZRTOS-H7RS.1.0.0
2024-08-13 08:18:25,521 [WARN] PackLoader:240 - Cannot read IP mode file for STMicroelectronics.FP-ATR-ASTRA1.2.0.0
2024-08-13 08:18:25,539 [WARN] PackLoader:240 - Cannot read IP mode file for STMicroelectronics.X-CUBE-TOF1.3.4.2
2024-08-13 08:18:25,567 [WARN] PackLoader:240 - Cannot read IP mode file for STMicroelectronics.X-CUBE-TOF1.3.4.1
2024-08-13 08:18:25,594 [WARN] PackLoader:240 - Cannot read IP mode file for STMicroelectronics.X-CUBE-AZRTOS-H7.3.2.0
2024-08-13 08:18:25,601 [WARN] PackLoader:240 - Cannot read IP mode file for wolfSSL.I-CUBE-wolfSSH.1.4.17
2024-08-13 08:18:25,603 [INFO] ThirdParty:978 - Integrity check success = true
2024-08-13 08:18:25,603 [INFO] IntegrityCheckThread:100 - exiting critical section [integrity check]
2024-08-13 08:18:25,603 [INFO] IntegrityCheckThread:103 - End integrity checks thread
