2024-04-08 00:25:25,196 [INFO] Activator:176 - 


2024-04-08 00:25:25,196 [INFO] Activator:177 - !SESSION log4j initialized
2024-04-08 00:25:27,332 [INFO] LogOutputStream:77 - [STDOUT_REDIRECT] 
2024-04-08 00:25:30,929 [INFO] ApplicationProperties:184 - Using Application install path: C:\ST\STM32CubeIDE_1.15.0\STM32CubeIDE\plugins\com.st.stm32cube.common.mx_6.11.0.202403141607
2024-04-08 00:25:30,940 [INFO] DbMcusXml:78 - Set database path to: C:\ST\STM32CubeIDE_1.15.0\STM32CubeIDE\plugins\com.st.stm32cube.common.mx_6.11.0.202403141607\\db\/mcu/
2024-04-08 00:25:30,941 [INFO] ApiDb:274 - Set plugin database path to: C:\ST\STM32CubeIDE_1.15.0\STM32CubeIDE\plugins\com.st.stm32cube.common.mx_6.11.0.202403141607\\db\/plugins/boardmanager/
2024-04-08 00:25:30,941 [WARN] ApiDb:259 - Overriding images path with different value:  => C:\ST\STM32CubeIDE_1.15.0\STM32CubeIDE\plugins\com.st.stm32cube.common.mx_6.11.0.202403141607\\db\/plugins/mcufinder/images/
2024-04-08 00:25:30,943 [INFO] ApiDb:250 - Set database path to: C:\Users\omrvr\.stmcufinder\plugins\mcufinder//mcu/
2024-04-08 00:25:30,944 [INFO] DbMcusAds:125 - Set database path to: C:\Users\omrvr\.stmcufinder\plugins\mcufinder//mcu/
2024-04-08 00:25:35,415 [INFO] CrossReferenceDbSqlite:203 - Set database path to: C:\Users\omrvr\.stmcufinder\plugins\mcufinder//mcu/cs/
2024-04-08 00:25:35,524 [INFO] RulesReader:64 - Compatibility file has been processed (297 Rules)
2024-04-08 00:25:35,607 [INFO] DbMcusXml:78 - Set database path to: C:\ST\STM32CubeIDE_1.15.0\STM32CubeIDE\plugins\com.st.stm32cube.common.mx_6.11.0.202403141607\\db\/mcu/
2024-04-08 00:25:35,607 [INFO] ApiDb:274 - Set plugin database path to: C:\ST\STM32CubeIDE_1.15.0\STM32CubeIDE\plugins\com.st.stm32cube.common.mx_6.11.0.202403141607\\db\/plugins/boardmanager/
2024-04-08 00:25:35,608 [INFO] ApiDb:261 - Set plugin images path to: C:\ST\STM32CubeIDE_1.15.0\STM32CubeIDE\plugins\com.st.stm32cube.common.mx_6.11.0.202403141607\\db\/plugins/mcufinder/images/
2024-04-08 00:25:35,608 [WARN] DbFile:41 - Overriding database path with different value: C:\Users\omrvr\.stmcufinder\plugins\mcufinder/ => C:\Users\omrvr\.stmcufinder\plugins\mcufinder
2024-04-08 00:25:35,608 [INFO] ApiDb:250 - Set database path to: C:\Users\omrvr\.stmcufinder\plugins\mcufinder//mcu/
2024-04-08 00:25:35,608 [WARN] DbFile:41 - Overriding database path with different value: C:\Users\omrvr\.stmcufinder\plugins\mcufinder/ => C:\Users\omrvr\.stmcufinder\plugins\mcufinder
2024-04-08 00:25:35,608 [INFO] DbMcusAds:125 - Set database path to: C:\Users\omrvr\.stmcufinder\plugins\mcufinder//mcu/
2024-04-08 00:25:35,608 [WARN] DbFile:41 - Overriding database path with different value: C:\Users\omrvr\.stmcufinder\plugins\mcufinder/ => C:\Users\omrvr\.stmcufinder\plugins\mcufinder
2024-04-08 00:25:35,608 [WARN] DbFile:41 - Overriding database path with different value: C:\Users\omrvr\.stmcufinder\plugins\mcufinder/ => C:\Users\omrvr\.stmcufinder\plugins\mcufinder
2024-04-08 00:25:35,608 [INFO] CrossReferenceDbSqlite:203 - Set database path to: C:\Users\omrvr\.stmcufinder\plugins\mcufinder//mcu/cs/
2024-04-08 00:25:35,657 [INFO] MainPanel:264 - HeapMemory: 268435456
2024-04-08 00:25:35,702 [INFO] DbMcusXml:78 - Set database path to: C:\ST\STM32CubeIDE_1.15.0\STM32CubeIDE\plugins\com.st.stm32cube.common.mx_6.11.0.202403141607\\db\/mcu/
2024-04-08 00:25:35,702 [INFO] ApiDb:274 - Set plugin database path to: C:\ST\STM32CubeIDE_1.15.0\STM32CubeIDE\plugins\com.st.stm32cube.common.mx_6.11.0.202403141607\\db\/plugins/boardmanager/
2024-04-08 00:25:35,702 [INFO] ApiDb:261 - Set plugin images path to: C:\ST\STM32CubeIDE_1.15.0\STM32CubeIDE\plugins\com.st.stm32cube.common.mx_6.11.0.202403141607\\db\/plugins/mcufinder/images/
2024-04-08 00:25:35,702 [WARN] DbFile:41 - Overriding database path with different value: C:\Users\omrvr\.stmcufinder\plugins\mcufinder/ => C:\Users\omrvr\.stmcufinder\plugins\mcufinder
2024-04-08 00:25:35,702 [INFO] ApiDb:250 - Set database path to: C:\Users\omrvr\.stmcufinder\plugins\mcufinder//mcu/
2024-04-08 00:25:35,702 [WARN] DbFile:41 - Overriding database path with different value: C:\Users\omrvr\.stmcufinder\plugins\mcufinder/ => C:\Users\omrvr\.stmcufinder\plugins\mcufinder
2024-04-08 00:25:35,702 [INFO] DbMcusAds:125 - Set database path to: C:\Users\omrvr\.stmcufinder\plugins\mcufinder//mcu/
2024-04-08 00:25:35,702 [WARN] DbFile:41 - Overriding database path with different value: C:\Users\omrvr\.stmcufinder\plugins\mcufinder/ => C:\Users\omrvr\.stmcufinder\plugins\mcufinder
2024-04-08 00:25:35,702 [WARN] DbFile:41 - Overriding database path with different value: C:\Users\omrvr\.stmcufinder\plugins\mcufinder/ => C:\Users\omrvr\.stmcufinder\plugins\mcufinder
2024-04-08 00:25:35,703 [INFO] CrossReferenceDbSqlite:203 - Set database path to: C:\Users\omrvr\.stmcufinder\plugins\mcufinder//mcu/cs/
2024-04-08 00:25:35,715 [INFO] ApplicationProperties:184 - Using Application install path: C:\ST\STM32CubeIDE_1.15.0\STM32CubeIDE\plugins\com.st.stm32cube.common.mx_6.11.0.202403141607
2024-04-08 00:25:35,717 [INFO] PluginManage:196 - Search for loadable plugins [exclusion list=, ]
2024-04-08 00:25:35,717 [INFO] PluginManage:310 - Check plugin analytics
2024-04-08 00:25:35,876 [INFO] AnalyticsPlugin:253 - Accepted Software Licenses: 
2024-04-08 00:25:35,876 [INFO] AnalyticsPlugin:255 - Accepted CMSIS Pack Licenses: 
2024-04-08 00:25:35,876 [INFO] AnalyticsPlugin:257 - Accepted Firmware Licenses: 
2024-04-08 00:25:35,878 [INFO] PluginManage:359 - Loaded plugin analytics (category:tool,tabindex:-1)
2024-04-08 00:25:35,880 [INFO] PluginManage:310 - Check plugin cadmodel
2024-04-08 00:25:35,884 [INFO] CADModel:105 - Init CAD model plugin
2024-04-08 00:25:35,884 [INFO] PluginManage:359 - Loaded plugin cadmodel (category:power,tabindex:5)
2024-04-08 00:25:35,884 [INFO] PluginManage:310 - Check plugin clock
2024-04-08 00:25:35,892 [INFO] PluginManage:359 - Loaded plugin clock (category:base,tabindex:2)
2024-04-08 00:25:35,892 [INFO] PluginManage:310 - Check plugin ddr
2024-04-08 00:25:35,894 [INFO] PluginManage:359 - Loaded plugin ddr (category:tool,tabindex:6)
2024-04-08 00:25:35,894 [INFO] PluginManage:310 - Check plugin filemanager
2024-04-08 00:25:35,995 [INFO] PluginManage:359 - Loaded plugin filemanager (category:base,tabindex:10)
2024-04-08 00:25:35,996 [INFO] PluginManage:310 - Check plugin ipmanager
2024-04-08 00:25:36,001 [INFO] PluginManage:359 - Loaded plugin ipmanager (category:base,tabindex:5)
2024-04-08 00:25:36,001 [INFO] PluginManage:310 - Check plugin lpbam
2024-04-08 00:25:36,006 [INFO] PluginManage:359 - Loaded plugin lpbam (category:base,tabindex:0)
2024-04-08 00:25:36,007 [INFO] PluginManage:310 - Check plugin memorymap
2024-04-08 00:25:36,013 [INFO] PluginManage:359 - Loaded plugin memorymap (category:base,tabindex:4)
2024-04-08 00:25:36,013 [INFO] PluginManage:310 - Check plugin pinoutandconfiguration
2024-04-08 00:25:36,017 [INFO] PluginManage:359 - Loaded plugin pinoutandconfiguration (category:base,tabindex:1)
2024-04-08 00:25:36,018 [INFO] PluginManage:310 - Check plugin pinoutconfig
2024-04-08 00:25:36,079 [WARN] SupportedApi:132 - Cannot load RTOS API schema: s4s-elt-must-match.1: The content of 'definitions' must match (annotation?, (simpleType | complexType)?, (unique | key | keyref)*)). A problem was found starting at: attribute.
2024-04-08 00:25:36,205 [INFO] PluginManage:359 - Loaded plugin pinoutconfig (category:base,tabindex:0)
2024-04-08 00:25:36,205 [INFO] PluginManage:310 - Check plugin power
2024-04-08 00:25:36,212 [INFO] PluginManage:359 - Loaded plugin power (category:power,tabindex:4)
2024-04-08 00:25:36,212 [INFO] PluginManage:310 - Check plugin projectmanager
2024-04-08 00:25:36,224 [INFO] PluginManage:359 - Loaded plugin projectmanager (category:projectmanager,tabindex:3)
2024-04-08 00:25:36,225 [INFO] PluginManage:310 - Check plugin thirdparty
2024-04-08 00:25:36,301 [WARN] IntegrityCheckThread:84 - waiting for thirdparty lock release [integrity check]
2024-04-08 00:25:36,301 [INFO] IntegrityCheckThread:86 - entering critical section [integrity check]
2024-04-08 00:25:36,301 [INFO] PluginManage:359 - Loaded plugin thirdparty (category:base,tabindex:-1)
2024-04-08 00:25:36,301 [INFO] PluginManage:310 - Check plugin tools
2024-04-08 00:25:36,301 [INFO] ThirdPartyUpdaterWithRetryManager:70 - Updater plugin not ready yet. [1/15]
2024-04-08 00:25:36,305 [INFO] PluginManage:359 - Loaded plugin tools (category:base,tabindex:7)
2024-04-08 00:25:36,305 [INFO] PluginManage:310 - Check plugin tutovideos
2024-04-08 00:25:36,402 [INFO] PluginManage:359 - Loaded plugin tutovideos (category:base,tabindex:-1)
2024-04-08 00:25:36,402 [INFO] PluginManage:310 - Check plugin updater
2024-04-08 00:25:36,408 [INFO] PluginManage:359 - Loaded plugin updater (category:base,tabindex:12)
2024-04-08 00:25:36,408 [INFO] PluginManage:310 - Check plugin userauth
2024-04-08 00:25:36,411 [INFO] UserAuth:114 - Init User Auth plugin
2024-04-08 00:25:36,411 [INFO] PluginManage:359 - Loaded plugin userauth (category:base,tabindex:14)
2024-04-08 00:25:36,411 [INFO] PluginManage:283 - PluginManage : Loaded plugins [17]
2024-04-08 00:25:36,550 [INFO] PinOutPanel:1561 - setPackage(No Configuration,No Configuration)
2024-04-08 00:25:36,596 [INFO] CADModel:165 - CPN selected for project level
2024-04-08 00:25:36,596 [INFO] CADModel:114 - Register for checkConnection events
2024-04-08 00:25:36,607 [INFO] IPUIPlugin:80 - create IPUIPlugin
2024-04-08 00:25:36,607 [INFO] PluginManager:220 - loadIPPluginJar : add adc
2024-04-08 00:25:36,608 [INFO] IPUIPlugin:80 - create IPUIPlugin
2024-04-08 00:25:36,608 [INFO] PluginManager:220 - loadIPPluginJar : add aes
2024-04-08 00:25:36,609 [INFO] IPUIPlugin:80 - create IPUIPlugin
2024-04-08 00:25:36,609 [INFO] PluginManager:220 - loadIPPluginJar : add can
2024-04-08 00:25:36,610 [INFO] IPUIPlugin:80 - create IPUIPlugin
2024-04-08 00:25:36,610 [INFO] PluginManager:220 - loadIPPluginJar : add comp
2024-04-08 00:25:36,611 [INFO] IPUIPlugin:80 - create IPUIPlugin
2024-04-08 00:25:36,612 [INFO] PluginManager:220 - loadIPPluginJar : add cryp
2024-04-08 00:25:36,612 [INFO] IPUIPlugin:80 - create IPUIPlugin
2024-04-08 00:25:36,612 [INFO] PluginManager:220 - loadIPPluginJar : add dfsdm
2024-04-08 00:25:36,615 [INFO] IPUIPlugin:80 - create IPUIPlugin
2024-04-08 00:25:36,615 [INFO] PluginManager:220 - loadIPPluginJar : add dma
2024-04-08 00:25:36,616 [INFO] IPUIPlugin:80 - create IPUIPlugin
2024-04-08 00:25:36,616 [INFO] PluginManager:220 - loadIPPluginJar : add dma3
2024-04-08 00:25:36,617 [INFO] IPUIPlugin:80 - create IPUIPlugin
2024-04-08 00:25:36,617 [INFO] PluginManager:220 - loadIPPluginJar : add extmemmanager
2024-04-08 00:25:36,618 [INFO] IPUIPlugin:80 - create IPUIPlugin
2024-04-08 00:25:36,618 [INFO] PluginManager:220 - loadIPPluginJar : add fatfs
2024-04-08 00:25:36,620 [INFO] IPUIPlugin:80 - create IPUIPlugin
2024-04-08 00:25:36,620 [INFO] PluginManager:220 - loadIPPluginJar : add fmc
2024-04-08 00:25:36,622 [INFO] IPUIPlugin:80 - create IPUIPlugin
2024-04-08 00:25:36,623 [INFO] PluginManager:220 - loadIPPluginJar : add freertos
2024-04-08 00:25:36,625 [INFO] IPUIPlugin:80 - create IPUIPlugin
2024-04-08 00:25:36,625 [INFO] PluginManager:220 - loadIPPluginJar : add genericplugin
2024-04-08 00:25:36,625 [INFO] IPUIPlugin:80 - create IPUIPlugin
2024-04-08 00:25:36,625 [INFO] PluginManager:220 - loadIPPluginJar : add gfxmmu
2024-04-08 00:25:36,628 [INFO] IPUIPlugin:80 - create IPUIPlugin
2024-04-08 00:25:36,628 [INFO] PluginManager:220 - loadIPPluginJar : add gic
2024-04-08 00:25:36,630 [INFO] IPUIPlugin:80 - create IPUIPlugin
2024-04-08 00:25:36,630 [INFO] PluginManager:220 - loadIPPluginJar : add gpio
2024-04-08 00:25:36,631 [INFO] IPUIPlugin:80 - create IPUIPlugin
2024-04-08 00:25:36,631 [INFO] PluginManager:220 - loadIPPluginJar : add gtzc
2024-04-08 00:25:36,632 [INFO] IPUIPlugin:80 - create IPUIPlugin
2024-04-08 00:25:36,632 [INFO] PluginManager:220 - loadIPPluginJar : add hash
2024-04-08 00:25:36,633 [INFO] IPUIPlugin:80 - create IPUIPlugin
2024-04-08 00:25:36,633 [INFO] PluginManager:220 - loadIPPluginJar : add i2c
2024-04-08 00:25:36,635 [INFO] IPUIPlugin:80 - create IPUIPlugin
2024-04-08 00:25:36,635 [INFO] PluginManager:220 - loadIPPluginJar : add i2s
2024-04-08 00:25:36,637 [INFO] IPUIPlugin:80 - create IPUIPlugin
2024-04-08 00:25:36,637 [INFO] PluginManager:220 - loadIPPluginJar : add i3c
2024-04-08 00:25:36,639 [INFO] IPUIPlugin:80 - create IPUIPlugin
2024-04-08 00:25:36,639 [INFO] PluginManager:220 - loadIPPluginJar : add ipddr
2024-04-08 00:25:36,642 [INFO] IPUIPlugin:80 - create IPUIPlugin
2024-04-08 00:25:36,642 [INFO] PluginManager:220 - loadIPPluginJar : add linkedlist
2024-04-08 00:25:36,643 [INFO] IPUIPlugin:80 - create IPUIPlugin
2024-04-08 00:25:36,644 [INFO] PluginManager:220 - loadIPPluginJar : add lorawan
2024-04-08 00:25:36,644 [INFO] IPUIPlugin:80 - create IPUIPlugin
2024-04-08 00:25:36,644 [INFO] PluginManager:220 - loadIPPluginJar : add ltdc
2024-04-08 00:25:36,647 [INFO] IPUIPlugin:80 - create IPUIPlugin
2024-04-08 00:25:36,647 [INFO] PluginManager:220 - loadIPPluginJar : add mdma
2024-04-08 00:25:36,649 [INFO] IPUIPlugin:80 - create IPUIPlugin
2024-04-08 00:25:36,649 [INFO] PluginManager:220 - loadIPPluginJar : add nvic
2024-04-08 00:25:36,650 [INFO] IPUIPlugin:80 - create IPUIPlugin
2024-04-08 00:25:36,650 [INFO] PluginManager:220 - loadIPPluginJar : add opamp
2024-04-08 00:25:36,652 [INFO] IPUIPlugin:80 - create IPUIPlugin
2024-04-08 00:25:36,652 [INFO] PluginManager:220 - loadIPPluginJar : add openamp
2024-04-08 00:25:36,653 [INFO] IPUIPlugin:80 - create IPUIPlugin
2024-04-08 00:25:36,653 [INFO] PluginManager:220 - loadIPPluginJar : add pdm2pcm
2024-04-08 00:25:36,656 [INFO] IPUIPlugin:80 - create IPUIPlugin
2024-04-08 00:25:36,658 [INFO] PluginManager:220 - loadIPPluginJar : add plateformsettings
2024-04-08 00:25:36,659 [INFO] IPUIPlugin:80 - create IPUIPlugin
2024-04-08 00:25:36,659 [INFO] PluginManager:220 - loadIPPluginJar : add quadspi
2024-04-08 00:25:36,661 [INFO] IPUIPlugin:80 - create IPUIPlugin
2024-04-08 00:25:36,661 [INFO] PluginManager:220 - loadIPPluginJar : add resmgrutility
2024-04-08 00:25:36,662 [INFO] IPUIPlugin:80 - create IPUIPlugin
2024-04-08 00:25:36,662 [INFO] PluginManager:220 - loadIPPluginJar : add sai
2024-04-08 00:25:36,663 [INFO] IPUIPlugin:80 - create IPUIPlugin
2024-04-08 00:25:36,663 [INFO] PluginManager:220 - loadIPPluginJar : add spi
2024-04-08 00:25:36,666 [INFO] IPUIPlugin:80 - create IPUIPlugin
2024-04-08 00:25:36,666 [INFO] PluginManager:220 - loadIPPluginJar : add stm32_wpan
2024-04-08 00:25:36,666 [INFO] IPUIPlugin:80 - create IPUIPlugin
2024-04-08 00:25:36,667 [INFO] PluginManager:220 - loadIPPluginJar : add tim
2024-04-08 00:25:36,668 [INFO] IPUIPlugin:80 - create IPUIPlugin
2024-04-08 00:25:36,669 [INFO] PluginManager:220 - loadIPPluginJar : add touchsensing
2024-04-08 00:25:36,669 [INFO] IPUIPlugin:80 - create IPUIPlugin
2024-04-08 00:25:36,670 [INFO] PluginManager:220 - loadIPPluginJar : add tracer_emb
2024-04-08 00:25:36,671 [INFO] IPUIPlugin:80 - create IPUIPlugin
2024-04-08 00:25:36,671 [INFO] PluginManager:220 - loadIPPluginJar : add ts
2024-04-08 00:25:36,671 [INFO] IPUIPlugin:80 - create IPUIPlugin
2024-04-08 00:25:36,671 [INFO] PluginManager:220 - loadIPPluginJar : add tsc
2024-04-08 00:25:36,672 [INFO] IPUIPlugin:80 - create IPUIPlugin
2024-04-08 00:25:36,672 [INFO] PluginManager:220 - loadIPPluginJar : add ucpd
2024-04-08 00:25:36,674 [INFO] IPUIPlugin:80 - create IPUIPlugin
2024-04-08 00:25:36,674 [INFO] PluginManager:220 - loadIPPluginJar : add usart
2024-04-08 00:25:36,675 [INFO] IPUIPlugin:80 - create IPUIPlugin
2024-04-08 00:25:36,675 [INFO] PluginManager:220 - loadIPPluginJar : add usbx
2024-04-08 00:25:36,781 [INFO] CADModel:165 - CPN selected for project level
2024-04-08 00:25:36,781 [INFO] CADModel:114 - Register for checkConnection events
2024-04-08 00:25:36,781 [FATAL] Updater:308 - Updater called before beeing initialized
2024-04-08 00:25:36,781 [ERROR] CADModel:125 - Updater not yet initialized, retry later 
2024-04-08 00:25:36,886 [INFO] CADModel:165 - CPN selected for project level
2024-04-08 00:25:36,886 [INFO] CADModel:114 - Register for checkConnection events
2024-04-08 00:25:36,886 [FATAL] Updater:308 - Updater called before beeing initialized
2024-04-08 00:25:36,886 [ERROR] CADModel:125 - Updater not yet initialized, retry later 
2024-04-08 00:25:36,889 [FATAL] Updater:308 - Updater called before beeing initialized
2024-04-08 00:25:36,956 [FATAL] Updater:308 - Updater called before beeing initialized
2024-04-08 00:25:36,959 [INFO] DbMcusAds:53 - JSON generation date=Wed Nov 29 13:52:27 TRT 2023 (1701255147349)
2024-04-08 00:25:36,959 [FATAL] Updater:308 - Updater called before beeing initialized
2024-04-08 00:25:36,984 [WARN] DetailPanel:346 - Failed to get advertising image, set to default
2024-04-08 00:25:37,053 [FATAL] Updater:308 - Updater called before beeing initialized
2024-04-08 00:25:37,054 [FATAL] Updater:308 - Updater called before beeing initialized
2024-04-08 00:25:37,054 [FATAL] Updater:308 - Updater called before beeing initialized
2024-04-08 00:25:37,054 [WARN] DetailPanel:346 - Failed to get advertising image, set to default
2024-04-08 00:25:37,055 [FATAL] Updater:308 - Updater called before beeing initialized
2024-04-08 00:25:37,082 [ERROR] Updater:1120 - MainUpdater not yet initialized. External WinMGr cannot be set.
2024-04-08 00:25:37,083 [INFO] Updater:1056 - Updater Version found : 6.11.0
2024-04-08 00:25:37,097 [INFO] ApplicationProperties:184 - Using Application install path: C:\ST\STM32CubeIDE_1.15.0\STM32CubeIDE\plugins\com.st.stm32cube.common.mx_6.11.0.202403141607
2024-04-08 00:25:38,664 [ERROR] LogOutputStream:75 - [STDERR_REDIRECT] Apr 08, 2024 12:25:38 AM java.util.prefs.WindowsPreferences <init>
2024-04-08 00:25:38,666 [ERROR] LogOutputStream:75 - [STDERR_REDIRECT] WARNING: Could not open/create prefs root node Software\JavaSoft\Prefs at root 0xffffffff80000002. Windows RegCreateKeyEx(...) returned error code 5.
2024-04-08 00:25:38,667 [ERROR] LogOutputStream:75 - [STDERR_REDIRECT] 
2024-04-08 00:25:38,932 [INFO] MainUpdater:2873 - connection check result : 10
2024-04-08 00:25:38,933 [INFO] MainUpdater:290 - Updater Check For Update Now.
2024-04-08 00:25:38,933 [INFO] MicroXplorer:498 - Change Database Version : DB.6.0.110
2024-04-08 00:25:38,938 [INFO] McuFinderGlobals:63 - Set McuFinder mode to 2 (CubeIDE integrated)
2024-04-08 00:25:38,938 [INFO] UserAuth:179 - activating auth plugin
2024-04-08 00:25:38,940 [INFO] UserAuth:415 - Internet connection configuration mode: 1
2024-04-08 00:25:38,960 [INFO] JxBrowserEngine:152 - Initiate JxBrowser Engine with user profile folder
2024-04-08 00:25:39,092 [INFO] CheckServerUpdateThread:120 - End of CheckServer Thread
2024-04-08 00:25:39,167 [INFO] MainUpdater:2873 - connection check result : 10
2024-04-08 00:25:39,406 [WARN] PackLoader:240 - Cannot read IP mode file for STMicroelectronics.X-CUBE-SMBUS.2.1.0
2024-04-08 00:25:39,412 [WARN] PackLoader:240 - Cannot read IP mode file for STMicroelectronics.X-CUBE-TOUCHGFX.4.23.1
2024-04-08 00:25:39,415 [WARN] PackLoader:240 - Cannot read IP mode file for STMicroelectronics.X-CUBE-TOUCHGFX.4.23.2
2024-04-08 00:25:39,436 [WARN] PackLoader:240 - Cannot read IP mode file for STMicroelectronics.X-CUBE-AZRTOS-F7.1.1.0
2024-04-08 00:25:39,444 [WARN] PackLoader:240 - Cannot read IP mode file for STMicroelectronics.FP-SNS-FLIGHT1.5.0.2
2024-04-08 00:25:39,454 [WARN] PackLoader:240 - Cannot read IP mode file for STMicroelectronics.X-CUBE-DISPLAY.3.0.0
2024-04-08 00:25:39,468 [WARN] PackLoader:240 - Cannot read IP mode file for STMicroelectronics.X-CUBE-BLE1.7.0.0
2024-04-08 00:25:39,473 [WARN] PackLoader:240 - Cannot read IP mode file for emotas.I-CUBE-CANOPEN.1.3.0
2024-04-08 00:25:39,484 [WARN] PackLoader:240 - Cannot read IP mode file for STMicroelectronics.X-CUBE-BLEMGR.3.1.0
2024-04-08 00:25:39,492 [WARN] PackLoader:240 - Cannot read IP mode file for STMicroelectronics.FP-SNS-SMARTAG2.1.2.0
2024-04-08 00:25:39,502 [INFO] LogOutputStream:77 - [STDOUT_REDIRECT] 1 : Invalid condition id : UX_CORESTACK_Condition cause : null
2024-04-08 00:25:39,503 [INFO] LogOutputStream:77 - [STDOUT_REDIRECT] 1 : Invalid condition id : UX_CORESTACK_Condition cause : null
2024-04-08 00:25:39,505 [INFO] LogOutputStream:77 - [STDOUT_REDIRECT] 1 : Invalid condition id : UX_CORESTACK_Condition cause : null
2024-04-08 00:25:39,505 [INFO] LogOutputStream:77 - [STDOUT_REDIRECT] 1 : Invalid condition id : UX_CORESTACK_Condition cause : null
2024-04-08 00:25:39,506 [INFO] LogOutputStream:77 - [STDOUT_REDIRECT] 1 : Invalid condition id : UX_CORESTACK_Condition cause : null
2024-04-08 00:25:39,509 [WARN] PackLoader:240 - Cannot read IP mode file for STMicroelectronics.X-CUBE-AZRTOS-WL.2.0.0
2024-04-08 00:25:39,511 [INFO] WebApp:161 - Instantiating new browser for Auth
2024-04-08 00:25:39,514 [WARN] PackLoader:240 - Cannot read IP mode file for STMicroelectronics.FP-SNS-MOTENV1.5.0.0
2024-04-08 00:25:39,524 [WARN] PackLoader:240 - Cannot read IP mode file for WES.I-CUBE-Cesium.1.3.0
2024-04-08 00:25:39,529 [WARN] PackLoader:240 - Cannot read IP mode file for STMicroelectronics.X-CUBE-BLE2.3.3.0
2024-04-08 00:25:39,536 [WARN] PackLoader:240 - Cannot read IP mode file for STMicroelectronics.X-CUBE-ALGOBUILD.1.3.0
2024-04-08 00:25:39,556 [WARN] PackLoader:240 - Cannot read IP mode file for STMicroelectronics.X-CUBE-AZRTOS-G0.1.1.0
2024-04-08 00:25:39,570 [WARN] PackLoader:240 - Cannot read IP mode file for STMicroelectronics.X-CUBE-SAFEA1.1.2.2
2024-04-08 00:25:39,576 [WARN] PackLoader:240 - Cannot read IP mode file for STMicroelectronics.X-CUBE-NFC4.3.0.0
2024-04-08 00:25:39,580 [WARN] PackLoader:240 - Cannot read IP mode file for wolfSSL.I-CUBE-wolfSSL.5.7.0
2024-04-08 00:25:39,583 [WARN] PackLoader:240 - Cannot read IP mode file for STMicroelectronics.FP-ATR-SIGFOX1.3.2.0
2024-04-08 00:25:39,588 [WARN] PackLoader:240 - Cannot read IP mode file for STMicroelectronics.X-CUBE-EEPRMA1.5.1.0
2024-04-08 00:25:39,595 [WARN] PackLoader:240 - Cannot read IP mode file for ITTIA_DB.I-CUBE-ITTIADB.8.9.0
2024-04-08 00:25:39,626 [WARN] PackLoader:240 - Cannot read IP mode file for SEGGER.I-CUBE-embOS.1.3.1
2024-04-08 00:25:39,649 [WARN] PackLoader:240 - Cannot read IP mode file for STMicroelectronics.X-CUBE-GNSS1.6.0.0
2024-04-08 00:25:39,657 [WARN] PackLoader:240 - Cannot read IP mode file for STMicroelectronics.X-CUBE-AZRTOS-F4.1.1.0
2024-04-08 00:25:39,667 [WARN] PackLoader:240 - Cannot read IP mode file for STMicroelectronics.X-CUBE-AZRTOS-L5.2.0.0
2024-04-08 00:25:39,670 [WARN] PackLoader:240 - Cannot read IP mode file for STMicroelectronics.X-CUBE-NFC6.3.1.0
2024-04-08 00:25:39,676 [WARN] PackLoader:240 - Cannot read IP mode file for STMicroelectronics.X-CUBE-NFC7.1.0.1
2024-04-08 00:25:39,680 [WARN] PackLoader:240 - Cannot read IP mode file for STMicroelectronics.X-CUBE-AI.8.1.0
2024-04-08 00:25:39,690 [WARN] ConditionMgr:438 - getConditionDescription Invalid condition id : LAN8742 Phy interface Condition cause : null
2024-04-08 00:25:39,690 [WARN] PackLoader:240 - Cannot read IP mode file for STMicroelectronics.X-CUBE-AZRTOS-L4.2.0.0
2024-04-08 00:25:39,691 [WARN] ConditionMgr:1039 - genDependencies : Invalid condition id : LAN8742 Phy interface Condition cause : null
2024-04-08 00:25:39,691 [WARN] ConditionMgr:1039 - genDependencies : Invalid condition id : LAN8742 Phy interface Condition cause : null
2024-04-08 00:25:39,692 [WARN] ConditionMgr:1039 - genDependencies : Invalid condition id : LAN8742 Phy interface Condition cause : null
2024-04-08 00:25:39,697 [WARN] PackLoader:240 - Cannot read IP mode file for STMicroelectronics.X-CUBE-SFXS2LP1.4.0.0
2024-04-08 00:25:39,706 [WARN] ConditionMgr:438 - getConditionDescription Invalid condition id : UX DEVICE CLASS RTOS Condition cause : null
2024-04-08 00:25:39,706 [WARN] ConditionMgr:438 - getConditionDescription Invalid condition id : UX DEVICE CLASS RTOS Condition cause : null
2024-04-08 00:25:39,707 [WARN] PackLoader:240 - Cannot read IP mode file for STMicroelectronics.X-CUBE-AZRTOS-WB.2.0.0
2024-04-08 00:25:39,707 [WARN] ConditionMgr:1039 - genDependencies : Invalid condition id : UX DEVICE CLASS RTOS Condition cause : null
2024-04-08 00:25:39,707 [WARN] ConditionMgr:1039 - genDependencies : Invalid condition id : UX DEVICE CLASS RTOS Condition cause : null
2024-04-08 00:25:39,708 [WARN] ConditionMgr:1039 - genDependencies : Invalid condition id : UX DEVICE CLASS RTOS Condition cause : null
2024-04-08 00:25:39,708 [WARN] ConditionMgr:1039 - genDependencies : Invalid condition id : UX DEVICE CLASS RTOS Condition cause : null
2024-04-08 00:25:39,708 [WARN] ConditionMgr:1039 - genDependencies : Invalid condition id : UX DEVICE CLASS RTOS Condition cause : null
2024-04-08 00:25:39,713 [WARN] PackLoader:240 - Cannot read IP mode file for STMicroelectronics.X-CUBE-SUBG2.5.0.0
2024-04-08 00:25:39,753 [WARN] PackLoader:240 - Cannot read IP mode file for STMicroelectronics.X-CUBE-AZRTOS-G4.2.0.0
2024-04-08 00:25:39,760 [WARN] PackLoader:240 - Cannot read IP mode file for Infineon.AIROC-Wi-Fi-Bluetooth-STM32.1.5.1
2024-04-08 00:25:39,766 [WARN] PackLoader:240 - Cannot read IP mode file for STMicroelectronics.FP-SNS-MOTENVWB1.1.3.1
2024-04-08 00:25:39,770 [WARN] PackLoader:240 - Cannot read IP mode file for STMicroelectronics.X-CUBE-ISPU.2.0.0
2024-04-08 00:25:39,789 [WARN] PackLoader:240 - Cannot read IP mode file for STMicroelectronics.X-CUBE-MEMS1.10.0.0
2024-04-08 00:25:39,789 [INFO] ApiDb:581 - Connected to CubeFinder SQLite database (C:\Users\omrvr\.stmcufinder\plugins\mcufinder\mcu\cube-finder-db.db)
2024-04-08 00:25:39,853 [WARN] PackLoader:240 - Cannot read IP mode file for STMicroelectronics.X-CUBE-FREERTOS.1.1.0
2024-04-08 00:25:39,857 [WARN] PackLoader:240 - Cannot read IP mode file for portGmbH.I-Cube-SoM-uGOAL.1.1.0
2024-04-08 00:25:39,859 [INFO] ApiDb:668 - CubeFinder database Data Model version=2.1
2024-04-08 00:25:39,859 [INFO] ApiDb:669 - CubeFinder database Configuration version=3.0.39
2024-04-08 00:25:39,859 [INFO] ApiDb:670 - CubeFinder database generation date=2024-03-25 (1711369621)
2024-04-08 00:25:39,859 [INFO] ApiDb:671 - CubeFinder database FW Pack versions=[FP-ATR-ASTRA1_V2.0.0, FP-SNS-FLIGHT1_V5.0.1, FP-SNS-FLIGHT1_V5.0.2, FP-SNS-MOTENV1_V4.3.1, FP-SNS-MOTENV1_V4.3.2, FP-SNS-MOTENVWB1_V1.3.1, FP-SNS-SMARTAG2_V1.2.0, STM32Cube_FW_C0_V1.1.0, STM32Cube_FW_F4_V1.28.0, STM32Cube_FW_F7_V1.17.0, STM32Cube_FW_G0_V1.6.2, STM32Cube_FW_G4_V1.5.2, STM32Cube_FW_H5_V0.5.1, STM32Cube_FW_H5_V1.1.1, STM32Cube_FW_H5_V1.2.0, STM32Cube_FW_H5_V1.2.0RC4, STM32Cube_FW_H7RS_V1.0.0, STM32Cube_FW_H7RS_V1.0.0RC4, STM32Cube_FW_H7_V1.11.0, STM32Cube_FW_L0_V1.12.2, STM32Cube_FW_L5_V1.5.1, STM32Cube_FW_U0_V1.0.0, STM32Cube_FW_U0_V1.0.0RC1, STM32Cube_FW_U5_V1.3.0RC4, STM32Cube_FW_U5_V1.5.0, STM32Cube_FW_U5_V1.5.0RC1, STM32Cube_FW_WBA_V1.0.0RC1, STM32Cube_FW_WBA_V1.2.0, STM32Cube_FW_WBA_V1.2.0RC2, STM32Cube_FW_WBA_V1.3.0, STM32Cube_FW_WBA_V1.3.0RC1, STM32Cube_FW_WB_V1.15.0RC1, STM32Cube_FW_WB_V1.16.0, STM32Cube_FW_WB_V1.16.0RC2, STM32Cube_FW_WB_V1.18.0, STM32Cube_FW_WB_V1.19.0, STM32Cube_FW_WL_V1.3.0, X-CUBE-ALGOBUILD_V1.3.0, X-CUBE-ALS_V1.0.1, X-CUBE-AZRTOS-F4_V1.1.0, X-CUBE-AZRTOS-F7_V1.1.0, X-CUBE-AZRTOS-G0_V1.1.0, X-CUBE-AZRTOS-G4_V2.0.0, X-CUBE-AZRTOS-H7_V3.2.0, X-CUBE-AZRTOS-L4_V1.0.0, X-CUBE-AZRTOS-L4_V2.0.0, X-CUBE-AZRTOS-L5_V1.1.0, X-CUBE-AZRTOS-WB_V2.0.0, X-CUBE-AZRTOS-WL_V2.0.0, X-CUBE-BLE1_V7.0.0, X-CUBE-BLE2_V3.3.0, X-CUBE-BLEMGR_V3.1.0, X-CUBE-EEPRMA1_V4.1.0, X-CUBE-EEPRMA1_V5.1.0, X-CUBE-FREERTOS_V1.1.0, X-CUBE-GNSS1_V6.0.0, X-CUBE-MEMS1_V10.0.0, X-CUBE-MEMS1_V9.1.0, X-CUBE-MEMS1_V9.4.0, X-CUBE-MEMS1_V9.6.0, X-CUBE-NFC4_V3.0.0, X-CUBE-NFC7_V1.0.1, X-CUBE-SFXS2LP1_V4.0.0, X-CUBE-SUBG2_V5.0.0, X-CUBE-TOF1_V3.4.0]
2024-04-08 00:25:39,859 [WARN] PackLoader:240 - Cannot read IP mode file for STMicroelectronics.X-CUBE-ALS.1.0.1
2024-04-08 00:25:39,863 [WARN] PackLoader:240 - Cannot read IP mode file for STMicroelectronics.FP-ATR-ASTRA1.2.0.0
2024-04-08 00:25:39,868 [WARN] PackLoader:240 - Cannot read IP mode file for STMicroelectronics.X-CUBE-TOF1.3.4.1
2024-04-08 00:25:39,886 [WARN] PackLoader:240 - Cannot read IP mode file for STMicroelectronics.X-CUBE-AZRTOS-H7.3.2.0
2024-04-08 00:25:39,888 [INFO] ThirdParty:978 - Integrity check success = true
2024-04-08 00:25:39,888 [INFO] IntegrityCheckThread:100 - exiting critical section [integrity check]
2024-04-08 00:25:39,888 [INFO] IntegrityCheckThread:103 - End integrity checks thread
2024-04-08 00:25:39,966 [INFO] DbBoardsSqlite:226 - include board P-NUCLEO-WB55-NUCLEO as a kit item of type 'Nucleo-64'
2024-04-08 00:25:39,966 [INFO] DbBoardsSqlite:226 - include board P-NUCLEO-WB55-USBDONGLE as a kit item of type 'Nucleo USB Dongle'
2024-04-08 00:25:39,968 [INFO] DbBoardsSqlite:226 - include board STEVAL-IDP005V1 as a kit item of type 'Evaluation Board'
2024-04-08 00:25:39,968 [INFO] DbBoardsSqlite:226 - include board STEVAL-IDP005V2 as a kit item of type 'Evaluation Board'
2024-04-08 00:25:40,310 [INFO] ApiDb:240 - Found 483 in-development CPN: [B-G473E-ZEST1S, B-WB1M-WPAN1, B-WL5M-SUBG1, NUCLEO-C031C6, NUCLEO-H503RB, NUCLEO-H533RE, NUCLEO-H563ZI, NUCLEO-H7S3L8, NUCLEO-U031R8, NUCLEO-U083RC, NUCLEO-U545RE-Q, NUCLEO-U5A5ZJ-Q, NUCLEO-WBA52CG, NUCLEO-WBA55CG, STEVAL-PROTEUS1, STEVAL-SMARTAG2, STEVAL-STWINBX1, STM320518-EVAL, STM32C0116-DK, STM32C011D6Y3TR, STM32C011D6Y6TR, STM32C011F4P3, STM32C011F4P6, STM32C011F4U3, STM32C011F4U6TR, STM32C011F6P3, STM32C011F6P6, STM32C011F6U3, STM32C011F6U6TR, STM32C011J4M3, STM32C011J4M6, STM32C011J6M3, STM32C011J6M6, STM32C0316-DK, STM32C031C4T3, STM32C031C4T6, STM32C031C4U3, STM32C031C4U6, STM32C031C6T3, STM32C031C6T6, STM32C031C6U3, STM32C031C6U6, STM32C031F4P3, STM32C031F4P6, STM32C031F6P3, STM32C031F6P6, STM32C031G4U3, STM32C031G4U6, STM32C031G6U3, STM32C031G6U6, STM32C031K4T3, STM32C031K4T6, STM32C031K4U3, STM32C031K4U6, STM32C031K6T3, STM32C031K6T6, STM32C031K6U3, STM32C031K6U6, STM32G071K8TXN, STM32G071K8UXN, STM32G081GBU6N, STM32G081KBT6N, STM32G081KBUXN, STM32G0B1CCT6N, STM32G0B1KCT6, STM32G0B1NEY6TR, STM32G0B1RCT6N, STM32G0C1CCT6, STM32G0C1CCT6N, STM32G0C1CCU6N, STM32G0C1CET6N, STM32G0C1CEU6N, STM32G0C1KCT6, STM32G0C1NEY6TR, STM32G0C1RCI6N, STM32G0C1RCT6N, STM32G0C1REI6N, STM32G0C1RET6N, STM32G0C1VCI6, STM32G0C1VEI6, STM32G471CCT6, STM32G471CCU6, STM32G471CET3, STM32G471CET6, STM32G471CEU3, STM32G471CEU6, STM32G471MCT6, STM32G471MET3, STM32G471MET6, STM32G471MEY6TR, STM32G471QCT6, STM32G471QET3, STM32G471RCT6, STM32G471RET3, STM32G471RET6, STM32G471VCH6, STM32G471VCI6, STM32G471VCT6, STM32G471VEH3, STM32G471VEH6, STM32G471VEI3, STM32G471VEI6, STM32G471VET3, STM32G471VET6, STM32G474CCT6, STM32H503CBT6, STM32H503CBU6, STM32H503EBY6TR, STM32H503KBU6, STM32H503RBT6, STM32H523CCT6, STM32H523CCU6, STM32H523CET6, STM32H523CEU6, STM32H523HEY6TR, STM32H523RCT6, STM32H523RET6, STM32H523VCI6, STM32H523VCT6, STM32H523VEI6, STM32H523VET6, STM32H523ZCJ6, STM32H523ZCT6, STM32H523ZEJ6, STM32H523ZET6, STM32H533CET6, STM32H533CEU6, STM32H533HEY6TR, STM32H533RET6, STM32H533VEI6, STM32H533VET6, STM32H533ZEJ6, STM32H533ZET6, STM32H562AGI6, STM32H562AII6, STM32H562IGK6, STM32H562IGT6, STM32H562IIK6, STM32H562IIT6, STM32H562RGT6, STM32H562RGV6, STM32H562RIT6, STM32H562RIV6, STM32H562VGT6, STM32H562VIT6, STM32H562ZGT6, STM32H562ZIT6, STM32H563AGI6, STM32H563AII3Q, STM32H563AII6, STM32H563IGK6, STM32H563IGT6, STM32H563IIK3Q, STM32H563IIK6, STM32H563IIT3Q, STM32H563IIT6, STM32H563MIY3QTR, STM32H563RGT6, STM32H563RGV6, STM32H563RIT6, STM32H563RIV6, STM32H563VGT6, STM32H563VIT3Q, STM32H563VIT6, STM32H563ZGT6, STM32H563ZIT3Q, STM32H563ZIT6, STM32H573AII3Q, STM32H573AII6, STM32H573I-DK, STM32H573IIK3Q, STM32H573IIK6, STM32H573IIT3Q, STM32H573IIT6, STM32H573MIY3QTR, STM32H573RIT6, STM32H573RIV6, STM32H573VIT3Q, STM32H573VIT6, STM32H573ZIT3Q, STM32H573ZIT6, STM32H7R3A8I6, STM32H7R3I8K6, STM32H7R3I8T6, STM32H7R3L8H6, STM32H7R3L8H6H, STM32H7R3R8V6, STM32H7R3V8H6, STM32H7R3V8T6, STM32H7R3V8Y6, STM32H7R3Z8J6, STM32H7R3Z8T6, STM32H7R7A8I6, STM32H7R7I8K6, STM32H7R7I8T6, STM32H7R7L8H6, STM32H7R7L8H6H, STM32H7R7Z8J6, STM32H7S3A8I6, STM32H7S3I8K6, STM32H7S3I8T6, STM32H7S3L8H6, STM32H7S3L8H6H, STM32H7S3R8V6, STM32H7S3V8H6, STM32H7S3V8T6, STM32H7S3V8Y6, STM32H7S3Z8J6, STM32H7S3Z8T6, STM32H7S78-DK, STM32H7S7A8I6, STM32H7S7I8K6, STM32H7S7I8T6, STM32H7S7L8H6, STM32H7S7L8H6H, STM32H7S7Z8J6, STM32L4R5QGI6STR, STM32MP131AAE3, STM32MP131AAF3, STM32MP131AAG3, STM32MP131CAE3, STM32MP131CAF3, STM32MP131CAG3, STM32MP131DAE7, STM32MP131DAF7, STM32MP131DAG7, STM32MP131FAE7, STM32MP131FAF7, STM32MP131FAG7, STM32MP133AAE3, STM32MP133AAF3, STM32MP133AAG3, STM32MP133CAE3, STM32MP133CAF3, STM32MP133CAG3, STM32MP133DAE7, STM32MP133DAF7, STM32MP133DAG7, STM32MP133FAE7, STM32MP133FAF7, STM32MP133FAG7, STM32MP135AAE3, STM32MP135AAF3, STM32MP135AAG3, STM32MP135CAE3, STM32MP135CAF3, STM32MP135CAG3, STM32MP135DAE7, STM32MP135DAF7, STM32MP135DAG7, STM32MP135F-DK, STM32MP135FAE7, STM32MP135FAF7, STM32MP135FAF7T, STM32MP135FAF7U, STM32MP135FAG7, STM32U031C6T6, STM32U031C6U6, STM32U031C8T6, STM32U031C8U6, STM32U031F4P6, STM32U031F6P6, STM32U031F8P6, STM32U031G6Y6TR, STM32U031G8Y6TR, STM32U031K4U6, STM32U031K6U6, STM32U031K8U6, STM32U031R6I6, STM32U031R6T6, STM32U031R8I6, STM32U031R8T6, STM32U073C8T6, STM32U073C8U6, STM32U073CBT6, STM32U073CBU6, STM32U073CCT6, STM32U073CCU6, STM32U073H8Y6TR, STM32U073HBY6TR, STM32U073HCY6TR, STM32U073K8U6, STM32U073KBU6, STM32U073KCU6, STM32U073M8I6, STM32U073M8T6, STM32U073MBI6, STM32U073MBT6, STM32U073MCI6, STM32U073MCT6, STM32U073R8I6, STM32U073R8T6, STM32U073RBI6, STM32U073RBT6, STM32U073RCI6, STM32U073RCT6, STM32U083C-DK, STM32U083CCT6, STM32U083CCU6, STM32U083HCY6TR, STM32U083KCU6, STM32U083MCI6, STM32U083MCT6, STM32U083RCI6, STM32U083RCT6, STM32U535CBT6, STM32U535CBT6Q, STM32U535CBU6, STM32U535CBU6Q, STM32U535CCT6, STM32U535CCT6Q, STM32U535CCU6, STM32U535CCU6Q, STM32U535CET6, STM32U535CET6Q, STM32U535CEU6, STM32U535CEU6Q, STM32U535JEY6QTR, STM32U535NCY6QTR, STM32U535NEY6QTR, STM32U535RBI6, STM32U535RBI6Q, STM32U535RBT6, STM32U535RBT6Q, STM32U535RCI6, STM32U535RCI6Q, STM32U535RCT6, STM32U535RCT6Q, STM32U535REI6, STM32U535REI6Q, STM32U535RET6, STM32U535RET6Q, STM32U535VCI6, STM32U535VCI6Q, STM32U535VCT6, STM32U535VCT6Q, STM32U535VEI6, STM32U535VEI6Q, STM32U535VET6, STM32U535VET6Q, STM32U545CET6, STM32U545CET6Q, STM32U545CEU6, STM32U545CEU6Q, STM32U545JEY6QTR, STM32U545NEY6QTR, STM32U545REI6, STM32U545REI6Q, STM32U545RET6, STM32U545RET6Q, STM32U545VEI6, STM32U545VEI6Q, STM32U545VET6, STM32U545VET6Q, STM32U595AIH6, STM32U595AIH6Q, STM32U595AJH6, STM32U595AJH6Q, STM32U595QII6, STM32U595QII6Q, STM32U595QJI6, STM32U595QJI6Q, STM32U595RIT6, STM32U595RIT6Q, STM32U595RJT6, STM32U595RJT6Q, STM32U595VIT6, STM32U595VIT6Q, STM32U595VJT6, STM32U595VJT6Q, STM32U595ZIT6, STM32U595ZIT6Q, STM32U595ZIY6QTR, STM32U595ZJT6, STM32U595ZJT6Q, STM32U595ZJY6QTR, STM32U599BJY6QTR, STM32U599NIH6Q, STM32U599NJH6Q, STM32U599VIT6Q, STM32U599VJT6, STM32U599VJT6Q, STM32U599ZIT6Q, STM32U599ZIY6QTR, STM32U599ZJT6Q, STM32U599ZJY6QTR, STM32U5A5AJH6, STM32U5A5AJH6Q, STM32U5A5QII3Q , STM32U5A5QJI6, STM32U5A5QJI6Q, STM32U5A5RJT6, STM32U5A5RJT6Q, STM32U5A5VJT6, STM32U5A5VJT6Q, STM32U5A5ZJT6, STM32U5A5ZJT6Q, STM32U5A5ZJY6QTR, STM32U5A9BJY6QTR, STM32U5A9J-DK, STM32U5A9NJH6Q, STM32U5A9VJT6Q, STM32U5A9ZJT6Q, STM32U5A9ZJY6QTR, STM32U5F7VIT6, STM32U5F7VIT6Q, STM32U5F7VJT6, STM32U5F7VJT6Q, STM32U5F9BJY6QTR, STM32U5F9NJH6Q, STM32U5F9VIT6Q, STM32U5F9VJT6Q, STM32U5F9ZIJ6QTR, STM32U5F9ZIT6Q, STM32U5F9ZJJ6QTR, STM32U5F9ZJT6Q, STM32U5G7VJT6, STM32U5G7VJT6Q, STM32U5G9BJY6QTR, STM32U5G9J-DK1, STM32U5G9J-DK2, STM32U5G9NJH6Q, STM32U5G9VJT6Q, STM32U5G9ZJJ6QTR, STM32U5G9ZJT6Q, STM32WB1MMCH6, STM32WBA50KEU6, STM32WBA50KEU6TR, STM32WBA50KGU6, STM32WBA50KGU6TR, STM32WBA52CEU6, STM32WBA52CEU6TR, STM32WBA52CEU7, STM32WBA52CEU7TR, STM32WBA52CGU6, STM32WBA52CGU6TR, STM32WBA52CGU6U, STM32WBA52CGU7, STM32WBA52CGU7TR, STM32WBA52KEU6, STM32WBA52KEU6TR, STM32WBA52KGU6, STM32WBA52KGU6TR, STM32WBA54CEU6, STM32WBA54CEU6TR, STM32WBA54CEU7, STM32WBA54CEU7TR, STM32WBA54CGU6, STM32WBA54CGU6TR, STM32WBA54CGU7, STM32WBA54CGU7TR, STM32WBA54KEU6, STM32WBA54KEU6TR, STM32WBA54KEU7, STM32WBA54KEU7TR, STM32WBA54KGU6, STM32WBA54KGU6TR, STM32WBA54KGU7, STM32WBA54KGU7TR, STM32WBA55CEU6, STM32WBA55CEU6TR, STM32WBA55CEU7, STM32WBA55CEU7TR, STM32WBA55CGU6, STM32WBA55CGU6TR, STM32WBA55CGU6U, STM32WBA55CGU7, STM32WBA55CGU7TR, STM32WBA55G-DK1, STM32WBA55HEF6, STM32WBA55HEF7, STM32WBA55HGF6, STM32WBA55HGF7, STM32WBA55UEI6, STM32WBA55UEI6TR, STM32WBA55UEI7, STM32WBA55UEI7TR, STM32WBA55UGI6, STM32WBA55UGI6TR, STM32WBA55UGI7, STM32WBA55UGI7TR, STM32WL5MOCH6, STM32WL5MOCH6TR]
2024-04-08 00:25:40,348 [INFO] WebApp:779 - Register for checkConnection events
2024-04-08 00:25:40,348 [INFO] WebApp:414 - Apply proxy settings
2024-04-08 00:25:40,348 [INFO] WebApp:499 - Chromium requires no authentication
2024-04-08 00:25:40,354 [INFO] WebApp:442 - Direct internet connection detected
2024-04-08 00:25:40,404 [INFO] BoardInfo:889 - No configuration file found for board P-NUCLEO-WB55
2024-04-08 00:25:40,404 [INFO] DbBoards:161 - Kit is not supported: P-NUCLEO-WB55
2024-04-08 00:25:40,408 [INFO] BoardInfo:889 - No configuration file found for board STEVAL-BFA001V1B
2024-04-08 00:25:40,408 [INFO] DbBoards:161 - Kit is not supported: STEVAL-BFA001V1B
2024-04-08 00:25:40,409 [INFO] BoardInfo:889 - No configuration file found for board STEVAL-BFA001V2B
2024-04-08 00:25:40,409 [INFO] DbBoards:161 - Kit is not supported: STEVAL-BFA001V2B
2024-04-08 00:25:40,478 [INFO] DbBoards:168 - Found 199 boards, 196 are supported
2024-04-08 00:25:40,478 [INFO] DbBoards:169 - Found 199 boards, 8 of them is supported for  Bsp
2024-04-08 00:25:40,480 [INFO] ApiDb:668 - CubeFinder database Data Model version=2.1
2024-04-08 00:25:40,480 [INFO] ApiDb:669 - CubeFinder database Configuration version=3.0.39
2024-04-08 00:25:40,480 [INFO] ApiDb:670 - CubeFinder database generation date=2024-03-25 (1711369621)
2024-04-08 00:25:40,480 [INFO] ApiDb:671 - CubeFinder database FW Pack versions=[FP-ATR-ASTRA1_V2.0.0, FP-SNS-FLIGHT1_V5.0.1, FP-SNS-FLIGHT1_V5.0.2, FP-SNS-MOTENV1_V4.3.1, FP-SNS-MOTENV1_V4.3.2, FP-SNS-MOTENVWB1_V1.3.1, FP-SNS-SMARTAG2_V1.2.0, STM32Cube_FW_C0_V1.1.0, STM32Cube_FW_F4_V1.28.0, STM32Cube_FW_F7_V1.17.0, STM32Cube_FW_G0_V1.6.2, STM32Cube_FW_G4_V1.5.2, STM32Cube_FW_H5_V0.5.1, STM32Cube_FW_H5_V1.1.1, STM32Cube_FW_H5_V1.2.0, STM32Cube_FW_H5_V1.2.0RC4, STM32Cube_FW_H7RS_V1.0.0, STM32Cube_FW_H7RS_V1.0.0RC4, STM32Cube_FW_H7_V1.11.0, STM32Cube_FW_L0_V1.12.2, STM32Cube_FW_L5_V1.5.1, STM32Cube_FW_U0_V1.0.0, STM32Cube_FW_U0_V1.0.0RC1, STM32Cube_FW_U5_V1.3.0RC4, STM32Cube_FW_U5_V1.5.0, STM32Cube_FW_U5_V1.5.0RC1, STM32Cube_FW_WBA_V1.0.0RC1, STM32Cube_FW_WBA_V1.2.0, STM32Cube_FW_WBA_V1.2.0RC2, STM32Cube_FW_WBA_V1.3.0, STM32Cube_FW_WBA_V1.3.0RC1, STM32Cube_FW_WB_V1.15.0RC1, STM32Cube_FW_WB_V1.16.0, STM32Cube_FW_WB_V1.16.0RC2, STM32Cube_FW_WB_V1.18.0, STM32Cube_FW_WB_V1.19.0, STM32Cube_FW_WL_V1.3.0, X-CUBE-ALGOBUILD_V1.3.0, X-CUBE-ALS_V1.0.1, X-CUBE-AZRTOS-F4_V1.1.0, X-CUBE-AZRTOS-F7_V1.1.0, X-CUBE-AZRTOS-G0_V1.1.0, X-CUBE-AZRTOS-G4_V2.0.0, X-CUBE-AZRTOS-H7_V3.2.0, X-CUBE-AZRTOS-L4_V1.0.0, X-CUBE-AZRTOS-L4_V2.0.0, X-CUBE-AZRTOS-L5_V1.1.0, X-CUBE-AZRTOS-WB_V2.0.0, X-CUBE-AZRTOS-WL_V2.0.0, X-CUBE-BLE1_V7.0.0, X-CUBE-BLE2_V3.3.0, X-CUBE-BLEMGR_V3.1.0, X-CUBE-EEPRMA1_V4.1.0, X-CUBE-EEPRMA1_V5.1.0, X-CUBE-FREERTOS_V1.1.0, X-CUBE-GNSS1_V6.0.0, X-CUBE-MEMS1_V10.0.0, X-CUBE-MEMS1_V9.1.0, X-CUBE-MEMS1_V9.4.0, X-CUBE-MEMS1_V9.6.0, X-CUBE-NFC4_V3.0.0, X-CUBE-NFC7_V1.0.1, X-CUBE-SFXS2LP1_V4.0.0, X-CUBE-SUBG2_V5.0.0, X-CUBE-TOF1_V3.4.0]
2024-04-08 00:25:40,512 [INFO] WebApp:192 - Starting web application
2024-04-08 00:25:40,512 [INFO] WebApp:544 - Web application path used C:\ST\STM32CubeIDE_1.15.0\STM32CubeIDE\plugins\com.st.stm32cube.common.mx_6.11.0.202403141607\db\plugins\mcufinder\reactClient1\index.html
2024-04-08 00:25:41,905 [INFO] ApiDb:240 - Found 483 in-development CPN: [B-G473E-ZEST1S, B-WB1M-WPAN1, B-WL5M-SUBG1, NUCLEO-C031C6, NUCLEO-H503RB, NUCLEO-H533RE, NUCLEO-H563ZI, NUCLEO-H7S3L8, NUCLEO-U031R8, NUCLEO-U083RC, NUCLEO-U545RE-Q, NUCLEO-U5A5ZJ-Q, NUCLEO-WBA52CG, NUCLEO-WBA55CG, STEVAL-PROTEUS1, STEVAL-SMARTAG2, STEVAL-STWINBX1, STM320518-EVAL, STM32C0116-DK, STM32C011D6Y3TR, STM32C011D6Y6TR, STM32C011F4P3, STM32C011F4P6, STM32C011F4U3, STM32C011F4U6TR, STM32C011F6P3, STM32C011F6P6, STM32C011F6U3, STM32C011F6U6TR, STM32C011J4M3, STM32C011J4M6, STM32C011J6M3, STM32C011J6M6, STM32C0316-DK, STM32C031C4T3, STM32C031C4T6, STM32C031C4U3, STM32C031C4U6, STM32C031C6T3, STM32C031C6T6, STM32C031C6U3, STM32C031C6U6, STM32C031F4P3, STM32C031F4P6, STM32C031F6P3, STM32C031F6P6, STM32C031G4U3, STM32C031G4U6, STM32C031G6U3, STM32C031G6U6, STM32C031K4T3, STM32C031K4T6, STM32C031K4U3, STM32C031K4U6, STM32C031K6T3, STM32C031K6T6, STM32C031K6U3, STM32C031K6U6, STM32G071K8TXN, STM32G071K8UXN, STM32G081GBU6N, STM32G081KBT6N, STM32G081KBUXN, STM32G0B1CCT6N, STM32G0B1KCT6, STM32G0B1NEY6TR, STM32G0B1RCT6N, STM32G0C1CCT6, STM32G0C1CCT6N, STM32G0C1CCU6N, STM32G0C1CET6N, STM32G0C1CEU6N, STM32G0C1KCT6, STM32G0C1NEY6TR, STM32G0C1RCI6N, STM32G0C1RCT6N, STM32G0C1REI6N, STM32G0C1RET6N, STM32G0C1VCI6, STM32G0C1VEI6, STM32G471CCT6, STM32G471CCU6, STM32G471CET3, STM32G471CET6, STM32G471CEU3, STM32G471CEU6, STM32G471MCT6, STM32G471MET3, STM32G471MET6, STM32G471MEY6TR, STM32G471QCT6, STM32G471QET3, STM32G471RCT6, STM32G471RET3, STM32G471RET6, STM32G471VCH6, STM32G471VCI6, STM32G471VCT6, STM32G471VEH3, STM32G471VEH6, STM32G471VEI3, STM32G471VEI6, STM32G471VET3, STM32G471VET6, STM32G474CCT6, STM32H503CBT6, STM32H503CBU6, STM32H503EBY6TR, STM32H503KBU6, STM32H503RBT6, STM32H523CCT6, STM32H523CCU6, STM32H523CET6, STM32H523CEU6, STM32H523HEY6TR, STM32H523RCT6, STM32H523RET6, STM32H523VCI6, STM32H523VCT6, STM32H523VEI6, STM32H523VET6, STM32H523ZCJ6, STM32H523ZCT6, STM32H523ZEJ6, STM32H523ZET6, STM32H533CET6, STM32H533CEU6, STM32H533HEY6TR, STM32H533RET6, STM32H533VEI6, STM32H533VET6, STM32H533ZEJ6, STM32H533ZET6, STM32H562AGI6, STM32H562AII6, STM32H562IGK6, STM32H562IGT6, STM32H562IIK6, STM32H562IIT6, STM32H562RGT6, STM32H562RGV6, STM32H562RIT6, STM32H562RIV6, STM32H562VGT6, STM32H562VIT6, STM32H562ZGT6, STM32H562ZIT6, STM32H563AGI6, STM32H563AII3Q, STM32H563AII6, STM32H563IGK6, STM32H563IGT6, STM32H563IIK3Q, STM32H563IIK6, STM32H563IIT3Q, STM32H563IIT6, STM32H563MIY3QTR, STM32H563RGT6, STM32H563RGV6, STM32H563RIT6, STM32H563RIV6, STM32H563VGT6, STM32H563VIT3Q, STM32H563VIT6, STM32H563ZGT6, STM32H563ZIT3Q, STM32H563ZIT6, STM32H573AII3Q, STM32H573AII6, STM32H573I-DK, STM32H573IIK3Q, STM32H573IIK6, STM32H573IIT3Q, STM32H573IIT6, STM32H573MIY3QTR, STM32H573RIT6, STM32H573RIV6, STM32H573VIT3Q, STM32H573VIT6, STM32H573ZIT3Q, STM32H573ZIT6, STM32H7R3A8I6, STM32H7R3I8K6, STM32H7R3I8T6, STM32H7R3L8H6, STM32H7R3L8H6H, STM32H7R3R8V6, STM32H7R3V8H6, STM32H7R3V8T6, STM32H7R3V8Y6, STM32H7R3Z8J6, STM32H7R3Z8T6, STM32H7R7A8I6, STM32H7R7I8K6, STM32H7R7I8T6, STM32H7R7L8H6, STM32H7R7L8H6H, STM32H7R7Z8J6, STM32H7S3A8I6, STM32H7S3I8K6, STM32H7S3I8T6, STM32H7S3L8H6, STM32H7S3L8H6H, STM32H7S3R8V6, STM32H7S3V8H6, STM32H7S3V8T6, STM32H7S3V8Y6, STM32H7S3Z8J6, STM32H7S3Z8T6, STM32H7S78-DK, STM32H7S7A8I6, STM32H7S7I8K6, STM32H7S7I8T6, STM32H7S7L8H6, STM32H7S7L8H6H, STM32H7S7Z8J6, STM32L4R5QGI6STR, STM32MP131AAE3, STM32MP131AAF3, STM32MP131AAG3, STM32MP131CAE3, STM32MP131CAF3, STM32MP131CAG3, STM32MP131DAE7, STM32MP131DAF7, STM32MP131DAG7, STM32MP131FAE7, STM32MP131FAF7, STM32MP131FAG7, STM32MP133AAE3, STM32MP133AAF3, STM32MP133AAG3, STM32MP133CAE3, STM32MP133CAF3, STM32MP133CAG3, STM32MP133DAE7, STM32MP133DAF7, STM32MP133DAG7, STM32MP133FAE7, STM32MP133FAF7, STM32MP133FAG7, STM32MP135AAE3, STM32MP135AAF3, STM32MP135AAG3, STM32MP135CAE3, STM32MP135CAF3, STM32MP135CAG3, STM32MP135DAE7, STM32MP135DAF7, STM32MP135DAG7, STM32MP135F-DK, STM32MP135FAE7, STM32MP135FAF7, STM32MP135FAF7T, STM32MP135FAF7U, STM32MP135FAG7, STM32U031C6T6, STM32U031C6U6, STM32U031C8T6, STM32U031C8U6, STM32U031F4P6, STM32U031F6P6, STM32U031F8P6, STM32U031G6Y6TR, STM32U031G8Y6TR, STM32U031K4U6, STM32U031K6U6, STM32U031K8U6, STM32U031R6I6, STM32U031R6T6, STM32U031R8I6, STM32U031R8T6, STM32U073C8T6, STM32U073C8U6, STM32U073CBT6, STM32U073CBU6, STM32U073CCT6, STM32U073CCU6, STM32U073H8Y6TR, STM32U073HBY6TR, STM32U073HCY6TR, STM32U073K8U6, STM32U073KBU6, STM32U073KCU6, STM32U073M8I6, STM32U073M8T6, STM32U073MBI6, STM32U073MBT6, STM32U073MCI6, STM32U073MCT6, STM32U073R8I6, STM32U073R8T6, STM32U073RBI6, STM32U073RBT6, STM32U073RCI6, STM32U073RCT6, STM32U083C-DK, STM32U083CCT6, STM32U083CCU6, STM32U083HCY6TR, STM32U083KCU6, STM32U083MCI6, STM32U083MCT6, STM32U083RCI6, STM32U083RCT6, STM32U535CBT6, STM32U535CBT6Q, STM32U535CBU6, STM32U535CBU6Q, STM32U535CCT6, STM32U535CCT6Q, STM32U535CCU6, STM32U535CCU6Q, STM32U535CET6, STM32U535CET6Q, STM32U535CEU6, STM32U535CEU6Q, STM32U535JEY6QTR, STM32U535NCY6QTR, STM32U535NEY6QTR, STM32U535RBI6, STM32U535RBI6Q, STM32U535RBT6, STM32U535RBT6Q, STM32U535RCI6, STM32U535RCI6Q, STM32U535RCT6, STM32U535RCT6Q, STM32U535REI6, STM32U535REI6Q, STM32U535RET6, STM32U535RET6Q, STM32U535VCI6, STM32U535VCI6Q, STM32U535VCT6, STM32U535VCT6Q, STM32U535VEI6, STM32U535VEI6Q, STM32U535VET6, STM32U535VET6Q, STM32U545CET6, STM32U545CET6Q, STM32U545CEU6, STM32U545CEU6Q, STM32U545JEY6QTR, STM32U545NEY6QTR, STM32U545REI6, STM32U545REI6Q, STM32U545RET6, STM32U545RET6Q, STM32U545VEI6, STM32U545VEI6Q, STM32U545VET6, STM32U545VET6Q, STM32U595AIH6, STM32U595AIH6Q, STM32U595AJH6, STM32U595AJH6Q, STM32U595QII6, STM32U595QII6Q, STM32U595QJI6, STM32U595QJI6Q, STM32U595RIT6, STM32U595RIT6Q, STM32U595RJT6, STM32U595RJT6Q, STM32U595VIT6, STM32U595VIT6Q, STM32U595VJT6, STM32U595VJT6Q, STM32U595ZIT6, STM32U595ZIT6Q, STM32U595ZIY6QTR, STM32U595ZJT6, STM32U595ZJT6Q, STM32U595ZJY6QTR, STM32U599BJY6QTR, STM32U599NIH6Q, STM32U599NJH6Q, STM32U599VIT6Q, STM32U599VJT6, STM32U599VJT6Q, STM32U599ZIT6Q, STM32U599ZIY6QTR, STM32U599ZJT6Q, STM32U599ZJY6QTR, STM32U5A5AJH6, STM32U5A5AJH6Q, STM32U5A5QII3Q , STM32U5A5QJI6, STM32U5A5QJI6Q, STM32U5A5RJT6, STM32U5A5RJT6Q, STM32U5A5VJT6, STM32U5A5VJT6Q, STM32U5A5ZJT6, STM32U5A5ZJT6Q, STM32U5A5ZJY6QTR, STM32U5A9BJY6QTR, STM32U5A9J-DK, STM32U5A9NJH6Q, STM32U5A9VJT6Q, STM32U5A9ZJT6Q, STM32U5A9ZJY6QTR, STM32U5F7VIT6, STM32U5F7VIT6Q, STM32U5F7VJT6, STM32U5F7VJT6Q, STM32U5F9BJY6QTR, STM32U5F9NJH6Q, STM32U5F9VIT6Q, STM32U5F9VJT6Q, STM32U5F9ZIJ6QTR, STM32U5F9ZIT6Q, STM32U5F9ZJJ6QTR, STM32U5F9ZJT6Q, STM32U5G7VJT6, STM32U5G7VJT6Q, STM32U5G9BJY6QTR, STM32U5G9J-DK1, STM32U5G9J-DK2, STM32U5G9NJH6Q, STM32U5G9VJT6Q, STM32U5G9ZJJ6QTR, STM32U5G9ZJT6Q, STM32WB1MMCH6, STM32WBA50KEU6, STM32WBA50KEU6TR, STM32WBA50KGU6, STM32WBA50KGU6TR, STM32WBA52CEU6, STM32WBA52CEU6TR, STM32WBA52CEU7, STM32WBA52CEU7TR, STM32WBA52CGU6, STM32WBA52CGU6TR, STM32WBA52CGU6U, STM32WBA52CGU7, STM32WBA52CGU7TR, STM32WBA52KEU6, STM32WBA52KEU6TR, STM32WBA52KGU6, STM32WBA52KGU6TR, STM32WBA54CEU6, STM32WBA54CEU6TR, STM32WBA54CEU7, STM32WBA54CEU7TR, STM32WBA54CGU6, STM32WBA54CGU6TR, STM32WBA54CGU7, STM32WBA54CGU7TR, STM32WBA54KEU6, STM32WBA54KEU6TR, STM32WBA54KEU7, STM32WBA54KEU7TR, STM32WBA54KGU6, STM32WBA54KGU6TR, STM32WBA54KGU7, STM32WBA54KGU7TR, STM32WBA55CEU6, STM32WBA55CEU6TR, STM32WBA55CEU7, STM32WBA55CEU7TR, STM32WBA55CGU6, STM32WBA55CGU6TR, STM32WBA55CGU6U, STM32WBA55CGU7, STM32WBA55CGU7TR, STM32WBA55G-DK1, STM32WBA55HEF6, STM32WBA55HEF7, STM32WBA55HGF6, STM32WBA55HGF7, STM32WBA55UEI6, STM32WBA55UEI6TR, STM32WBA55UEI7, STM32WBA55UEI7TR, STM32WBA55UGI6, STM32WBA55UGI6TR, STM32WBA55UGI7, STM32WBA55UGI7TR, STM32WL5MOCH6, STM32WL5MOCH6TR]
2024-04-08 00:25:41,909 [INFO] DbMcus:218 - Found 4094 MCUs, 4094 are supported
2024-04-08 00:25:41,916 [INFO] ApiDb:423 - Load user favorites file C:\Users\omrvr/.stm32cubeide/favorites.mcus.txt: 2 item(s)
2024-04-08 00:25:41,916 [INFO] ApiDb:427 - User favorites MCUs=[STM32F100RBT6B, STM32F103C8T6]
2024-04-08 00:25:41,917 [INFO] DbMcus:224 - Set 2 / 2 favorites MCUs
2024-04-08 00:25:42,088 [INFO] ApiDb:414 - User favorites file not found: C:\Users\omrvr/.stm32cubeide/favorites.boards.txt
2024-04-08 00:25:42,088 [INFO] DbBoards:198 - Set 0 / 0 favorites Boards
2024-04-08 00:25:42,088 [INFO] McuFinderGlobals:76 - Set McuFinderConnectedMode to true
2024-04-08 00:25:42,096 [INFO] MultiScanPanel:200 - Auto-refresh data requested => check proxy status ongoing
2024-04-08 00:25:42,098 [INFO] FinderPluginLoader:95 - Searching for filters in installed packs
2024-04-08 00:25:42,989 [INFO] LoadUrlFilesThread:185 - End of LoadServerUrlFiles without Thread
2024-04-08 00:25:43,002 [INFO] DetailPanel:341 - Set advertising image to C:/Users/omrvr/STM32Cube/Repository/\en.prom-stm32wl3-mcu-finder.jpg
2024-04-08 00:26:14,181 [INFO] MainUpdater:2873 - connection check result : 10
2024-04-08 00:26:14,181 [INFO] MainUpdater:2873 - connection check result : 10
2024-04-08 00:26:14,207 [INFO] MicroXplorer:468 - Change Database Path : 
2024-04-08 00:26:14,207 [INFO] MicroXplorer:498 - Change Database Version : DB.6.0.110
2024-04-08 00:26:14,212 [WARN] ThirdParty:871 - waiting for thirdparty lock release [close project]
2024-04-08 00:26:14,212 [INFO] ThirdParty:873 - entering critical section [close project]
2024-04-08 00:26:14,213 [INFO] ThirdParty:883 - exiting critical section [close project]
2024-04-08 00:26:14,215 [INFO] PinOutPanel:1561 - setPackage(No Configuration,No Configuration)
2024-04-08 00:26:14,217 [INFO] UtilMem:75 - Begin LoadConfig() Used Memory: 280508264 Bytes (381681664)
2024-04-08 00:26:14,218 [INFO] MicroXplorer:468 - Change Database Path : 
2024-04-08 00:26:14,218 [INFO] MicroXplorer:498 - Change Database Version : DB.6.0.110
2024-04-08 00:26:14,218 [INFO] OpenFileManager:312 - Change cursor
2024-04-08 00:26:14,295 [INFO] Mcu:2021 - Initializing MCU STM32F103C8Tx STM32F103C8Tx STM32F103C8T6
2024-04-08 00:26:15,141 [INFO] Context:663 - Trying to add GPIOservice into a context  which must be forbidden
2024-04-08 00:26:15,366 [INFO] ImportTextPane:194 - (OptionalMessage_ERROR) Unable to find key (Mcu.ThirdPartyNb) in loaded IOC file
2024-04-08 00:26:15,367 [INFO] ImportTextPane:194 - (OptionalMessage_ERROR) Unable to find key (Mcu.PinsNb) in loaded IOC file
2024-04-08 00:26:15,367 [INFO] ImportTextPane:194 - (OptionalMessage_ERROR) Unable to find key (Mcu.IPNb) in loaded IOC file
2024-04-08 00:26:15,437 [INFO] RtosManager:555 - Registered RTOS mode: class=CMSIS, group=RTOS, mode=CMSIS_V1, owner=FREERTOS
2024-04-08 00:26:15,437 [INFO] RtosManager:555 - Registered RTOS mode: class=CMSIS, group=RTOS2, mode=CMSIS_V2, owner=FREERTOS
2024-04-08 00:26:15,437 [INFO] RtosManager:555 - Registered RTOS mode: class=RTOS, group=Core, mode=CMSIS_V1, owner=FREERTOS
2024-04-08 00:26:15,437 [INFO] RtosManager:555 - Registered RTOS mode: class=RTOS, group=Core, mode=CMSIS_V2, owner=FREERTOS
2024-04-08 00:26:15,437 [WARN] ModelIntegratedComponent:184 - Missing modes for component STMicroelectronics:FreeRTOS:0.0.1:STMicroelectronics:RTOS:FreeRTOS:Core:::10.2.0:
2024-04-08 00:26:15,445 [WARN] ModelIntegratedComponent:63 - No mode defined for component null
2024-04-08 00:26:15,445 [WARN] ModelIntegratedComponent:63 - No mode defined for component null
2024-04-08 00:26:15,445 [WARN] ModelIntegratedComponent:63 - No mode defined for component null
2024-04-08 00:26:15,445 [WARN] ModelIntegratedComponent:63 - No mode defined for component null
2024-04-08 00:26:15,445 [WARN] ModelIntegratedComponent:63 - No mode defined for component null
2024-04-08 00:26:15,446 [WARN] ModelIntegratedComponent:63 - No mode defined for component null
2024-04-08 00:26:15,446 [WARN] ModelIntegratedComponent:63 - No mode defined for component null
2024-04-08 00:26:15,446 [WARN] ModelIntegratedComponent:63 - No mode defined for component null
2024-04-08 00:26:15,446 [WARN] ModelIntegratedComponent:63 - No mode defined for component null
2024-04-08 00:26:15,446 [WARN] ModelIntegratedComponent:63 - No mode defined for component null
2024-04-08 00:26:15,446 [WARN] ModelIntegratedComponent:63 - No mode defined for component null
2024-04-08 00:26:15,446 [WARN] ModelIntegratedComponent:63 - No mode defined for component null
2024-04-08 00:26:15,446 [WARN] ModelIntegratedComponent:63 - No mode defined for component null
2024-04-08 00:26:15,446 [WARN] ModelIntegratedComponent:63 - No mode defined for component null
2024-04-08 00:26:15,446 [WARN] ModelIntegratedComponent:63 - No mode defined for component null
2024-04-08 00:26:15,446 [WARN] ModelIntegratedComponent:63 - No mode defined for component null
2024-04-08 00:26:15,446 [WARN] ModelIntegratedComponent:63 - No mode defined for component null
2024-04-08 00:26:15,446 [WARN] ModelIntegratedComponent:63 - No mode defined for component null
2024-04-08 00:26:15,446 [WARN] ModelIntegratedComponent:63 - No mode defined for component null
2024-04-08 00:26:15,446 [WARN] ModelIntegratedComponent:63 - No mode defined for component null
2024-04-08 00:26:15,446 [WARN] ModelIntegratedComponent:63 - No mode defined for component null
2024-04-08 00:26:15,446 [WARN] ModelIntegratedComponent:63 - No mode defined for component null
2024-04-08 00:26:15,446 [WARN] ModelIntegratedComponent:63 - No mode defined for component null
2024-04-08 00:26:15,446 [WARN] ModelIntegratedComponent:63 - No mode defined for component null
2024-04-08 00:26:15,446 [WARN] ModelIntegratedComponent:63 - No mode defined for component null
2024-04-08 00:26:15,446 [WARN] ModelIntegratedComponent:63 - No mode defined for component null
2024-04-08 00:26:15,446 [WARN] ModelIntegratedComponent:63 - No mode defined for component null
2024-04-08 00:26:15,446 [WARN] ModelIntegratedComponent:63 - No mode defined for component null
2024-04-08 00:26:15,446 [WARN] ModelIntegratedComponent:63 - No mode defined for component null
2024-04-08 00:26:15,446 [WARN] ModelIntegratedComponent:63 - No mode defined for component null
2024-04-08 00:26:15,446 [WARN] ModelIntegratedComponent:63 - No mode defined for component null
2024-04-08 00:26:15,446 [WARN] ModelIntegratedComponent:63 - No mode defined for component null
2024-04-08 00:26:15,446 [WARN] ModelIntegratedComponent:63 - No mode defined for component null
2024-04-08 00:26:15,446 [WARN] ModelIntegratedComponent:63 - No mode defined for component null
2024-04-08 00:26:15,500 [INFO] ThirdPartyModel:298 - Start build external matchings
2024-04-08 00:26:15,737 [INFO] ThirdPartyModel:316 - End build external matchings
2024-04-08 00:26:15,899 [INFO] UtilMem:75 - End LoadConfig() Used Memory: 432441184 Bytes (665845760)
2024-04-08 00:26:15,921 [WARN] ThirdParty:833 - waiting for thirdparty lock release [change project]
2024-04-08 00:26:15,921 [INFO] ThirdParty:835 - entering critical section [change project]
2024-04-08 00:26:15,922 [INFO] ThirdParty:1030 - CMSIS Pack Vendor :STMicroelectronics USBPD 4.1
2024-04-08 00:26:15,922 [INFO] ThirdParty:1030 - CMSIS Pack Vendor :STMicroelectronics X-CUBE-GNSS1 6.0.0
2024-04-08 00:26:15,922 [INFO] ThirdParty:1030 - CMSIS Pack Vendor :STMicroelectronics USB_HOST 2.0.0
2024-04-08 00:26:15,922 [INFO] ThirdParty:1030 - CMSIS Pack Vendor :STMicroelectronics X-CUBE-AZRTOS-F4 1.1.0
2024-04-08 00:26:15,922 [INFO] ThirdParty:1030 - CMSIS Pack Vendor :STMicroelectronics LIBJPEG 8.0.0
2024-04-08 00:26:15,922 [INFO] ThirdParty:1030 - CMSIS Pack Vendor :STMicroelectronics X-CUBE-SMBUS 2.1.0
2024-04-08 00:26:15,922 [INFO] ThirdParty:1030 - CMSIS Pack Vendor :STMicroelectronics USB_DEVICE 3.0.0
2024-04-08 00:26:15,922 [INFO] ThirdParty:1030 - CMSIS Pack Vendor :STMicroelectronics X-CUBE-AZRTOS-WB 2.0.0
2024-04-08 00:26:15,922 [INFO] ThirdParty:1030 - CMSIS Pack Vendor :STMicroelectronics X-CUBE-TOUCHGFX 4.23.1
2024-04-08 00:26:15,922 [INFO] ThirdParty:1030 - CMSIS Pack Vendor :STMicroelectronics X-CUBE-TOUCHGFX 4.23.2
2024-04-08 00:26:15,922 [INFO] ThirdParty:1030 - CMSIS Pack Vendor :STMicroelectronics X-CUBE-AZRTOS-F7 1.1.0
2024-04-08 00:26:15,922 [INFO] ThirdParty:1030 - CMSIS Pack Vendor :STMicroelectronics X-CUBE-AZRTOS-L5 2.0.0
2024-04-08 00:26:15,922 [INFO] ThirdParty:1030 - CMSIS Pack Vendor :STMicroelectronics USB_DEVICE 2.0.0
2024-04-08 00:26:15,922 [INFO] ThirdParty:1030 - CMSIS Pack Vendor :STMicroelectronics X-CUBE-NFC6 3.1.0
2024-04-08 00:26:15,922 [INFO] ThirdParty:1030 - CMSIS Pack Vendor :STMicroelectronics X-CUBE-ALGOBUILD 1.3.0
2024-04-08 00:26:15,922 [INFO] ThirdParty:1030 - CMSIS Pack Vendor :STMicroelectronics FreeRTOS 0.0.1
2024-04-08 00:26:15,922 [INFO] ThirdParty:1030 - CMSIS Pack Vendor :STMicroelectronics X-CUBE-AZRTOS-G0 1.1.0
2024-04-08 00:26:15,922 [INFO] ThirdParty:1030 - CMSIS Pack Vendor :STMicroelectronics X-CUBE-SAFEA1 1.2.2
2024-04-08 00:26:15,922 [INFO] ThirdParty:1030 - CMSIS Pack Vendor :STMicroelectronics X-CUBE-NFC4 3.0.0
2024-04-08 00:26:15,922 [INFO] ThirdParty:1030 - CMSIS Pack Vendor :STMicroelectronics X-CUBE-SUBG2 5.0.0
2024-04-08 00:26:15,922 [INFO] ThirdParty:1030 - CMSIS Pack Vendor :STMicroelectronics STM32_WPAN 1.0.0
2024-04-08 00:26:15,922 [INFO] ThirdParty:1030 - CMSIS Pack Vendor :STMicroelectronics lwIP 2.0.3
2024-04-08 00:26:15,922 [INFO] ThirdParty:1030 - CMSIS Pack Vendor :STMicroelectronics FP-SNS-FLIGHT1 5.0.2
2024-04-08 00:26:15,922 [INFO] ThirdParty:1030 - CMSIS Pack Vendor :STMicroelectronics USB_HOST 1.0.0
2024-04-08 00:26:15,922 [INFO] ThirdParty:1030 - CMSIS Pack Vendor :STMicroelectronics X-CUBE-AZRTOS-G4 2.0.0
2024-04-08 00:26:15,922 [INFO] ThirdParty:1030 - CMSIS Pack Vendor :STMicroelectronics PDM2PCM 3.1.0
2024-04-08 00:26:15,922 [INFO] ThirdParty:1030 - CMSIS Pack Vendor :Infineon AIROC-Wi-Fi-Bluetooth-STM32 1.5.1
2024-04-08 00:26:15,922 [INFO] ThirdParty:1030 - CMSIS Pack Vendor :STMicroelectronics PDM2PCM 3.3.0
2024-04-08 00:26:15,922 [INFO] ThirdParty:1030 - CMSIS Pack Vendor :STMicroelectronics X-CUBE-DISPLAY 3.0.0
2024-04-08 00:26:15,922 [INFO] ThirdParty:1030 - CMSIS Pack Vendor :wolfSSL I-CUBE-wolfSSL 5.7.0
2024-04-08 00:26:15,922 [INFO] ThirdParty:1030 - CMSIS Pack Vendor :STMicroelectronics FP-SNS-MOTENVWB1 1.3.1
2024-04-08 00:26:15,922 [INFO] ThirdParty:1030 - CMSIS Pack Vendor :STMicroelectronics X-CUBE-BLE1 7.0.0
2024-04-08 00:26:15,922 [INFO] ThirdParty:1030 - CMSIS Pack Vendor :STMicroelectronics FP-ATR-SIGFOX1 3.2.0
2024-04-08 00:26:15,922 [INFO] ThirdParty:1030 - CMSIS Pack Vendor :STMicroelectronics X-CUBE-ISPU 2.0.0
2024-04-08 00:26:15,922 [INFO] ThirdParty:1030 - CMSIS Pack Vendor :STMicroelectronics X-CUBE-EEPRMA1 5.1.0
2024-04-08 00:26:15,923 [INFO] ThirdParty:1030 - CMSIS Pack Vendor :STMicroelectronics HAL Drivers 0.0.0
2024-04-08 00:26:15,923 [INFO] ThirdParty:1030 - CMSIS Pack Vendor :STMicroelectronics MBEDTLS 2.16.2
2024-04-08 00:26:15,923 [INFO] ThirdParty:1030 - CMSIS Pack Vendor :emotas I-CUBE-CANOPEN 1.3.0
2024-04-08 00:26:15,923 [INFO] ThirdParty:1030 - CMSIS Pack Vendor :STMicroelectronics X-CUBE-MEMS1 10.0.0
2024-04-08 00:26:15,923 [INFO] ThirdParty:1030 - CMSIS Pack Vendor :STMicroelectronics X-CUBE-FREERTOS 1.1.0
2024-04-08 00:26:15,923 [INFO] ThirdParty:1030 - CMSIS Pack Vendor :STMicroelectronics X-CUBE-NFC7 1.0.1
2024-04-08 00:26:15,923 [INFO] ThirdParty:1030 - CMSIS Pack Vendor :STMicroelectronics MBEDTLS 2.14.1
2024-04-08 00:26:15,923 [INFO] ThirdParty:1030 - CMSIS Pack Vendor :ITTIA_DB I-CUBE-ITTIADB 8.9.0
2024-04-08 00:26:15,923 [INFO] ThirdParty:1030 - CMSIS Pack Vendor :portGmbH I-Cube-SoM-uGOAL 1.1.0
2024-04-08 00:26:15,923 [INFO] ThirdParty:1030 - CMSIS Pack Vendor :STMicroelectronics X-CUBE-ALS 1.0.1
2024-04-08 00:26:15,923 [INFO] ThirdParty:1030 - CMSIS Pack Vendor :STMicroelectronics X-CUBE-BLEMGR 3.1.0
2024-04-08 00:26:15,923 [INFO] ThirdParty:1030 - CMSIS Pack Vendor :STMicroelectronics ThreadX 1.0.0
2024-04-08 00:26:15,923 [INFO] ThirdParty:1030 - CMSIS Pack Vendor :STMicroelectronics FP-SNS-SMARTAG2 1.2.0
2024-04-08 00:26:15,923 [INFO] ThirdParty:1030 - CMSIS Pack Vendor :STMicroelectronics X-CUBE-AZRTOS-WL 2.0.0
2024-04-08 00:26:15,923 [INFO] ThirdParty:1030 - CMSIS Pack Vendor :SEGGER I-CUBE-embOS 1.3.1
2024-04-08 00:26:15,923 [INFO] ThirdParty:1030 - CMSIS Pack Vendor :STMicroelectronics FP-SNS-MOTENV1 5.0.0
2024-04-08 00:26:15,923 [INFO] ThirdParty:1030 - CMSIS Pack Vendor :STMicroelectronics USB_DEVICE 1.0.0
2024-04-08 00:26:15,923 [INFO] ThirdParty:1030 - CMSIS Pack Vendor :STMicroelectronics X-CUBE-AI 8.1.0
2024-04-08 00:26:15,923 [INFO] ThirdParty:1030 - CMSIS Pack Vendor :STMicroelectronics X-CUBE-AZRTOS-L4 2.0.0
2024-04-08 00:26:15,923 [INFO] ThirdParty:1030 - CMSIS Pack Vendor :STMicroelectronics ThreadX 0.0.2
2024-04-08 00:26:15,923 [INFO] ThirdParty:1030 - CMSIS Pack Vendor :WES I-CUBE-Cesium 1.3.0
2024-04-08 00:26:15,923 [INFO] ThirdParty:1030 - CMSIS Pack Vendor :STMicroelectronics FP-ATR-ASTRA1 2.0.0
2024-04-08 00:26:15,923 [INFO] ThirdParty:1030 - CMSIS Pack Vendor :STMicroelectronics lwIP 2.1.2
2024-04-08 00:26:15,923 [INFO] ThirdParty:1030 - CMSIS Pack Vendor :STMicroelectronics X-CUBE-SFXS2LP1 4.0.0
2024-04-08 00:26:15,923 [INFO] ThirdParty:1030 - CMSIS Pack Vendor :STMicroelectronics X-CUBE-BLE2 3.3.0
2024-04-08 00:26:15,923 [INFO] ThirdParty:1030 - CMSIS Pack Vendor :STMicroelectronics X-CUBE-TOF1 3.4.1
2024-04-08 00:26:15,923 [INFO] ThirdParty:1030 - CMSIS Pack Vendor :STMicroelectronics X-CUBE-AZRTOS-H7 3.2.0
2024-04-08 00:26:15,923 [INFO] ThirdParty:1030 - CMSIS Pack Vendor :STMicroelectronics PDM2PCM 3.2.0
2024-04-08 00:26:15,923 [INFO] ThirdParty:841 - exiting critical section [change project]
2024-04-08 00:26:16,074 [INFO] PinOutPanel:1561 - setPackage(No Configuration,No Configuration)
2024-04-08 00:26:16,075 [INFO] PinOutPanel:1561 - setPackage(STM32F103C8Tx,LQFP48)
2024-04-08 00:26:16,426 [INFO] UtilMem:75 - Before build in PCC Used Memory: 542623936 Bytes (665845760)
2024-04-08 00:26:17,198 [INFO] UtilMem:75 - After build in PCC Used Memory: 543921200 Bytes (665845760)
2024-04-08 00:26:17,215 [INFO] IPUIPlugin:80 - create IPUIPlugin
2024-04-08 00:26:17,215 [INFO] IPUIPlugin:80 - create IPUIPlugin
2024-04-08 00:26:17,215 [INFO] IPUIPlugin:80 - create IPUIPlugin
2024-04-08 00:26:17,215 [INFO] IPUIPlugin:80 - create IPUIPlugin
2024-04-08 00:26:17,215 [INFO] IPUIPlugin:80 - create IPUIPlugin
2024-04-08 00:26:17,215 [INFO] IPUIPlugin:80 - create IPUIPlugin
2024-04-08 00:26:17,215 [INFO] IPUIPlugin:80 - create IPUIPlugin
2024-04-08 00:26:17,215 [INFO] IPUIPlugin:80 - create IPUIPlugin
2024-04-08 00:26:17,215 [INFO] IPUIPlugin:80 - create IPUIPlugin
2024-04-08 00:26:17,216 [INFO] IPUIPlugin:80 - create IPUIPlugin
2024-04-08 00:26:17,216 [INFO] IPUIPlugin:80 - create IPUIPlugin
2024-04-08 00:26:17,216 [INFO] IPUIPlugin:80 - create IPUIPlugin
2024-04-08 00:26:17,216 [INFO] IPUIPlugin:80 - create IPUIPlugin
2024-04-08 00:26:17,216 [INFO] IPUIPlugin:80 - create IPUIPlugin
2024-04-08 00:26:17,216 [INFO] IPUIPlugin:80 - create IPUIPlugin
2024-04-08 00:26:17,216 [INFO] IPUIPlugin:80 - create IPUIPlugin
2024-04-08 00:26:17,216 [INFO] IPUIPlugin:80 - create IPUIPlugin
2024-04-08 00:26:17,216 [INFO] IPUIPlugin:80 - create IPUIPlugin
2024-04-08 00:26:17,216 [INFO] IPUIPlugin:80 - create IPUIPlugin
2024-04-08 00:26:17,216 [INFO] IPUIPlugin:80 - create IPUIPlugin
2024-04-08 00:26:17,224 [INFO] IPUIPlugin:80 - create IPUIPlugin
2024-04-08 00:26:17,226 [INFO] IPUIPlugin:80 - create IPUIPlugin
2024-04-08 00:26:17,226 [INFO] IPUIPlugin:80 - create IPUIPlugin
2024-04-08 00:26:17,226 [INFO] IPUIPlugin:80 - create IPUIPlugin
2024-04-08 00:26:17,226 [INFO] IPUIPlugin:80 - create IPUIPlugin
2024-04-08 00:26:17,226 [INFO] IPUIPlugin:80 - create IPUIPlugin
2024-04-08 00:26:17,226 [INFO] IPUIPlugin:80 - create IPUIPlugin
2024-04-08 00:26:17,408 [INFO] CADModel:165 - CPN selected for project levelSTM32F103C8T6
2024-04-08 00:26:17,409 [INFO] CADModel:114 - Register for checkConnection events
2024-04-08 00:26:17,453 [INFO] OpenFileManager:343 - Restore cursor
2024-04-08 00:26:17,939 [INFO] UtilMem:75 - End SaveConfig() Used Memory: 367531376 Bytes (665845760)
2024-04-08 00:26:43,472 [INFO] McuFinderGlobals:76 - Set McuFinderConnectedMode to true
2024-04-08 00:26:43,474 [INFO] ApiDb:448 - Save user favorites file C:\Users\omrvr/.stm32cubeide/favorites.mcus.txt: 2 item(s)
2024-04-08 00:26:43,474 [INFO] ApiDb:452 - User favorites MCUs=[STM32F100RBT6B, STM32F103C8T6]
2024-04-08 00:26:46,284 [INFO] McuFinderGlobals:63 - Set McuFinder mode to 2 (CubeIDE integrated)
2024-04-08 00:26:46,284 [INFO] UserAuth:179 - activating auth plugin
2024-04-08 00:26:46,286 [INFO] UserAuth:415 - Internet connection configuration mode: 1
2024-04-08 00:28:44,888 [INFO] WebApp:609 - userauth.ini created with success
2024-04-08 00:29:10,323 [INFO] MainUpdater:2873 - connection check result : 10
2024-04-08 00:29:10,477 [ERROR] LogOutputStream:75 - [STDERR_REDIRECT] Apr 08, 2024 12:29:10 AM java.util.prefs.WindowsPreferences WindowsRegOpenKey1
2024-04-08 00:29:10,478 [ERROR] LogOutputStream:75 - [STDERR_REDIRECT] WARNING: Trying to recreate Windows registry node Software\JavaSoft\Prefs at root 0xffffffff80000002.
2024-04-08 00:29:10,478 [ERROR] LogOutputStream:75 - [STDERR_REDIRECT] 
2024-04-08 00:29:10,479 [ERROR] LogOutputStream:75 - [STDERR_REDIRECT] Apr 08, 2024 12:29:10 AM java.util.prefs.WindowsPreferences openKey
2024-04-08 00:29:10,481 [ERROR] LogOutputStream:75 - [STDERR_REDIRECT] WARNING: Could not open windows registry node Software\JavaSoft\Prefs at root 0xffffffff80000002. Windows RegOpenKey(...) returned error code 2.
2024-04-08 00:29:10,481 [ERROR] LogOutputStream:75 - [STDERR_REDIRECT] 
2024-04-08 00:29:10,482 [ERROR] LogOutputStream:75 - [STDERR_REDIRECT] Apr 08, 2024 12:29:10 AM java.util.prefs.WindowsPreferences WindowsRegOpenKey1
2024-04-08 00:29:10,483 [ERROR] LogOutputStream:75 - [STDERR_REDIRECT] WARNING: Trying to recreate Windows registry node Software\JavaSoft\Prefs at root 0xffffffff80000002.
2024-04-08 00:29:10,483 [ERROR] LogOutputStream:75 - [STDERR_REDIRECT] 
2024-04-08 00:29:10,485 [ERROR] LogOutputStream:75 - [STDERR_REDIRECT] Apr 08, 2024 12:29:10 AM java.util.prefs.WindowsPreferences openKey
2024-04-08 00:29:10,486 [ERROR] LogOutputStream:75 - [STDERR_REDIRECT] WARNING: Could not open windows registry node Software\JavaSoft\Prefs at root 0xffffffff80000002. Windows RegOpenKey(...) returned error code 2.
2024-04-08 00:29:10,486 [ERROR] LogOutputStream:75 - [STDERR_REDIRECT] 
2024-04-08 00:29:10,538 [INFO] CheckServerUpdateThread:120 - End of CheckServer Thread
2024-04-08 00:29:12,225 [INFO] ServerAccessManage:473 - Download File updaters.zip
2024-04-08 00:29:12,318 [INFO] FileExtend:240 - Unzip File : updaters.zip
2024-04-08 00:29:12,318 [INFO] FileExtend:255 - Standard Zip Deflate
2024-04-08 00:29:12,670 [INFO] ServerAccessManage:473 - Download File PacksControlFlags.xml
2024-04-08 00:29:12,733 [INFO] ServerAccessManage:473 - Download File cubemx.pidx
2024-04-08 00:29:12,772 [ERROR] MainUpdater:4109 - Unexpected exception : Cannot invoke "com.st.microxplorer.plugins.updater.xml.PackComponent.getPackVendor()" because "thirdParty" is null
2024-04-08 00:29:12,772 [INFO] LoadServerUpdatesThread:375 - End of LoadServerUpdate Thread
2024-04-08 00:29:12,914 [INFO] CheckServerUpdateThread:120 - End of CheckServer Thread
2024-04-08 00:29:30,137 [INFO] MainUpdater:2873 - connection check result : 10
2024-04-08 00:29:30,197 [INFO] McuFinderGlobals:76 - Set McuFinderConnectedMode to true
2024-04-08 00:29:30,197 [INFO] MultiScanPanel:200 - Auto-refresh data requested => check proxy status ongoing
2024-04-08 00:29:30,197 [INFO] FinderPluginLoader:95 - Searching for filters in installed packs
2024-04-08 00:29:30,690 [INFO] LoadUrlFilesThread:185 - End of LoadServerUrlFiles without Thread
2024-04-08 00:29:30,690 [INFO] DetailPanel:341 - Set advertising image to C:/Users/omrvr/STM32Cube/Repository/\en.prom-stm32wl3-mcu-finder.jpg
2024-04-08 00:29:54,166 [INFO] McuFinderGlobals:76 - Set McuFinderConnectedMode to true
2024-04-08 00:29:54,582 [INFO] ApiDb:448 - Save user favorites file C:\Users\omrvr/.stm32cubeide/favorites.mcus.txt: 2 item(s)
2024-04-08 00:29:54,582 [INFO] ApiDb:452 - User favorites MCUs=[STM32F100RBT6B, STM32F103C8T6]
2024-04-08 00:31:06,302 [INFO] UtilMem:75 - End SaveConfig() Used Memory: 805094072 Bytes (1073741824)
2024-04-08 00:31:08,661 [INFO] UtilMem:75 - End SaveConfig() Used Memory: 823866008 Bytes (1073741824)
2024-04-08 00:31:10,621 [INFO] ServerAccessManage:473 - Download File stm32cube_fw_f1_v180.zip
2024-04-08 00:31:29,073 [ERROR] FileExtend:455 - File entry not found
2024-04-08 00:31:29,074 [INFO] FileExtend:240 - Unzip File : stm32cube_fw_f1_v180.zip
2024-04-08 00:31:29,074 [INFO] FileExtend:255 - Standard Zip Deflate
2024-04-08 00:31:38,347 [INFO] ServerAccessManage:473 - Download File stm32cube_fw_f1_v185.zip
2024-04-08 00:31:46,415 [INFO] FileExtend:240 - Unzip File : stm32cube_fw_f1_v185.zip
2024-04-08 00:31:46,415 [INFO] FileExtend:255 - Standard Zip Deflate
2024-04-08 00:31:50,121 [INFO] LoadServerPackagesThread:196 - End of LoadServerPackages Thread
2024-04-08 00:31:50,244 [INFO] ThirdPartyModel:298 - Start build external matchings
2024-04-08 00:31:50,246 [INFO] UtilMem:75 - End SaveConfig() Used Memory: 567514728 Bytes (1073741824)
2024-04-08 00:31:50,467 [INFO] ThirdPartyModel:316 - End build external matchings
2024-04-08 00:31:50,476 [INFO] CheckServerUpdateThread:120 - End of CheckServer Thread
2024-04-08 00:31:50,532 [INFO] BlockDiagram:2759 - set Specific Code input for plugin: NVIC
2024-04-08 00:31:50,532 [INFO] BlockDiagram:2759 - set Specific Code input for plugin: SYS
2024-04-08 00:31:50,532 [INFO] BlockDiagram:2759 - set Specific Code input for plugin: GPIO
2024-04-08 00:31:50,532 [INFO] BlockDiagram:2759 - set Specific Code input for plugin: RCC
2024-04-08 00:31:50,533 [INFO] CodeGenerator:807 - code generatio: config db path: C:\ST\STM32CubeIDE_1.15.0\STM32CubeIDE\plugins\com.st.stm32cube.common.mx_6.11.0.202403141607\\db\
2024-04-08 00:31:50,651 [INFO] CodeEngine:255 - oldGeneratedFile, C:\Users\omrvr\STM32CubeIDE\workspace_1.15.0\ADC_Register_01\MXTmpFiles\license.tmp_save
2024-04-08 00:31:50,940 [INFO] CodeEngine:279 - Generated code: C:\Users\omrvr\STM32CubeIDE\workspace_1.15.0\ADC_Register_01\MXTmpFiles\license.tmp
2024-04-08 00:31:51,035 [INFO] CodeEngine:255 - oldGeneratedFile, C:\Users\omrvr\STM32CubeIDE\workspace_1.15.0\ADC_Register_01\MXTmpFiles\gpio.tmp_save
2024-04-08 00:31:51,157 [INFO] CodeEngine:279 - Generated code: C:\Users\omrvr\STM32CubeIDE\workspace_1.15.0\ADC_Register_01\MXTmpFiles\gpio.tmp
2024-04-08 00:31:51,226 [INFO] CodeEngine:255 - oldGeneratedFile, C:\Users\omrvr\STM32CubeIDE\workspace_1.15.0\ADC_Register_01\Core\Src\stm32f1xx_it.c_save
2024-04-08 00:31:51,359 [INFO] CodeEngine:279 - Generated code: C:\Users\omrvr\STM32CubeIDE\workspace_1.15.0\ADC_Register_01\Core\Src\stm32f1xx_it.c
2024-04-08 00:31:51,368 [INFO] CodeEngine:255 - oldGeneratedFile, C:\Users\omrvr\STM32CubeIDE\workspace_1.15.0\ADC_Register_01\Core\Inc\stm32f1xx_it.h_save
2024-04-08 00:31:51,452 [INFO] CodeEngine:279 - Generated code: C:\Users\omrvr\STM32CubeIDE\workspace_1.15.0\ADC_Register_01\Core\Inc\stm32f1xx_it.h
2024-04-08 00:31:51,469 [INFO] CodeEngine:255 - oldGeneratedFile, C:\Users\omrvr\STM32CubeIDE\workspace_1.15.0\ADC_Register_01\Core\Src\stm32f1xx_hal_msp.c_save
2024-04-08 00:31:51,590 [INFO] CodeEngine:279 - Generated code: C:\Users\omrvr\STM32CubeIDE\workspace_1.15.0\ADC_Register_01\Core\Src\stm32f1xx_hal_msp.c
2024-04-08 00:31:51,598 [INFO] CodeEngine:255 - oldGeneratedFile, C:\Users\omrvr\STM32CubeIDE\workspace_1.15.0\ADC_Register_01\MXTmpFiles\system.tmp_save
2024-04-08 00:31:51,659 [INFO] CodeEngine:279 - Generated code: C:\Users\omrvr\STM32CubeIDE\workspace_1.15.0\ADC_Register_01\MXTmpFiles\system.tmp
2024-04-08 00:31:51,673 [INFO] CodeEngine:311 - oldGeneratedFile, C:\Users\omrvr\STM32CubeIDE\workspace_1.15.0\ADC_Register_01\Core\Inc\stm32f1xx_hal_conf.h_save
2024-04-08 00:31:51,757 [INFO] CodeEngine:335 - Generated code: C:\Users\omrvr\STM32CubeIDE\workspace_1.15.0\ADC_Register_01\Core\Inc\stm32f1xx_hal_conf.h
2024-04-08 00:31:51,797 [INFO] CodeEngine:255 - oldGeneratedFile, C:\Users\omrvr\STM32CubeIDE\workspace_1.15.0\ADC_Register_01\Core\Inc\main.h_save
2024-04-08 00:31:51,897 [INFO] CodeEngine:279 - Generated code: C:\Users\omrvr\STM32CubeIDE\workspace_1.15.0\ADC_Register_01\Core\Inc\main.h
2024-04-08 00:31:51,907 [INFO] CodeEngine:255 - oldGeneratedFile, C:\Users\omrvr\STM32CubeIDE\workspace_1.15.0\ADC_Register_01\Core\Src\main.c_save
2024-04-08 00:31:52,033 [INFO] CodeEngine:279 - Generated code: C:\Users\omrvr\STM32CubeIDE\workspace_1.15.0\ADC_Register_01\Core\Src\main.c
2024-04-08 00:31:52,216 [INFO] ProjectBuilder:3163 - Time for Copy HAL[1] : 72mS.
2024-04-08 00:31:52,220 [INFO] ProjectBuilder:4736 - Project Generator version: 4.3.0-B58
2024-04-08 00:31:52,279 [INFO] ConfigFileManager:1503 - The Die is : DIE410
2024-04-08 00:31:52,293 [INFO] ApiDbMcu:508 - Load IP Config File for FATFS
2024-04-08 00:31:52,306 [INFO] ApiDbMcu:508 - Load IP Config File for FREERTOS
2024-04-08 00:31:52,318 [INFO] ApiDbMcu:508 - Load IP Config File for USB_DEVICE
2024-04-08 00:31:52,842 [INFO] LogOutputStream:77 - [STDOUT_REDIRECT] 
2024-04-08 00:31:56,227 [INFO] ProjectBuilder:5002 - Time for Generating toolchain IDE Files: 4007mS.
2024-04-08 00:31:56,228 [INFO] ProjectBuilder:3034 - Time for Copy CMSIS : 1mS.
2024-04-08 00:31:56,229 [INFO] ProjectBuilder:3034 - Time for Copy CMSIS : 0mS.
2024-04-08 01:44:35,212 [INFO] MainUpdater:2873 - connection check result : 10
2024-04-08 01:44:35,213 [INFO] MainUpdater:2873 - connection check result : 10
2024-04-08 01:44:35,241 [INFO] MicroXplorer:468 - Change Database Path : 
2024-04-08 01:44:35,241 [INFO] MicroXplorer:498 - Change Database Version : DB.6.0.110
2024-04-08 01:44:35,267 [ERROR] ProjectManagerView:394 - 
java.lang.NullPointerException: Cannot invoke "javax.swing.JTextField.getText()" because the return value of "java.util.List.get(int)" is null
	at com.st.microxplorer.plugins.projectmanager.gui.ProjectChoiceTab$10.caretUpdate(ProjectChoiceTab.java:2504) ~[filemanager.jar:?]
	at javax.swing.text.JTextComponent.fireCaretUpdate(JTextComponent.java:412) ~[?:?]
	at javax.swing.text.JTextComponent$MutableCaretEvent.fire(JTextComponent.java:4491) ~[?:?]
	at javax.swing.text.JTextComponent$MutableCaretEvent.stateChanged(JTextComponent.java:4513) ~[?:?]
	at javax.swing.text.DefaultCaret.fireStateChanged(DefaultCaret.java:842) ~[?:?]
	at javax.swing.text.DefaultCaret.changeCaretPosition(DefaultCaret.java:1313) ~[?:?]
	at javax.swing.text.DefaultCaret.handleSetDot(DefaultCaret.java:1212) ~[?:?]
	at javax.swing.text.DefaultCaret.setDot(DefaultCaret.java:1193) ~[?:?]
	at javax.swing.text.DefaultCaret$Handler.insertUpdate(DefaultCaret.java:1789) ~[?:?]
	at javax.swing.text.AbstractDocument.fireInsertUpdate(AbstractDocument.java:226) ~[?:?]
	at javax.swing.text.AbstractDocument.handleInsertString(AbstractDocument.java:780) ~[?:?]
	at javax.swing.text.AbstractDocument.insertString(AbstractDocument.java:739) ~[?:?]
	at javax.swing.text.PlainDocument.insertString(PlainDocument.java:131) ~[?:?]
	at javax.swing.text.AbstractDocument.replace(AbstractDocument.java:698) ~[?:?]
	at javax.swing.text.JTextComponent.setText(JTextComponent.java:1729) ~[?:?]
	at com.st.microxplorer.plugins.projectmanager.gui.ProjectChoiceTab.createHeapStackFields(ProjectChoiceTab.java:944) ~[filemanager.jar:?]
	at com.st.microxplorer.plugins.projectmanager.gui.ProjectChoiceTab.buildLinkSettingsPanel(ProjectChoiceTab.java:3475) ~[filemanager.jar:?]
	at com.st.microxplorer.plugins.projectmanager.gui.ProjectChoiceTab.defineWindowsFields(ProjectChoiceTab.java:1816) ~[filemanager.jar:?]
	at com.st.microxplorer.plugins.projectmanager.gui.ProjectChoiceTab.updateSettings(ProjectChoiceTab.java:544) ~[filemanager.jar:?]
	at com.st.microxplorer.plugins.projectmanager.gui.ProjectSettingsPanel.UpdateDialog(ProjectSettingsPanel.java:245) ~[filemanager.jar:?]
	at com.st.microxplorer.plugins.projectmanager.ProjectManagerView.propertyChange(ProjectManagerView.java:391) ~[filemanager.jar:?]
	at java.beans.PropertyChangeSupport.fire(PropertyChangeSupport.java:343) ~[?:?]
	at java.beans.PropertyChangeSupport.firePropertyChange(PropertyChangeSupport.java:335) ~[?:?]
	at java.beans.PropertyChangeSupport.firePropertyChange(PropertyChangeSupport.java:268) ~[?:?]
	at com.st.microxplorer.util.MXPropertyChangeSupport.firePropertyChange(MXPropertyChangeSupport.java:54) ~[STM32CubeMX.jar:?]
	at com.st.microxplorer.mxsystem.MxSystem.closeConfig(MxSystem.java:900) ~[STM32CubeMX.jar:?]
	at com.st.microxplorer.maingui.MainPanel.closeConfig(MainPanel.java:776) ~[STM32CubeMX.jar:?]
	at com.st.microxplorer.plugins.filemanager.engine.OpenFileManager.loadConfigurationFile(OpenFileManager.java:245) ~[filemanager.jar:?]
	at com.st.microxplorer.plugins.filemanager.engine.MainFileManager.userLoadConfig(MainFileManager.java:315) ~[filemanager.jar:?]
	at com.st.microxplorer.plugins.filemanager.engine.MainFileManager.userLoadConfig(MainFileManager.java:293) ~[filemanager.jar:?]
	at com.st.microxplorer.plugins.filemanager.FileManagerView.getSpecificTask(FileManagerView.java:247) ~[filemanager.jar:?]
	at com.st.stm32cube.common.mx.editor.CubeMxEditor.getMxTabbedPaneInstance(CubeMxEditor.java:1198) ~[com.st.stm32cube.common.mx_6.11.0.202403141607/:?]
	at com.st.stm32cube.common.mx.editor.CubeMxEditor$12$1.createSwingComponent(CubeMxEditor.java:1068) ~[com.st.stm32cube.common.mx_6.11.0.202403141607/:?]
	at com.st.stm32cube.common.mx.oss.core.awtswtbridge.EmbeddedSwingComposite.doComponentCreation(EmbeddedSwingComposite.java:492) ~[com.st.stm32cube.common.mx.oss_6.11.0.202403141607/:?]
	at com.st.stm32cube.common.mx.oss.core.awtswtbridge.EmbeddedSwingComposite$4.run(EmbeddedSwingComposite.java:291) ~[com.st.stm32cube.common.mx.oss_6.11.0.202403141607/:?]
	at com.st.stm32cube.common.mx.oss.core.awtswtbridge.AwtEnvironment$2.run(AwtEnvironment.java:166) ~[com.st.stm32cube.common.mx.oss_6.11.0.202403141607/:?]
	at java.awt.event.InvocationEvent.dispatch(InvocationEvent.java:318) ~[?:?]
	at java.awt.EventQueue.dispatchEventImpl(EventQueue.java:773) ~[?:?]
	at java.awt.EventQueue$4.run(EventQueue.java:720) ~[?:?]
	at java.awt.EventQueue$4.run(EventQueue.java:714) ~[?:?]
	at java.security.AccessController.doPrivileged(AccessController.java:399) ~[?:?]
	at java.security.ProtectionDomain$JavaSecurityAccessImpl.doIntersectionPrivilege(ProtectionDomain.java:86) ~[?:?]
	at java.awt.EventQueue.dispatchEvent(EventQueue.java:742) ~[?:?]
	at java.awt.EventDispatchThread.pumpOneEventForFilters(EventDispatchThread.java:203) ~[?:?]
	at java.awt.EventDispatchThread.pumpEventsForFilter(EventDispatchThread.java:124) ~[?:?]
	at java.awt.EventDispatchThread.pumpEventsForHierarchy(EventDispatchThread.java:113) ~[?:?]
	at java.awt.EventDispatchThread.pumpEvents(EventDispatchThread.java:109) ~[?:?]
	at java.awt.EventDispatchThread.pumpEvents(EventDispatchThread.java:101) ~[?:?]
	at java.awt.EventDispatchThread.run(EventDispatchThread.java:90) ~[?:?]
2024-04-08 01:44:35,274 [WARN] ThirdParty:871 - waiting for thirdparty lock release [close project]
2024-04-08 01:44:35,274 [INFO] ThirdParty:873 - entering critical section [close project]
2024-04-08 01:44:35,274 [INFO] ThirdParty:883 - exiting critical section [close project]
2024-04-08 01:44:35,274 [INFO] PinOutPanel:1561 - setPackage(No Configuration,No Configuration)
2024-04-08 01:44:35,285 [INFO] UtilMem:75 - Begin LoadConfig() Used Memory: 618597728 Bytes (1073741824)
2024-04-08 01:44:35,285 [INFO] MicroXplorer:468 - Change Database Path : 
2024-04-08 01:44:35,285 [INFO] MicroXplorer:498 - Change Database Version : DB.6.0.110
2024-04-08 01:44:35,285 [INFO] OpenFileManager:312 - Change cursor
2024-04-08 01:44:35,300 [INFO] RulesReader:64 - Compatibility file has been processed (297 Rules)
2024-04-08 01:44:35,304 [INFO] Mcu:2021 - Initializing MCU STM32F103C(8-B)Tx STM32F103C8Tx STM32F103C8T6
2024-04-08 01:44:35,758 [INFO] Context:663 - Trying to add GPIOservice into a context  which must be forbidden
2024-04-08 01:44:35,884 [INFO] RtosManager:555 - Registered RTOS mode: class=CMSIS, group=RTOS, mode=CMSIS_V1, owner=FREERTOS
2024-04-08 01:44:35,884 [INFO] RtosManager:555 - Registered RTOS mode: class=CMSIS, group=RTOS2, mode=CMSIS_V2, owner=FREERTOS
2024-04-08 01:44:35,884 [INFO] RtosManager:555 - Registered RTOS mode: class=RTOS, group=Core, mode=CMSIS_V1, owner=FREERTOS
2024-04-08 01:44:35,884 [INFO] RtosManager:555 - Registered RTOS mode: class=RTOS, group=Core, mode=CMSIS_V2, owner=FREERTOS
2024-04-08 01:44:35,884 [WARN] ModelIntegratedComponent:184 - Missing modes for component STMicroelectronics:FreeRTOS:0.0.1:STMicroelectronics:RTOS:FreeRTOS:Core:::10.2.0:
2024-04-08 01:44:35,889 [WARN] ModelIntegratedComponent:63 - No mode defined for component null
2024-04-08 01:44:35,889 [WARN] ModelIntegratedComponent:63 - No mode defined for component null
2024-04-08 01:44:35,889 [WARN] ModelIntegratedComponent:63 - No mode defined for component null
2024-04-08 01:44:35,889 [WARN] ModelIntegratedComponent:63 - No mode defined for component null
2024-04-08 01:44:35,889 [WARN] ModelIntegratedComponent:63 - No mode defined for component null
2024-04-08 01:44:35,889 [WARN] ModelIntegratedComponent:63 - No mode defined for component null
2024-04-08 01:44:35,889 [WARN] ModelIntegratedComponent:63 - No mode defined for component null
2024-04-08 01:44:35,889 [WARN] ModelIntegratedComponent:63 - No mode defined for component null
2024-04-08 01:44:35,889 [WARN] ModelIntegratedComponent:63 - No mode defined for component null
2024-04-08 01:44:35,889 [WARN] ModelIntegratedComponent:63 - No mode defined for component null
2024-04-08 01:44:35,889 [WARN] ModelIntegratedComponent:63 - No mode defined for component null
2024-04-08 01:44:35,889 [WARN] ModelIntegratedComponent:63 - No mode defined for component null
2024-04-08 01:44:35,889 [WARN] ModelIntegratedComponent:63 - No mode defined for component null
2024-04-08 01:44:35,889 [WARN] ModelIntegratedComponent:63 - No mode defined for component null
2024-04-08 01:44:35,889 [WARN] ModelIntegratedComponent:63 - No mode defined for component null
2024-04-08 01:44:35,889 [WARN] ModelIntegratedComponent:63 - No mode defined for component null
2024-04-08 01:44:35,889 [WARN] ModelIntegratedComponent:63 - No mode defined for component null
2024-04-08 01:44:35,889 [WARN] ModelIntegratedComponent:63 - No mode defined for component null
2024-04-08 01:44:35,889 [WARN] ModelIntegratedComponent:63 - No mode defined for component null
2024-04-08 01:44:35,889 [WARN] ModelIntegratedComponent:63 - No mode defined for component null
2024-04-08 01:44:35,889 [WARN] ModelIntegratedComponent:63 - No mode defined for component null
2024-04-08 01:44:35,889 [WARN] ModelIntegratedComponent:63 - No mode defined for component null
2024-04-08 01:44:35,889 [WARN] ModelIntegratedComponent:63 - No mode defined for component null
2024-04-08 01:44:35,889 [WARN] ModelIntegratedComponent:63 - No mode defined for component null
2024-04-08 01:44:35,889 [WARN] ModelIntegratedComponent:63 - No mode defined for component null
2024-04-08 01:44:35,889 [WARN] ModelIntegratedComponent:63 - No mode defined for component null
2024-04-08 01:44:35,889 [WARN] ModelIntegratedComponent:63 - No mode defined for component null
2024-04-08 01:44:35,889 [WARN] ModelIntegratedComponent:63 - No mode defined for component null
2024-04-08 01:44:35,889 [WARN] ModelIntegratedComponent:63 - No mode defined for component null
2024-04-08 01:44:35,889 [WARN] ModelIntegratedComponent:63 - No mode defined for component null
2024-04-08 01:44:35,889 [WARN] ModelIntegratedComponent:63 - No mode defined for component null
2024-04-08 01:44:35,889 [WARN] ModelIntegratedComponent:63 - No mode defined for component null
2024-04-08 01:44:35,889 [WARN] ModelIntegratedComponent:63 - No mode defined for component null
2024-04-08 01:44:35,889 [WARN] ModelIntegratedComponent:63 - No mode defined for component null
2024-04-08 01:44:36,026 [INFO] ThirdPartyModel:298 - Start build external matchings
2024-04-08 01:44:36,252 [INFO] ThirdPartyModel:316 - End build external matchings
2024-04-08 01:44:37,132 [INFO] UtilMem:75 - End LoadConfig() Used Memory: 823894648 Bytes (1073741824)
2024-04-08 01:44:37,161 [WARN] ThirdParty:833 - waiting for thirdparty lock release [change project]
2024-04-08 01:44:37,161 [INFO] ThirdParty:835 - entering critical section [change project]
2024-04-08 01:44:37,161 [INFO] ThirdParty:1030 - CMSIS Pack Vendor :STMicroelectronics USBPD 4.1
2024-04-08 01:44:37,161 [INFO] ThirdParty:1030 - CMSIS Pack Vendor :STMicroelectronics X-CUBE-GNSS1 6.0.0
2024-04-08 01:44:37,161 [INFO] ThirdParty:1030 - CMSIS Pack Vendor :STMicroelectronics USB_HOST 2.0.0
2024-04-08 01:44:37,161 [INFO] ThirdParty:1030 - CMSIS Pack Vendor :STMicroelectronics X-CUBE-AZRTOS-F4 1.1.0
2024-04-08 01:44:37,161 [INFO] ThirdParty:1030 - CMSIS Pack Vendor :STMicroelectronics LIBJPEG 8.0.0
2024-04-08 01:44:37,161 [INFO] ThirdParty:1030 - CMSIS Pack Vendor :STMicroelectronics X-CUBE-SMBUS 2.1.0
2024-04-08 01:44:37,161 [INFO] ThirdParty:1030 - CMSIS Pack Vendor :STMicroelectronics USB_DEVICE 3.0.0
2024-04-08 01:44:37,161 [INFO] ThirdParty:1030 - CMSIS Pack Vendor :STMicroelectronics X-CUBE-AZRTOS-WB 2.0.0
2024-04-08 01:44:37,161 [INFO] ThirdParty:1030 - CMSIS Pack Vendor :STMicroelectronics X-CUBE-TOUCHGFX 4.23.1
2024-04-08 01:44:37,161 [INFO] ThirdParty:1030 - CMSIS Pack Vendor :STMicroelectronics X-CUBE-TOUCHGFX 4.23.2
2024-04-08 01:44:37,161 [INFO] ThirdParty:1030 - CMSIS Pack Vendor :STMicroelectronics X-CUBE-AZRTOS-F7 1.1.0
2024-04-08 01:44:37,161 [INFO] ThirdParty:1030 - CMSIS Pack Vendor :STMicroelectronics X-CUBE-AZRTOS-L5 2.0.0
2024-04-08 01:44:37,161 [INFO] ThirdParty:1030 - CMSIS Pack Vendor :STMicroelectronics USB_DEVICE 2.0.0
2024-04-08 01:44:37,161 [INFO] ThirdParty:1030 - CMSIS Pack Vendor :STMicroelectronics X-CUBE-NFC6 3.1.0
2024-04-08 01:44:37,161 [INFO] ThirdParty:1030 - CMSIS Pack Vendor :STMicroelectronics X-CUBE-ALGOBUILD 1.3.0
2024-04-08 01:44:37,161 [INFO] ThirdParty:1030 - CMSIS Pack Vendor :STMicroelectronics FreeRTOS 0.0.1
2024-04-08 01:44:37,161 [INFO] ThirdParty:1030 - CMSIS Pack Vendor :STMicroelectronics X-CUBE-AZRTOS-G0 1.1.0
2024-04-08 01:44:37,161 [INFO] ThirdParty:1030 - CMSIS Pack Vendor :STMicroelectronics X-CUBE-SAFEA1 1.2.2
2024-04-08 01:44:37,161 [INFO] ThirdParty:1030 - CMSIS Pack Vendor :STMicroelectronics X-CUBE-NFC4 3.0.0
2024-04-08 01:44:37,161 [INFO] ThirdParty:1030 - CMSIS Pack Vendor :STMicroelectronics X-CUBE-SUBG2 5.0.0
2024-04-08 01:44:37,161 [INFO] ThirdParty:1030 - CMSIS Pack Vendor :STMicroelectronics STM32_WPAN 1.0.0
2024-04-08 01:44:37,161 [INFO] ThirdParty:1030 - CMSIS Pack Vendor :STMicroelectronics lwIP 2.0.3
2024-04-08 01:44:37,161 [INFO] ThirdParty:1030 - CMSIS Pack Vendor :STMicroelectronics FP-SNS-FLIGHT1 5.0.2
2024-04-08 01:44:37,161 [INFO] ThirdParty:1030 - CMSIS Pack Vendor :STMicroelectronics USB_HOST 1.0.0
2024-04-08 01:44:37,161 [INFO] ThirdParty:1030 - CMSIS Pack Vendor :STMicroelectronics X-CUBE-AZRTOS-G4 2.0.0
2024-04-08 01:44:37,161 [INFO] ThirdParty:1030 - CMSIS Pack Vendor :STMicroelectronics PDM2PCM 3.1.0
2024-04-08 01:44:37,161 [INFO] ThirdParty:1030 - CMSIS Pack Vendor :Infineon AIROC-Wi-Fi-Bluetooth-STM32 1.5.1
2024-04-08 01:44:37,161 [INFO] ThirdParty:1030 - CMSIS Pack Vendor :STMicroelectronics PDM2PCM 3.3.0
2024-04-08 01:44:37,161 [INFO] ThirdParty:1030 - CMSIS Pack Vendor :STMicroelectronics X-CUBE-DISPLAY 3.0.0
2024-04-08 01:44:37,161 [INFO] ThirdParty:1030 - CMSIS Pack Vendor :wolfSSL I-CUBE-wolfSSL 5.7.0
2024-04-08 01:44:37,161 [INFO] ThirdParty:1030 - CMSIS Pack Vendor :STMicroelectronics FP-SNS-MOTENVWB1 1.3.1
2024-04-08 01:44:37,161 [INFO] ThirdParty:1030 - CMSIS Pack Vendor :STMicroelectronics X-CUBE-BLE1 7.0.0
2024-04-08 01:44:37,161 [INFO] ThirdParty:1030 - CMSIS Pack Vendor :STMicroelectronics FP-ATR-SIGFOX1 3.2.0
2024-04-08 01:44:37,161 [INFO] ThirdParty:1030 - CMSIS Pack Vendor :STMicroelectronics X-CUBE-ISPU 2.0.0
2024-04-08 01:44:37,161 [INFO] ThirdParty:1030 - CMSIS Pack Vendor :STMicroelectronics X-CUBE-EEPRMA1 5.1.0
2024-04-08 01:44:37,161 [INFO] ThirdParty:1030 - CMSIS Pack Vendor :STMicroelectronics HAL Drivers 0.0.0
2024-04-08 01:44:37,161 [INFO] ThirdParty:1030 - CMSIS Pack Vendor :STMicroelectronics MBEDTLS 2.16.2
2024-04-08 01:44:37,161 [INFO] ThirdParty:1030 - CMSIS Pack Vendor :emotas I-CUBE-CANOPEN 1.3.0
2024-04-08 01:44:37,161 [INFO] ThirdParty:1030 - CMSIS Pack Vendor :STMicroelectronics X-CUBE-MEMS1 10.0.0
2024-04-08 01:44:37,161 [INFO] ThirdParty:1030 - CMSIS Pack Vendor :STMicroelectronics X-CUBE-FREERTOS 1.1.0
2024-04-08 01:44:37,161 [INFO] ThirdParty:1030 - CMSIS Pack Vendor :STMicroelectronics X-CUBE-NFC7 1.0.1
2024-04-08 01:44:37,161 [INFO] ThirdParty:1030 - CMSIS Pack Vendor :STMicroelectronics MBEDTLS 2.14.1
2024-04-08 01:44:37,161 [INFO] ThirdParty:1030 - CMSIS Pack Vendor :ITTIA_DB I-CUBE-ITTIADB 8.9.0
2024-04-08 01:44:37,161 [INFO] ThirdParty:1030 - CMSIS Pack Vendor :portGmbH I-Cube-SoM-uGOAL 1.1.0
2024-04-08 01:44:37,161 [INFO] ThirdParty:1030 - CMSIS Pack Vendor :STMicroelectronics X-CUBE-ALS 1.0.1
2024-04-08 01:44:37,161 [INFO] ThirdParty:1030 - CMSIS Pack Vendor :STMicroelectronics X-CUBE-BLEMGR 3.1.0
2024-04-08 01:44:37,161 [INFO] ThirdParty:1030 - CMSIS Pack Vendor :STMicroelectronics ThreadX 1.0.0
2024-04-08 01:44:37,161 [INFO] ThirdParty:1030 - CMSIS Pack Vendor :STMicroelectronics FP-SNS-SMARTAG2 1.2.0
2024-04-08 01:44:37,161 [INFO] ThirdParty:1030 - CMSIS Pack Vendor :STMicroelectronics X-CUBE-AZRTOS-WL 2.0.0
2024-04-08 01:44:37,161 [INFO] ThirdParty:1030 - CMSIS Pack Vendor :SEGGER I-CUBE-embOS 1.3.1
2024-04-08 01:44:37,161 [INFO] ThirdParty:1030 - CMSIS Pack Vendor :STMicroelectronics FP-SNS-MOTENV1 5.0.0
2024-04-08 01:44:37,161 [INFO] ThirdParty:1030 - CMSIS Pack Vendor :STMicroelectronics USB_DEVICE 1.0.0
2024-04-08 01:44:37,161 [INFO] ThirdParty:1030 - CMSIS Pack Vendor :STMicroelectronics X-CUBE-AI 8.1.0
2024-04-08 01:44:37,161 [INFO] ThirdParty:1030 - CMSIS Pack Vendor :STMicroelectronics X-CUBE-AZRTOS-L4 2.0.0
2024-04-08 01:44:37,161 [INFO] ThirdParty:1030 - CMSIS Pack Vendor :STMicroelectronics ThreadX 0.0.2
2024-04-08 01:44:37,162 [INFO] ThirdParty:1030 - CMSIS Pack Vendor :WES I-CUBE-Cesium 1.3.0
2024-04-08 01:44:37,162 [INFO] ThirdParty:1030 - CMSIS Pack Vendor :STMicroelectronics FP-ATR-ASTRA1 2.0.0
2024-04-08 01:44:37,162 [INFO] ThirdParty:1030 - CMSIS Pack Vendor :STMicroelectronics lwIP 2.1.2
2024-04-08 01:44:37,162 [INFO] ThirdParty:1030 - CMSIS Pack Vendor :STMicroelectronics X-CUBE-SFXS2LP1 4.0.0
2024-04-08 01:44:37,162 [INFO] ThirdParty:1030 - CMSIS Pack Vendor :STMicroelectronics X-CUBE-BLE2 3.3.0
2024-04-08 01:44:37,162 [INFO] ThirdParty:1030 - CMSIS Pack Vendor :STMicroelectronics X-CUBE-TOF1 3.4.1
2024-04-08 01:44:37,162 [INFO] ThirdParty:1030 - CMSIS Pack Vendor :STMicroelectronics X-CUBE-AZRTOS-H7 3.2.0
2024-04-08 01:44:37,162 [INFO] ThirdParty:1030 - CMSIS Pack Vendor :STMicroelectronics PDM2PCM 3.2.0
2024-04-08 01:44:37,162 [INFO] ThirdParty:841 - exiting critical section [change project]
2024-04-08 01:44:37,231 [INFO] PinOutPanel:1561 - setPackage(No Configuration,No Configuration)
2024-04-08 01:44:37,232 [INFO] PinOutPanel:1561 - setPackage(STM32F103C8Tx,LQFP48)
2024-04-08 01:44:37,350 [INFO] UtilMem:75 - Before build in PCC Used Memory: 614641640 Bytes (1073741824)
2024-04-08 01:44:37,513 [INFO] UtilMem:75 - After build in PCC Used Memory: 657633256 Bytes (1073741824)
2024-04-08 01:44:37,528 [INFO] IPUIPlugin:80 - create IPUIPlugin
2024-04-08 01:44:37,528 [INFO] IPUIPlugin:80 - create IPUIPlugin
2024-04-08 01:44:37,528 [INFO] IPUIPlugin:80 - create IPUIPlugin
2024-04-08 01:44:37,529 [INFO] IPUIPlugin:80 - create IPUIPlugin
2024-04-08 01:44:37,529 [INFO] IPUIPlugin:80 - create IPUIPlugin
2024-04-08 01:44:37,529 [INFO] IPUIPlugin:80 - create IPUIPlugin
2024-04-08 01:44:37,529 [INFO] IPUIPlugin:80 - create IPUIPlugin
2024-04-08 01:44:37,529 [INFO] IPUIPlugin:80 - create IPUIPlugin
2024-04-08 01:44:37,529 [INFO] IPUIPlugin:80 - create IPUIPlugin
2024-04-08 01:44:37,529 [INFO] IPUIPlugin:80 - create IPUIPlugin
2024-04-08 01:44:37,529 [INFO] IPUIPlugin:80 - create IPUIPlugin
2024-04-08 01:44:37,529 [INFO] IPUIPlugin:80 - create IPUIPlugin
2024-04-08 01:44:37,530 [INFO] IPUIPlugin:80 - create IPUIPlugin
2024-04-08 01:44:37,530 [INFO] IPUIPlugin:80 - create IPUIPlugin
2024-04-08 01:44:37,530 [INFO] IPUIPlugin:80 - create IPUIPlugin
2024-04-08 01:44:37,530 [INFO] IPUIPlugin:80 - create IPUIPlugin
2024-04-08 01:44:37,530 [INFO] IPUIPlugin:80 - create IPUIPlugin
2024-04-08 01:44:37,530 [INFO] IPUIPlugin:80 - create IPUIPlugin
2024-04-08 01:44:37,530 [INFO] IPUIPlugin:80 - create IPUIPlugin
2024-04-08 01:44:37,530 [INFO] IPUIPlugin:80 - create IPUIPlugin
2024-04-08 01:44:37,530 [INFO] IPUIPlugin:80 - create IPUIPlugin
2024-04-08 01:44:37,530 [INFO] IPUIPlugin:80 - create IPUIPlugin
2024-04-08 01:44:37,531 [INFO] IPUIPlugin:80 - create IPUIPlugin
2024-04-08 01:44:37,531 [INFO] IPUIPlugin:80 - create IPUIPlugin
2024-04-08 01:44:37,531 [INFO] IPUIPlugin:80 - create IPUIPlugin
2024-04-08 01:44:37,531 [INFO] IPUIPlugin:80 - create IPUIPlugin
2024-04-08 01:44:37,531 [INFO] IPUIPlugin:80 - create IPUIPlugin
2024-04-08 01:44:37,562 [INFO] CADModel:165 - CPN selected for project levelSTM32F103C8T6
2024-04-08 01:44:37,562 [INFO] CADModel:114 - Register for checkConnection events
2024-04-08 01:44:37,610 [INFO] OpenFileManager:343 - Restore cursor
2024-04-08 01:44:42,862 [ERROR] LogOutputStream:75 - [STDERR_REDIRECT] 
